0:0:0:0:0:0:0:1 -  -  [15/Jul/2015:05:19:07 +0000] "GET /maps HTTP/1.1" 404 288 
0:0:0:0:0:0:0:1 -  -  [15/Jul/2015:05:19:09 +0000] "GET / HTTP/1.1" 200 2708 
0:0:0:0:0:0:0:1 -  -  [15/Jul/2015:05:19:12 +0000] "GET /googleMaps.html HTTP/1.1" 200 20369 
0:0:0:0:0:0:0:1 -  -  [15/Jul/2015:05:19:12 +0000] "GET /javascript/dis.js HTTP/1.1" 200 439889 
0:0:0:0:0:0:0:1 -  -  [15/Jul/2015:05:20:09 +0000] "GET /googleMaps.html HTTP/1.1" 200 20369 
0:0:0:0:0:0:0:1 -  -  [15/Jul/2015:05:20:09 +0000] "GET /javascript/dis.js HTTP/1.1" 200 439889 
0:0:0:0:0:0:0:1 -  -  [15/Jul/2015:05:21:08 +0000] "GET /googleMaps.html HTTP/1.1" 200 20369 
0:0:0:0:0:0:0:1 -  -  [15/Jul/2015:05:21:08 +0000] "GET /javascript/dis.js HTTP/1.1" 200 439889 
0:0:0:0:0:0:0:1 -  -  [15/Jul/2015:05:22:21 +0000] "GET /googleMaps.html HTTP/1.1" 200 20368 
0:0:0:0:0:0:0:1 -  -  [15/Jul/2015:05:22:21 +0000] "GET /javascript/dis.js HTTP/1.1" 200 439889 
0:0:0:0:0:0:0:1 -  -  [15/Jul/2015:05:22:21 +0000] "GET / HTTP/1.1" 101 - 
0:0:0:0:0:0:0:1 -  -  [15/Jul/2015:05:23:18 +0000] "GET / HTTP/1.1" 200 2708 
0:0:0:0:0:0:0:1 -  -  [15/Jul/2015:05:23:25 +0000] "GET /googleMaps.html HTTP/1.1" 200 20368 
0:0:0:0:0:0:0:1 -  -  [15/Jul/2015:05:23:25 +0000] "GET /javascript/dis.js HTTP/1.1" 200 439889 
0:0:0:0:0:0:0:1 -  -  [15/Jul/2015:05:23:25 +0000] "GET / HTTP/1.1" 101 - 
0:0:0:0:0:0:0:1 -  -  [15/Jul/2015:05:25:22 +0000] "GET /googleMaps.html HTTP/1.1" 200 20368 
0:0:0:0:0:0:0:1 -  -  [15/Jul/2015:05:25:22 +0000] "GET /javascript/dis.js HTTP/1.1" 200 439889 
0:0:0:0:0:0:0:1 -  -  [15/Jul/2015:05:25:22 +0000] "GET / HTTP/1.1" 101 - 
0:0:0:0:0:0:0:1 -  -  [15/Jul/2015:16:58:35 +0000] "GET / HTTP/1.1" 200 2708 
0:0:0:0:0:0:0:1 -  -  [15/Jul/2015:16:58:37 +0000] "GET /googleMaps.html HTTP/1.1" 200 20368 
0:0:0:0:0:0:0:1 -  -  [15/Jul/2015:16:58:37 +0000] "GET /javascript/dis.js HTTP/1.1" 200 439889 
0:0:0:0:0:0:0:1 -  -  [15/Jul/2015:16:58:38 +0000] "GET / HTTP/1.1" 101 - 
0:0:0:0:0:0:0:1 -  -  [15/Jul/2015:16:59:58 +0000] "GET /googleMaps.html HTTP/1.1" 200 20368 
0:0:0:0:0:0:0:1 -  -  [15/Jul/2015:16:59:58 +0000] "GET /javascript/dis.js HTTP/1.1" 200 439889 
0:0:0:0:0:0:0:1 -  -  [15/Jul/2015:16:59:59 +0000] "GET / HTTP/1.1" 101 - 
