0:0:0:0:0:0:0:1 -  -  [29/Nov/2016:05:06:50 +0000] "GET / HTTP/1.1" 200 3471 
0:0:0:0:0:0:0:1 -  -  [29/Nov/2016:05:06:55 +0000] "GET /googleMaps.html HTTP/1.1" 200 12612 
0:0:0:0:0:0:0:1 -  -  [29/Nov/2016:05:06:55 +0000] "GET /javascript/dis.js HTTP/1.1" 200 458224 
0:0:0:0:0:0:0:1 -  -  [29/Nov/2016:05:06:56 +0000] "GET / HTTP/1.1" 101 - 
0:0:0:0:0:0:0:1 -  -  [29/Nov/2016:05:06:59 +0000] "GET / HTTP/1.1" 200 3471 
0:0:0:0:0:0:0:1 -  -  [29/Nov/2016:05:07:02 +0000] "GET /constructive.html HTTP/1.1" 200 12534 
0:0:0:0:0:0:0:1 -  -  [29/Nov/2016:05:07:02 +0000] "GET /javascript/dis.js HTTP/1.1" 200 458224 
0:0:0:0:0:0:0:1 -  -  [29/Nov/2016:05:07:02 +0000] "GET / HTTP/1.1" 101 - 
0:0:0:0:0:0:0:1 -  -  [29/Nov/2016:05:27:58 +0000] "GET /constructive.html HTTP/1.1" 200 12534 
0:0:0:0:0:0:0:1 -  -  [29/Nov/2016:05:27:58 +0000] "GET /javascript/dis.js HTTP/1.1" 200 458224 
0:0:0:0:0:0:0:1 -  -  [29/Nov/2016:05:27:58 +0000] "GET / HTTP/1.1" 101 - 
0:0:0:0:0:0:0:1 -  -  [29/Nov/2016:05:28:10 +0000] "GET / HTTP/1.1" 200 3471 
0:0:0:0:0:0:0:1 -  -  [29/Nov/2016:05:28:11 +0000] "GET /googleMaps.html HTTP/1.1" 200 12612 
0:0:0:0:0:0:0:1 -  -  [29/Nov/2016:05:28:11 +0000] "GET /javascript/dis.js HTTP/1.1" 200 458224 
0:0:0:0:0:0:0:1 -  -  [29/Nov/2016:05:28:11 +0000] "GET / HTTP/1.1" 101 - 
0:0:0:0:0:0:0:1 -  -  [29/Nov/2016:16:04:40 +0000] "GET / HTTP/1.1" 200 3471 
0:0:0:0:0:0:0:1 -  -  [29/Nov/2016:16:04:44 +0000] "GET /googleMaps.html HTTP/1.1" 200 12612 
0:0:0:0:0:0:0:1 -  -  [29/Nov/2016:16:04:44 +0000] "GET /javascript/dis.js HTTP/1.1" 200 458224 
0:0:0:0:0:0:0:1 -  -  [29/Nov/2016:16:04:45 +0000] "GET / HTTP/1.1" 101 - 
0:0:0:0:0:0:0:1 -  -  [29/Nov/2016:16:04:47 +0000] "GET / HTTP/1.1" 200 3471 
0:0:0:0:0:0:0:1 -  -  [29/Nov/2016:16:04:49 +0000] "GET /constructive.html HTTP/1.1" 200 12534 
0:0:0:0:0:0:0:1 -  -  [29/Nov/2016:16:04:49 +0000] "GET /javascript/dis.js HTTP/1.1" 200 458224 
0:0:0:0:0:0:0:1 -  -  [29/Nov/2016:16:04:49 +0000] "GET / HTTP/1.1" 101 - 
0:0:0:0:0:0:0:1 -  -  [29/Nov/2016:16:06:18 +0000] "GET /googleMaps.html HTTP/1.1" 200 12612 
0:0:0:0:0:0:0:1 -  -  [29/Nov/2016:16:06:18 +0000] "GET /javascript/dis.js HTTP/1.1" 200 458224 
0:0:0:0:0:0:0:1 -  -  [29/Nov/2016:16:06:18 +0000] "GET / HTTP/1.1" 101 - 
0:0:0:0:0:0:0:1 -  -  [29/Nov/2016:16:06:27 +0000] "GET /constructive.html HTTP/1.1" 200 12534 
0:0:0:0:0:0:0:1 -  -  [29/Nov/2016:16:06:27 +0000] "GET /javascript/dis.js HTTP/1.1" 200 458224 
0:0:0:0:0:0:0:1 -  -  [29/Nov/2016:16:06:27 +0000] "GET / HTTP/1.1" 101 - 
0:0:0:0:0:0:0:1 -  -  [29/Nov/2016:16:09:36 +0000] "GET /googleMaps.html HTTP/1.1" 200 12612 
0:0:0:0:0:0:0:1 -  -  [29/Nov/2016:16:09:36 +0000] "GET /javascript/dis.js HTTP/1.1" 200 458224 
0:0:0:0:0:0:0:1 -  -  [29/Nov/2016:16:09:36 +0000] "GET / HTTP/1.1" 101 - 
0:0:0:0:0:0:0:1 -  -  [29/Nov/2016:16:09:59 +0000] "GET /googleMaps.html HTTP/1.1" 200 12612 
0:0:0:0:0:0:0:1 -  -  [29/Nov/2016:16:09:59 +0000] "GET /javascript/dis.js HTTP/1.1" 200 458224 
0:0:0:0:0:0:0:1 -  -  [29/Nov/2016:16:09:59 +0000] "GET / HTTP/1.1" 101 - 
0:0:0:0:0:0:0:1 -  -  [29/Nov/2016:16:10:03 +0000] "GET /constructive.html HTTP/1.1" 200 12534 
0:0:0:0:0:0:0:1 -  -  [29/Nov/2016:16:10:03 +0000] "GET /javascript/dis.js HTTP/1.1" 200 458224 
0:0:0:0:0:0:0:1 -  -  [29/Nov/2016:16:10:03 +0000] "GET / HTTP/1.1" 101 - 
0:0:0:0:0:0:0:1 -  -  [29/Nov/2016:16:14:58 +0000] "GET /googleMaps.html HTTP/1.1" 200 12612 
0:0:0:0:0:0:0:1 -  -  [29/Nov/2016:16:14:58 +0000] "GET /javascript/dis.js HTTP/1.1" 200 458224 
0:0:0:0:0:0:0:1 -  -  [29/Nov/2016:16:14:59 +0000] "GET / HTTP/1.1" 101 - 
0:0:0:0:0:0:0:1 -  -  [29/Nov/2016:16:17:29 +0000] "GET /googleMaps.html HTTP/1.1" 200 12612 
0:0:0:0:0:0:0:1 -  -  [29/Nov/2016:16:17:29 +0000] "GET /javascript/dis.js HTTP/1.1" 200 458224 
0:0:0:0:0:0:0:1 -  -  [29/Nov/2016:16:17:29 +0000] "GET / HTTP/1.1" 101 - 
0:0:0:0:0:0:0:1 -  -  [29/Nov/2016:16:17:33 +0000] "GET /constructive.html HTTP/1.1" 200 12534 
0:0:0:0:0:0:0:1 -  -  [29/Nov/2016:16:17:33 +0000] "GET /javascript/dis.js HTTP/1.1" 200 458224 
0:0:0:0:0:0:0:1 -  -  [29/Nov/2016:16:17:33 +0000] "GET / HTTP/1.1" 101 - 
0:0:0:0:0:0:0:1 -  -  [29/Nov/2016:16:25:15 +0000] "GET /googleMaps.html HTTP/1.1" 200 12612 
0:0:0:0:0:0:0:1 -  -  [29/Nov/2016:16:25:15 +0000] "GET /javascript/dis.js HTTP/1.1" 200 458224 
0:0:0:0:0:0:0:1 -  -  [29/Nov/2016:16:25:16 +0000] "GET / HTTP/1.1" 101 - 
0:0:0:0:0:0:0:1 -  -  [29/Nov/2016:16:26:35 +0000] "GET /googleMaps.html HTTP/1.1" 200 12612 
0:0:0:0:0:0:0:1 -  -  [29/Nov/2016:16:26:35 +0000] "GET /javascript/dis.js HTTP/1.1" 200 458224 
0:0:0:0:0:0:0:1 -  -  [29/Nov/2016:16:26:35 +0000] "GET / HTTP/1.1" 101 - 
0:0:0:0:0:0:0:1 -  -  [29/Nov/2016:16:30:22 +0000] "GET /constructive.html HTTP/1.1" 200 12534 
0:0:0:0:0:0:0:1 -  -  [29/Nov/2016:16:30:22 +0000] "GET /javascript/dis.js HTTP/1.1" 200 458224 
0:0:0:0:0:0:0:1 -  -  [29/Nov/2016:16:30:22 +0000] "GET / HTTP/1.1" 101 - 
