0:0:0:0:0:0:0:1 -  -  [02/Oct/2015:02:56:29 +0000] "GET /geolocation-orientation.html HTTP/1.1" 200 1592 
0:0:0:0:0:0:0:1 -  -  [02/Oct/2015:02:56:29 +0000] "GET /resources/common.js HTTP/1.1" 200 2844 
0:0:0:0:0:0:0:1 -  -  [02/Oct/2015:02:56:29 +0000] "GET /loader.js?id=geolocation-orientation HTTP/1.1" 404 293 
0:0:0:0:0:0:0:1 -  -  [02/Oct/2015:02:56:29 +0000] "GET /openLayers_v3.9.0/css/ol.css HTTP/1.1" 200 3726 
0:0:0:0:0:0:0:1 -  -  [02/Oct/2015:02:56:29 +0000] "GET /openLayers_v3.9.0/examples/resources/layout.css HTTP/1.1" 200 1580 
0:0:0:0:0:0:0:1 -  -  [02/Oct/2015:02:56:29 +0000] "GET /data/geolocation_marker.png HTTP/1.1" 200 829 
0:0:0:0:0:0:0:1 -  -  [02/Oct/2015:02:56:30 +0000] "GET /openLayers_v3.9.0/examples/resources/map-background.jpg HTTP/1.1" 200 3445 
0:0:0:0:0:0:0:1 -  -  [02/Oct/2015:02:56:49 +0000] "GET /geolocation-orientation.html HTTP/1.1" 200 1592 
0:0:0:0:0:0:0:1 -  -  [02/Oct/2015:02:56:49 +0000] "GET /openLayers_v3.9.0/css/ol.css HTTP/1.1" 200 3726 
0:0:0:0:0:0:0:1 -  -  [02/Oct/2015:02:56:49 +0000] "GET /openLayers_v3.9.0/examples/resources/layout.css HTTP/1.1" 200 1580 
0:0:0:0:0:0:0:1 -  -  [02/Oct/2015:02:56:49 +0000] "GET /resources/common.js HTTP/1.1" 200 2844 
0:0:0:0:0:0:0:1 -  -  [02/Oct/2015:02:56:49 +0000] "GET /data/geolocation_marker.png HTTP/1.1" 200 829 
0:0:0:0:0:0:0:1 -  -  [02/Oct/2015:02:56:49 +0000] "GET /loader.js?id=geolocation-orientation HTTP/1.1" 404 293 
0:0:0:0:0:0:0:1 -  -  [02/Oct/2015:02:56:56 +0000] "GET /openLayers_v3.9.0/examples/resources/map-background.jpg HTTP/1.1" 200 3445 
0:0:0:0:0:0:0:1 -  -  [02/Oct/2015:02:57:33 +0000] "GET /geolocation-orientation.html HTTP/1.1" 200 1592 
0:0:0:0:0:0:0:1 -  -  [02/Oct/2015:02:57:33 +0000] "GET /openLayers_v3.9.0/examples/resources/layout.css HTTP/1.1" 200 1580 
0:0:0:0:0:0:0:1 -  -  [02/Oct/2015:02:57:33 +0000] "GET /openLayers_v3.9.0/css/ol.css HTTP/1.1" 200 3726 
0:0:0:0:0:0:0:1 -  -  [02/Oct/2015:02:57:33 +0000] "GET /data/geolocation_marker.png HTTP/1.1" 200 829 
0:0:0:0:0:0:0:1 -  -  [02/Oct/2015:02:57:33 +0000] "GET /loader.js?id=geolocation-orientation HTTP/1.1" 200 2482 
0:0:0:0:0:0:0:1 -  -  [02/Oct/2015:02:57:33 +0000] "GET /resources/common.js HTTP/1.1" 200 2844 
0:0:0:0:0:0:0:1 -  -  [02/Oct/2015:02:57:33 +0000] "GET /build/ol.js HTTP/1.1" 404 295 
0:0:0:0:0:0:0:1 -  -  [02/Oct/2015:02:57:33 +0000] "GET /openLayers_v3.9.0/examples/resources/map-background.jpg HTTP/1.1" 200 3445 
0:0:0:0:0:0:0:1 -  -  [02/Oct/2015:02:57:33 +0000] "GET /geolocation-orientation.js HTTP/1.1" 200 6160 
0:0:0:0:0:0:0:1 -  -  [02/Oct/2015:02:59:34 +0000] "GET /geolocation.html HTTP/1.1" 404 300 
0:0:0:0:0:0:0:1 -  -  [02/Oct/2015:02:59:47 +0000] "GET /examples/geolocation.html HTTP/1.1" 404 309 
0:0:0:0:0:0:0:1 -  -  [02/Oct/2015:03:00:12 +0000] "GET /openLayers_v3.9.0/examples/geolocation.html HTTP/1.1" 200 11983 
0:0:0:0:0:0:0:1 -  -  [02/Oct/2015:03:00:12 +0000] "GET /openLayers_v3.9.0/examples/resources/prism/prism.css HTTP/1.1" 200 2254 
0:0:0:0:0:0:0:1 -  -  [02/Oct/2015:03:00:12 +0000] "GET /openLayers_v3.9.0/css/ol.css HTTP/1.1" 200 3726 
0:0:0:0:0:0:0:1 -  -  [02/Oct/2015:03:00:12 +0000] "GET /openLayers_v3.9.0/examples/resources/layout.css HTTP/1.1" 200 1580 
0:0:0:0:0:0:0:1 -  -  [02/Oct/2015:03:00:12 +0000] "GET /openLayers_v3.9.0/examples/resources/zeroclipboard/ZeroClipboard.min.js HTTP/1.1" 200 29911 
0:0:0:0:0:0:0:1 -  -  [02/Oct/2015:03:00:12 +0000] "GET /openLayers_v3.9.0/examples/resources/logo-70x70.png HTTP/1.1" 200 5732 
0:0:0:0:0:0:0:1 -  -  [02/Oct/2015:03:00:12 +0000] "GET /openLayers_v3.9.0/examples/resources/common.js HTTP/1.1" 200 2844 
0:0:0:0:0:0:0:1 -  -  [02/Oct/2015:03:00:12 +0000] "GET /openLayers_v3.9.0/examples/resources/prism/prism.min.js HTTP/1.1" 200 7942 
0:0:0:0:0:0:0:1 -  -  [02/Oct/2015:03:00:12 +0000] "GET /openLayers_v3.9.0/examples/loader.js?id=geolocation HTTP/1.1" 200 2482 
0:0:0:0:0:0:0:1 -  -  [02/Oct/2015:03:00:12 +0000] "GET /openLayers_v3.9.0/examples/resources/map-background.jpg HTTP/1.1" 200 3445 
0:0:0:0:0:0:0:1 -  -  [02/Oct/2015:03:00:12 +0000] "GET /openLayers_v3.9.0/examples/resources/zeroclipboard/ZeroClipboard.min.map HTTP/1.1" 200 129271 
0:0:0:0:0:0:0:1 -  -  [02/Oct/2015:03:00:12 +0000] "GET /openLayers_v3.9.0/examples/geolocation.js HTTP/1.1" 200 1976 
0:0:0:0:0:0:0:1 -  -  [02/Oct/2015:03:00:12 +0000] "GET /openLayers_v3.9.0/build/ol.js HTTP/1.1" 200 481987 
0:0:0:0:0:0:0:1 -  -  [02/Oct/2015:03:00:13 +0000] "GET /openLayers_v3.9.0/examples/resources/zeroclipboard/ZeroClipboard.swf?noCache=1443754812688 HTTP/1.1" 200 6580 
0:0:0:0:0:0:0:1 -  -  [02/Oct/2015:03:01:13 +0000] "GET /openLayers_v3.9.0/examples/geolocation.html?mode=raw HTTP/1.1" 200 11983 
0:0:0:0:0:0:0:1 -  -  [02/Oct/2015:03:01:13 +0000] "GET /openLayers_v3.9.0/examples/resources/prism/prism.css HTTP/1.1" 200 2254 
0:0:0:0:0:0:0:1 -  -  [02/Oct/2015:03:01:13 +0000] "GET /openLayers_v3.9.0/css/ol.css HTTP/1.1" 200 3726 
0:0:0:0:0:0:0:1 -  -  [02/Oct/2015:03:01:13 +0000] "GET /openLayers_v3.9.0/examples/resources/zeroclipboard/ZeroClipboard.min.js HTTP/1.1" 200 29911 
0:0:0:0:0:0:0:1 -  -  [02/Oct/2015:03:01:13 +0000] "GET /openLayers_v3.9.0/examples/resources/layout.css HTTP/1.1" 200 1580 
0:0:0:0:0:0:0:1 -  -  [02/Oct/2015:03:01:13 +0000] "GET /openLayers_v3.9.0/examples/loader.js?id=geolocation HTTP/1.1" 200 2482 
0:0:0:0:0:0:0:1 -  -  [02/Oct/2015:03:01:13 +0000] "GET /openLayers_v3.9.0/examples/resources/prism/prism.min.js HTTP/1.1" 200 7942 
0:0:0:0:0:0:0:1 -  -  [02/Oct/2015:03:01:13 +0000] "GET /openLayers_v3.9.0/examples/resources/logo-70x70.png HTTP/1.1" 200 5732 
0:0:0:0:0:0:0:1 -  -  [02/Oct/2015:03:01:13 +0000] "GET /openLayers_v3.9.0/examples/resources/common.js HTTP/1.1" 200 2844 
0:0:0:0:0:0:0:1 -  -  [02/Oct/2015:03:01:13 +0000] "GET /openLayers_v3.9.0/examples/resources/zeroclipboard/ZeroClipboard.min.map HTTP/1.1" 200 129271 
0:0:0:0:0:0:0:1 -  -  [02/Oct/2015:03:01:13 +0000] "GET /openLayers_v3.9.0/examples/resources/map-background.jpg HTTP/1.1" 200 3445 
0:0:0:0:0:0:0:1 -  -  [02/Oct/2015:03:01:13 +0000] "GET /openLayers_v3.9.0/examples/geolocation-require.js HTTP/1.1" 200 426 
0:0:0:0:0:0:0:1 -  -  [02/Oct/2015:03:01:13 +0000] "GET /openLayers_v3.9.0/examples/geolocation.js HTTP/1.1" 200 1976 
0:0:0:0:0:0:0:1 -  -  [02/Oct/2015:03:01:13 +0000] "GET /openLayers_v3.9.0/closure-library/closure/goog/base.js HTTP/1.1" 200 82269 
0:0:0:0:0:0:0:1 -  -  [02/Oct/2015:03:01:13 +0000] "GET /openLayers_v3.9.0/build/ol-deps.js HTTP/1.1" 200 511709 
0:0:0:0:0:0:0:1 -  -  [02/Oct/2015:03:01:13 +0000] "GET /openLayers_v3.9.0/examples/resources/zeroclipboard/ZeroClipboard.swf?noCache=1443754873878 HTTP/1.1" 200 6580 
0:0:0:0:0:0:0:1 -  -  [02/Oct/2015:03:01:14 +0000] "GET /openLayers_v3.9.0/closure-library/closure/goog/debug/error.js HTTP/1.1" 200 1797 
0:0:0:0:0:0:0:1 -  -  [02/Oct/2015:03:01:14 +0000] "GET /openLayers_v3.9.0/closure-library/closure/goog/dom/nodetype.js HTTP/1.1" 200 1449 
0:0:0:0:0:0:0:1 -  -  [02/Oct/2015:03:01:14 +0000] "GET /openLayers_v3.9.0/closure-library/closure/goog/debug/entrypointregistry.js HTTP/1.1" 200 5490 
0:0:0:0:0:0:0:1 -  -  [02/Oct/2015:03:01:14 +0000] "GET /openLayers_v3.9.0/closure-library/closure/goog/asserts/asserts.js HTTP/1.1" 200 13557 
0:0:0:0:0:0:0:1 -  -  [02/Oct/2015:03:01:14 +0000] "GET /openLayers_v3.9.0/closure-library/closure/goog/string/string.js HTTP/1.1" 200 50002 
0:0:0:0:0:0:0:1 -  -  [02/Oct/2015:03:01:14 +0000] "GET /openLayers_v3.9.0/closure-library/closure/goog/labs/useragent/util.js HTTP/1.1" 200 4291 
0:0:0:0:0:0:0:1 -  -  [02/Oct/2015:03:01:14 +0000] "GET /openLayers_v3.9.0/closure-library/closure/goog/labs/useragent/browser.js HTTP/1.1" 200 10655 
0:0:0:0:0:0:0:1 -  -  [02/Oct/2015:03:01:14 +0000] "GET /openLayers_v3.9.0/closure-library/closure/goog/events/browserfeature.js HTTP/1.1" 200 2799 
0:0:0:0:0:0:0:1 -  -  [02/Oct/2015:03:01:14 +0000] "GET /openLayers_v3.9.0/closure-library/closure/goog/labs/useragent/platform.js HTTP/1.1" 200 4985 
0:0:0:0:0:0:0:1 -  -  [02/Oct/2015:03:01:14 +0000] "GET /openLayers_v3.9.0/closure-library/closure/goog/labs/useragent/engine.js HTTP/1.1" 200 4752 
0:0:0:0:0:0:0:1 -  -  [02/Oct/2015:03:01:14 +0000] "GET /openLayers_v3.9.0/closure-library/closure/goog/disposable/idisposable.js HTTP/1.1" 200 1445 
0:0:0:0:0:0:0:1 -  -  [02/Oct/2015:03:01:14 +0000] "GET /openLayers_v3.9.0/closure-library/closure/goog/object/object.js HTTP/1.1" 200 19612 
0:0:0:0:0:0:0:1 -  -  [02/Oct/2015:03:01:14 +0000] "GET /openLayers_v3.9.0/closure-library/closure/goog/events/eventid.js HTTP/1.1" 200 1347 
0:0:0:0:0:0:0:1 -  -  [02/Oct/2015:03:01:14 +0000] "GET /openLayers_v3.9.0/closure-library/closure/goog/useragent/useragent.js HTTP/1.1" 200 15842 
0:0:0:0:0:0:0:1 -  -  [02/Oct/2015:03:01:14 +0000] "GET /openLayers_v3.9.0/closure-library/closure/goog/disposable/disposable.js HTTP/1.1" 200 9278 
0:0:0:0:0:0:0:1 -  -  [02/Oct/2015:03:01:14 +0000] "GET /openLayers_v3.9.0/closure-library/closure/goog/events/eventtype.js HTTP/1.1" 200 7246 
0:0:0:0:0:0:0:1 -  -  [02/Oct/2015:03:01:14 +0000] "GET /openLayers_v3.9.0/closure-library/closure/goog/reflect/reflect.js HTTP/1.1" 200 2245 
0:0:0:0:0:0:0:1 -  -  [02/Oct/2015:03:01:14 +0000] "GET /openLayers_v3.9.0/closure-library/closure/goog/events/event.js HTTP/1.1" 200 4224 
0:0:0:0:0:0:0:1 -  -  [02/Oct/2015:03:01:14 +0000] "GET /openLayers_v3.9.0/closure-library/closure/goog/array/array.js HTTP/1.1" 200 59007 
0:0:0:0:0:0:0:1 -  -  [02/Oct/2015:03:01:14 +0000] "GET /openLayers_v3.9.0/closure-library/closure/goog/events/browserevent.js HTTP/1.1" 200 11936 
0:0:0:0:0:0:0:1 -  -  [02/Oct/2015:03:01:14 +0000] "GET /openLayers_v3.9.0/closure-library/closure/goog/events/listener.js HTTP/1.1" 200 3547 
0:0:0:0:0:0:0:1 -  -  [02/Oct/2015:03:01:14 +0000] "GET /openLayers_v3.9.0/closure-library/closure/goog/events/listenable.js HTTP/1.1" 200 10835 
0:0:0:0:0:0:0:1 -  -  [02/Oct/2015:03:01:14 +0000] "GET /openLayers_v3.9.0/closure-library/closure/goog/events/listenermap.js HTTP/1.1" 200 9721 
0:0:0:0:0:0:0:1 -  -  [02/Oct/2015:03:01:14 +0000] "GET /openLayers_v3.9.0/ol/ol/observable.js HTTP/1.1" 200 3225 
0:0:0:0:0:0:0:1 -  -  [02/Oct/2015:03:01:14 +0000] "GET /openLayers_v3.9.0/closure-library/closure/goog/functions/functions.js HTTP/1.1" 200 10068 
0:0:0:0:0:0:0:1 -  -  [02/Oct/2015:03:01:14 +0000] "GET /openLayers_v3.9.0/ol/ol/object.js HTTP/1.1" 200 6255 
0:0:0:0:0:0:0:1 -  -  [02/Oct/2015:03:01:14 +0000] "GET /openLayers_v3.9.0/closure-library/closure/goog/vec/float32array.js HTTP/1.1" 200 3657 
0:0:0:0:0:0:0:1 -  -  [02/Oct/2015:03:01:14 +0000] "GET /openLayers_v3.9.0/closure-library/closure/goog/events/eventtarget.js HTTP/1.1" 200 13088 
0:0:0:0:0:0:0:1 -  -  [02/Oct/2015:03:01:14 +0000] "GET /openLayers_v3.9.0/closure-library/closure/goog/vec/float64array.js HTTP/1.1" 200 3895 
0:0:0:0:0:0:0:1 -  -  [02/Oct/2015:03:01:14 +0000] "GET /openLayers_v3.9.0/closure-library/closure/goog/events/events.js HTTP/1.1" 200 33341 
0:0:0:0:0:0:0:1 -  -  [02/Oct/2015:03:01:14 +0000] "GET /openLayers_v3.9.0/closure-library/closure/goog/vec/vec.js HTTP/1.1" 200 1913 
0:0:0:0:0:0:0:1 -  -  [02/Oct/2015:03:01:14 +0000] "GET /openLayers_v3.9.0/closure-library/closure/goog/vec/vec3.js HTTP/1.1" 200 16611 
0:0:0:0:0:0:0:1 -  -  [02/Oct/2015:03:01:14 +0000] "GET /openLayers_v3.9.0/closure-library/closure/goog/vec/vec4.js HTTP/1.1" 200 15056 
0:0:0:0:0:0:0:1 -  -  [02/Oct/2015:03:01:14 +0000] "GET /openLayers_v3.9.0/ol/ol/size.js HTTP/1.1" 200 2072 
0:0:0:0:0:0:0:1 -  -  [02/Oct/2015:03:01:14 +0000] "GET /openLayers_v3.9.0/ol/ol/transformfunction.js HTTP/1.1" 200 434 
0:0:0:0:0:0:0:1 -  -  [02/Oct/2015:03:01:14 +0000] "GET /openLayers_v3.9.0/ol/ol/coordinate.js HTTP/1.1" 200 10297 
0:0:0:0:0:0:0:1 -  -  [02/Oct/2015:03:01:14 +0000] "GET /openLayers_v3.9.0/ol/ol/extent.js HTTP/1.1" 200 24271 
0:0:0:0:0:0:0:1 -  -  [02/Oct/2015:03:01:14 +0000] "GET /openLayers_v3.9.0/closure-library/closure/goog/math/math.js HTTP/1.1" 200 14618 
0:0:0:0:0:0:0:1 -  -  [02/Oct/2015:03:01:14 +0000] "GET /openLayers_v3.9.0/ol/ol/sphere/sphere.js HTTP/1.1" 200 3228 
0:0:0:0:0:0:0:1 -  -  [02/Oct/2015:03:01:14 +0000] "GET /openLayers_v3.9.0/ol/ol/ol.js HTTP/1.1" 200 5780 
0:0:0:0:0:0:0:1 -  -  [02/Oct/2015:03:01:14 +0000] "GET /openLayers_v3.9.0/ol/ol/sphere/normal.js HTTP/1.1" 200 168 
0:0:0:0:0:0:0:1 -  -  [02/Oct/2015:03:01:14 +0000] "GET /openLayers_v3.9.0/ol/ol/proj/proj.js HTTP/1.1" 200 25982 
0:0:0:0:0:0:0:1 -  -  [02/Oct/2015:03:01:14 +0000] "GET /openLayers_v3.9.0/ol/ol/geom/geometry.js HTTP/1.1" 200 6283 
0:0:0:0:0:0:0:1 -  -  [02/Oct/2015:03:01:14 +0000] "GET /openLayers_v3.9.0/closure-library/closure/goog/vec/mat4.js HTTP/1.1" 200 58795 
0:0:0:0:0:0:0:1 -  -  [02/Oct/2015:03:01:14 +0000] "GET /openLayers_v3.9.0/closure-library/closure/goog/dom/browserfeature.js HTTP/1.1" 200 2415 
0:0:0:0:0:0:0:1 -  -  [02/Oct/2015:03:01:14 +0000] "GET /openLayers_v3.9.0/closure-library/closure/goog/dom/tagname.js HTTP/1.1" 200 3254 
0:0:0:0:0:0:0:1 -  -  [02/Oct/2015:03:01:14 +0000] "GET /openLayers_v3.9.0/closure-library/closure/goog/dom/tags.js HTTP/1.1" 200 1388 
0:0:0:0:0:0:0:1 -  -  [02/Oct/2015:03:01:14 +0000] "GET /openLayers_v3.9.0/closure-library/closure/goog/string/typedstring.js HTTP/1.1" 200 1759 
0:0:0:0:0:0:0:1 -  -  [02/Oct/2015:03:01:14 +0000] "GET /openLayers_v3.9.0/closure-library/closure/goog/string/const.js HTTP/1.1" 200 6040 
0:0:0:0:0:0:0:1 -  -  [02/Oct/2015:03:01:14 +0000] "GET /openLayers_v3.9.0/closure-library/closure/goog/fs/url.js HTTP/1.1" 200 3280 
0:0:0:0:0:0:0:1 -  -  [02/Oct/2015:03:01:14 +0000] "GET /openLayers_v3.9.0/closure-library/closure/goog/html/safestyle.js HTTP/1.1" 200 16199 
0:0:0:0:0:0:0:1 -  -  [02/Oct/2015:03:01:14 +0000] "GET /openLayers_v3.9.0/closure-library/closure/goog/html/safestylesheet.js HTTP/1.1" 200 10265 
0:0:0:0:0:0:0:1 -  -  [02/Oct/2015:03:01:14 +0000] "GET /openLayers_v3.9.0/closure-library/closure/goog/html/trustedresourceurl.js HTTP/1.1" 200 7855 
0:0:0:0:0:0:0:1 -  -  [02/Oct/2015:03:01:14 +0000] "GET /openLayers_v3.9.0/closure-library/closure/goog/html/safeurl.js HTTP/1.1" 200 15221 
0:0:0:0:0:0:0:1 -  -  [02/Oct/2015:03:01:14 +0000] "GET /openLayers_v3.9.0/closure-library/closure/goog/math/coordinate.js HTTP/1.1" 200 7905 
0:0:0:0:0:0:0:1 -  -  [02/Oct/2015:03:01:14 +0000] "GET /openLayers_v3.9.0/closure-library/closure/goog/math/size.js HTTP/1.1" 200 6050 
0:0:0:0:0:0:0:1 -  -  [02/Oct/2015:03:01:14 +0000] "GET /openLayers_v3.9.0/closure-library/closure/goog/i18n/bidi.js HTTP/1.1" 200 30083 
0:0:0:0:0:0:0:1 -  -  [02/Oct/2015:03:01:14 +0000] "GET /openLayers_v3.9.0/closure-library/closure/goog/color/names.js HTTP/1.1" 200 4849 
0:0:0:0:0:0:0:1 -  -  [02/Oct/2015:03:01:14 +0000] "GET /openLayers_v3.9.0/ol/ol/dom/dom.js HTTP/1.1" 200 10348 
0:0:0:0:0:0:0:1 -  -  [02/Oct/2015:03:01:14 +0000] "GET /openLayers_v3.9.0/closure-library/closure/goog/dom/safe.js HTTP/1.1" 200 12805 
0:0:0:0:0:0:0:1 -  -  [02/Oct/2015:03:01:14 +0000] "GET /openLayers_v3.9.0/ol/ol/webgl/webgl.js HTTP/1.1" 200 895 
0:0:0:0:0:0:0:1 -  -  [02/Oct/2015:03:01:14 +0000] "GET /openLayers_v3.9.0/ol/ol/has.js HTTP/1.1" 200 3189 
0:0:0:0:0:0:0:1 -  -  [02/Oct/2015:03:01:14 +0000] "GET /openLayers_v3.9.0/ol/ol/render/canvas/canvas.js HTTP/1.1" 200 1333 
0:0:0:0:0:0:0:1 -  -  [02/Oct/2015:03:01:14 +0000] "GET /openLayers_v3.9.0/ol/ol/structs/checksum.js HTTP/1.1" 200 216 
0:0:0:0:0:0:0:1 -  -  [02/Oct/2015:03:01:14 +0000] "GET /openLayers_v3.9.0/ol/ol/style/fillstyle.js HTTP/1.1" 200 1188 
0:0:0:0:0:0:0:1 -  -  [02/Oct/2015:03:01:14 +0000] "GET /openLayers_v3.9.0/ol/ol/color/color.js HTTP/1.1" 200 8675 
0:0:0:0:0:0:0:1 -  -  [02/Oct/2015:03:01:14 +0000] "GET /openLayers_v3.9.0/closure-library/closure/goog/html/safehtml.js HTTP/1.1" 200 27743 
0:0:0:0:0:0:0:1 -  -  [02/Oct/2015:03:01:14 +0000] "GET /openLayers_v3.9.0/ol/ol/style/imagestyle.js HTTP/1.1" 200 4921 
0:0:0:0:0:0:0:1 -  -  [02/Oct/2015:03:01:14 +0000] "GET /openLayers_v3.9.0/closure-library/closure/goog/color/color.js HTTP/1.1" 200 22880 
0:0:0:0:0:0:0:1 -  -  [02/Oct/2015:03:01:14 +0000] "GET /openLayers_v3.9.0/closure-library/closure/goog/crypt/hash.js HTTP/1.1" 200 2120 
0:0:0:0:0:0:0:1 -  -  [02/Oct/2015:03:01:14 +0000] "GET /openLayers_v3.9.0/closure-library/closure/goog/crypt/crypt.js HTTP/1.1" 200 5100 
0:0:0:0:0:0:0:1 -  -  [02/Oct/2015:03:01:14 +0000] "GET /openLayers_v3.9.0/ol/ol/style/strokestyle.js HTTP/1.1" 200 4480 
0:0:0:0:0:0:0:1 -  -  [02/Oct/2015:03:01:14 +0000] "GET /openLayers_v3.9.0/ol/ol/style/circlestyle.js HTTP/1.1" 200 10022 
0:0:0:0:0:0:0:1 -  -  [02/Oct/2015:03:01:14 +0000] "GET /openLayers_v3.9.0/ol/ol/style/style.js HTTP/1.1" 200 9180 
0:0:0:0:0:0:0:1 -  -  [02/Oct/2015:03:01:14 +0000] "GET /openLayers_v3.9.0/ol/ol/feature.js HTTP/1.1" 200 9466 
0:0:0:0:0:0:0:1 -  -  [02/Oct/2015:03:01:14 +0000] "GET /openLayers_v3.9.0/closure-library/closure/goog/crypt/md5.js HTTP/1.1" 200 16535 
0:0:0:0:0:0:0:1 -  -  [02/Oct/2015:03:01:14 +0000] "GET /openLayers_v3.9.0/closure-library/closure/goog/dom/dom.js HTTP/1.1" 200 100180 
0:0:0:0:0:0:0:1 -  -  [02/Oct/2015:03:01:14 +0000] "GET /openLayers_v3.9.0/ol/ol/geom/flat/transformflatgeom.js HTTP/1.1" 200 2051 
0:0:0:0:0:0:0:1 -  -  [02/Oct/2015:03:01:14 +0000] "GET /openLayers_v3.9.0/ol/ol/geom/simplegeometry.js HTTP/1.1" 200 7912 
0:0:0:0:0:0:0:1 -  -  [02/Oct/2015:03:01:14 +0000] "GET /openLayers_v3.9.0/ol/ol/geom/flat/areaflatgeom.js HTTP/1.1" 200 1692 
0:0:0:0:0:0:0:1 -  -  [02/Oct/2015:03:01:14 +0000] "GET /openLayers_v3.9.0/ol/ol/math.js HTTP/1.1" 200 2389 
0:0:0:0:0:0:0:1 -  -  [02/Oct/2015:03:01:14 +0000] "GET /openLayers_v3.9.0/ol/ol/geom/flat/closestflatgeom.js HTTP/1.1" 200 9171 
0:0:0:0:0:0:0:1 -  -  [02/Oct/2015:03:01:14 +0000] "GET /openLayers_v3.9.0/ol/ol/geom/flat/deflateflatgeom.js HTTP/1.1" 200 2800 
0:0:0:0:0:0:0:1 -  -  [02/Oct/2015:03:01:14 +0000] "GET /openLayers_v3.9.0/ol/ol/geom/flat/inflateflatgeom.js HTTP/1.1" 200 2312 
0:0:0:0:0:0:0:1 -  -  [02/Oct/2015:03:01:14 +0000] "GET /openLayers_v3.9.0/ol/ol/geom/flat/simplifyflatgeom.js HTTP/1.1" 200 14905 
0:0:0:0:0:0:0:1 -  -  [02/Oct/2015:03:01:14 +0000] "GET /openLayers_v3.9.0/ol/ol/geom/linearring.js HTTP/1.1" 200 4263 
0:0:0:0:0:0:0:1 -  -  [02/Oct/2015:03:01:14 +0000] "GET /openLayers_v3.9.0/ol/ol/geom/point.js HTTP/1.1" 200 3118 
0:0:0:0:0:0:0:1 -  -  [02/Oct/2015:03:01:15 +0000] "GET /openLayers_v3.9.0/ol/ol/geom/flat/containsflatgeom.js HTTP/1.1" 200 3285 
0:0:0:0:0:0:0:1 -  -  [02/Oct/2015:03:01:15 +0000] "GET /openLayers_v3.9.0/ol/ol/geom/flat/interiorpointflatgeom.js HTTP/1.1" 200 3144 
0:0:0:0:0:0:0:1 -  -  [02/Oct/2015:03:01:15 +0000] "GET /openLayers_v3.9.0/ol/ol/geom/flat/segmentsflatgeom.js HTTP/1.1" 200 1202 
0:0:0:0:0:0:0:1 -  -  [02/Oct/2015:03:01:15 +0000] "GET /openLayers_v3.9.0/ol/ol/geom/flat/intersectsextent.js HTTP/1.1" 200 4823 
0:0:0:0:0:0:0:1 -  -  [02/Oct/2015:03:01:15 +0000] "GET /openLayers_v3.9.0/ol/ol/geom/flat/reverseflatgeom.js HTTP/1.1" 200 590 
0:0:0:0:0:0:0:1 -  -  [02/Oct/2015:03:01:15 +0000] "GET /openLayers_v3.9.0/ol/ol/geom/flat/orientflatgeom.js HTTP/1.1" 200 5092 
0:0:0:0:0:0:0:1 -  -  [02/Oct/2015:03:01:15 +0000] "GET /openLayers_v3.9.0/ol/ol/geom/polygon.js HTTP/1.1" 200 14216 
0:0:0:0:0:0:0:1 -  -  [02/Oct/2015:03:01:15 +0000] "GET /openLayers_v3.9.0/ol/ol/sphere/wgs84sphere.js HTTP/1.1" 200 221 
0:0:0:0:0:0:0:1 -  -  [02/Oct/2015:03:01:15 +0000] "GET /openLayers_v3.9.0/ol/ol/geolocation.js HTTP/1.1" 200 9721 
0:0:0:0:0:0:0:1 -  -  [02/Oct/2015:03:01:15 +0000] "GET /openLayers_v3.9.0/closure-library/closure/goog/async/animationdelay.js HTTP/1.1" 200 8008 
0:0:0:0:0:0:0:1 -  -  [02/Oct/2015:03:01:15 +0000] "GET /openLayers_v3.9.0/closure-library/closure/goog/async/nexttick.js HTTP/1.1" 200 9382 
0:0:0:0:0:0:0:1 -  -  [02/Oct/2015:03:01:15 +0000] "GET /openLayers_v3.9.0/closure-library/closure/goog/html/safescript.js HTTP/1.1" 200 8523 
0:0:0:0:0:0:0:1 -  -  [02/Oct/2015:03:01:15 +0000] "GET /openLayers_v3.9.0/closure-library/closure/goog/html/uncheckedconversions.js HTTP/1.1" 200 9853 
0:0:0:0:0:0:0:1 -  -  [02/Oct/2015:03:01:15 +0000] "GET /openLayers_v3.9.0/closure-library/closure/goog/structs/collection.js HTTP/1.1" 200 1412 
0:0:0:0:0:0:0:1 -  -  [02/Oct/2015:03:01:15 +0000] "GET /openLayers_v3.9.0/closure-library/closure/goog/structs/structs.js HTTP/1.1" 200 11457 
0:0:0:0:0:0:0:1 -  -  [02/Oct/2015:03:01:15 +0000] "GET /openLayers_v3.9.0/closure-library/closure/goog/structs/map.js HTTP/1.1" 200 12650 
0:0:0:0:0:0:0:1 -  -  [02/Oct/2015:03:01:15 +0000] "GET /openLayers_v3.9.0/closure-library/closure/goog/structs/set.js HTTP/1.1" 200 8852 
0:0:0:0:0:0:0:1 -  -  [02/Oct/2015:03:01:15 +0000] "GET /openLayers_v3.9.0/closure-library/closure/goog/debug/logrecord.js HTTP/1.1" 200 6122 
0:0:0:0:0:0:0:1 -  -  [02/Oct/2015:03:01:15 +0000] "GET /openLayers_v3.9.0/closure-library/closure/goog/debug/relativetimeprovider.js HTTP/1.1" 200 2276 
0:0:0:0:0:0:0:1 -  -  [02/Oct/2015:03:01:15 +0000] "GET /openLayers_v3.9.0/closure-library/closure/goog/debug/logbuffer.js HTTP/1.1" 200 4295 
0:0:0:0:0:0:0:1 -  -  [02/Oct/2015:03:01:15 +0000] "GET /openLayers_v3.9.0/closure-library/closure/goog/debug/console.js HTTP/1.1" 200 5620 
0:0:0:0:0:0:0:1 -  -  [02/Oct/2015:03:01:15 +0000] "GET /openLayers_v3.9.0/closure-library/closure/goog/iter/iter.js HTTP/1.1" 200 44345 
0:0:0:0:0:0:0:1 -  -  [02/Oct/2015:03:01:15 +0000] "GET /openLayers_v3.9.0/closure-library/closure/goog/debug/debug.js HTTP/1.1" 200 19871 
0:0:0:0:0:0:0:1 -  -  [02/Oct/2015:03:01:15 +0000] "GET /openLayers_v3.9.0/closure-library/closure/goog/dom/viewportsizemonitor.js HTTP/1.1" 200 5695 
0:0:0:0:0:0:0:1 -  -  [02/Oct/2015:03:01:15 +0000] "GET /openLayers_v3.9.0/closure-library/closure/goog/debug/formatter.js HTTP/1.1" 200 11169 
0:0:0:0:0:0:0:1 -  -  [02/Oct/2015:03:01:15 +0000] "GET /openLayers_v3.9.0/closure-library/closure/goog/dom/vendor.js HTTP/1.1" 200 2767 
0:0:0:0:0:0:0:1 -  -  [02/Oct/2015:03:01:15 +0000] "GET /openLayers_v3.9.0/closure-library/closure/goog/dom/classlist.js HTTP/1.1" 200 9915 
0:0:0:0:0:0:0:1 -  -  [02/Oct/2015:03:01:15 +0000] "GET /openLayers_v3.9.0/closure-library/closure/goog/debug/logger.js HTTP/1.1" 200 26535 
0:0:0:0:0:0:0:1 -  -  [02/Oct/2015:03:01:15 +0000] "GET /openLayers_v3.9.0/closure-library/closure/goog/events/keycodes.js HTTP/1.1" 200 13019 
0:0:0:0:0:0:0:1 -  -  [02/Oct/2015:03:01:15 +0000] "GET /openLayers_v3.9.0/closure-library/closure/goog/math/box.js HTTP/1.1" 200 11142 
0:0:0:0:0:0:0:1 -  -  [02/Oct/2015:03:01:15 +0000] "GET /openLayers_v3.9.0/ol/ol/collection.js HTTP/1.1" 200 6487 
0:0:0:0:0:0:0:1 -  -  [02/Oct/2015:03:01:15 +0000] "GET /openLayers_v3.9.0/ol/ol/mapevent.js HTTP/1.1" 200 1158 
0:0:0:0:0:0:0:1 -  -  [02/Oct/2015:03:01:15 +0000] "GET /openLayers_v3.9.0/closure-library/closure/goog/events/keyhandler.js HTTP/1.1" 200 17949 
0:0:0:0:0:0:0:1 -  -  [02/Oct/2015:03:01:15 +0000] "GET /openLayers_v3.9.0/ol/ol/pixel.js HTTP/1.1" 200 227 
0:0:0:0:0:0:0:1 -  -  [02/Oct/2015:03:01:15 +0000] "GET /openLayers_v3.9.0/closure-library/closure/goog/log/log.js HTTP/1.1" 200 6018 
0:0:0:0:0:0:0:1 -  -  [02/Oct/2015:03:01:15 +0000] "GET /openLayers_v3.9.0/closure-library/closure/goog/math/rect.js HTTP/1.1" 200 14341 
0:0:0:0:0:0:0:1 -  -  [02/Oct/2015:03:01:15 +0000] "GET /openLayers_v3.9.0/ol/ol/pointer/pointerevent.js HTTP/1.1" 200 7344 
0:0:0:0:0:0:0:1 -  -  [02/Oct/2015:03:01:15 +0000] "GET /openLayers_v3.9.0/closure-library/closure/goog/events/mousewheelhandler.js HTTP/1.1" 200 9868 
0:0:0:0:0:0:0:1 -  -  [02/Oct/2015:03:01:15 +0000] "GET /openLayers_v3.9.0/ol/ol/pointer/eventsource.js HTTP/1.1" 200 1313 
0:0:0:0:0:0:0:1 -  -  [02/Oct/2015:03:01:15 +0000] "GET /openLayers_v3.9.0/ol/ol/pointer/mousesource.js HTTP/1.1" 200 7545 
0:0:0:0:0:0:0:1 -  -  [02/Oct/2015:03:01:15 +0000] "GET /openLayers_v3.9.0/ol/ol/pointer/mssource.js HTTP/1.1" 200 5539 
0:0:0:0:0:0:0:1 -  -  [02/Oct/2015:03:01:15 +0000] "GET /openLayers_v3.9.0/ol/ol/pointer/nativesource.js HTTP/1.1" 200 3954 
0:0:0:0:0:0:0:1 -  -  [02/Oct/2015:03:01:15 +0000] "GET /openLayers_v3.9.0/ol/ol/pointer/touchsource.js HTTP/1.1" 200 12521 
0:0:0:0:0:0:0:1 -  -  [02/Oct/2015:03:01:15 +0000] "GET /openLayers_v3.9.0/ol/ol/pointer/pointereventhandler.js HTTP/1.1" 200 13451 
0:0:0:0:0:0:0:1 -  -  [02/Oct/2015:03:01:15 +0000] "GET /openLayers_v3.9.0/closure-library/closure/goog/style/style.js HTTP/1.1" 200 74349 
0:0:0:0:0:0:0:1 -  -  [02/Oct/2015:03:01:15 +0000] "GET /openLayers_v3.9.0/ol/ol/framestate.js HTTP/1.1" 200 589 
0:0:0:0:0:0:0:1 -  -  [02/Oct/2015:03:01:15 +0000] "GET /openLayers_v3.9.0/ol/ol/tilecoord.js HTTP/1.1" 200 3950 
0:0:0:0:0:0:0:1 -  -  [02/Oct/2015:03:01:15 +0000] "GET /openLayers_v3.9.0/ol/ol/mapbrowserevent.js HTTP/1.1" 200 15540 
0:0:0:0:0:0:0:1 -  -  [02/Oct/2015:03:01:15 +0000] "GET /openLayers_v3.9.0/ol/ol/tilerange.js HTTP/1.1" 200 4497 
0:0:0:0:0:0:0:1 -  -  [02/Oct/2015:03:01:15 +0000] "GET /openLayers_v3.9.0/ol/ol/attribution.js HTTP/1.1" 200 2456 
0:0:0:0:0:0:0:1 -  -  [02/Oct/2015:03:01:15 +0000] "GET /openLayers_v3.9.0/ol/ol/source/source.js HTTP/1.1" 200 4051 
0:0:0:0:0:0:0:1 -  -  [02/Oct/2015:03:01:15 +0000] "GET /openLayers_v3.9.0/ol/ol/layer/layerbase.js HTTP/1.1" 200 11109 
0:0:0:0:0:0:0:1 -  -  [02/Oct/2015:03:01:15 +0000] "GET /openLayers_v3.9.0/ol/ol/render/vectorcontext.js HTTP/1.1" 200 3009 
0:0:0:0:0:0:0:1 -  -  [02/Oct/2015:03:01:15 +0000] "GET /openLayers_v3.9.0/ol/ol/render/renderevent.js HTTP/1.1" 200 1822 
0:0:0:0:0:0:0:1 -  -  [02/Oct/2015:03:01:15 +0000] "GET /openLayers_v3.9.0/ol/ol/layer/layer.js HTTP/1.1" 200 5236 
0:0:0:0:0:0:0:1 -  -  [02/Oct/2015:03:01:15 +0000] "GET /openLayers_v3.9.0/ol/ol/imagebase.js HTTP/1.1" 200 2289 
0:0:0:0:0:0:0:1 -  -  [02/Oct/2015:03:01:15 +0000] "GET /openLayers_v3.9.0/ol/ol/tile.js HTTP/1.1" 200 1623 
0:0:0:0:0:0:0:1 -  -  [02/Oct/2015:03:01:15 +0000] "GET /openLayers_v3.9.0/ol/ol/structs/lrucache.js HTTP/1.1" 200 6542 
0:0:0:0:0:0:0:1 -  -  [02/Oct/2015:03:01:15 +0000] "GET /openLayers_v3.9.0/ol/ol/tilecache.js HTTP/1.1" 200 1541 
0:0:0:0:0:0:0:1 -  -  [02/Oct/2015:03:01:15 +0000] "GET /openLayers_v3.9.0/ol/ol/array.js HTTP/1.1" 200 2485 
0:0:0:0:0:0:0:1 -  -  [02/Oct/2015:03:01:15 +0000] "GET /openLayers_v3.9.0/ol/ol/tilegrid/tilegrid.js HTTP/1.1" 200 19561 
0:0:0:0:0:0:0:1 -  -  [02/Oct/2015:03:01:15 +0000] "GET /openLayers_v3.9.0/ol/ol/vec/mat4.js HTTP/1.1" 200 3026 
0:0:0:0:0:0:0:1 -  -  [02/Oct/2015:03:01:15 +0000] "GET /openLayers_v3.9.0/ol/ol/source/tilesource.js HTTP/1.1" 200 7492 
0:0:0:0:0:0:0:1 -  -  [02/Oct/2015:03:01:15 +0000] "GET /openLayers_v3.9.0/ol/ol/renderer/layerrenderer.js HTTP/1.1" 200 10204 
0:0:0:0:0:0:0:1 -  -  [02/Oct/2015:03:01:15 +0000] "GET /openLayers_v3.9.0/ol/ol/style/iconstyle.js HTTP/1.1" 200 15286 
0:0:0:0:0:0:0:1 -  -  [02/Oct/2015:03:01:15 +0000] "GET /openLayers_v3.9.0/ol/ol/renderer/maprenderer.js HTTP/1.1" 200 10897 
0:0:0:0:0:0:0:1 -  -  [02/Oct/2015:03:01:15 +0000] "GET /openLayers_v3.9.0/ol/ol/structs/priorityqueue.js HTTP/1.1" 200 7518 
0:0:0:0:0:0:0:1 -  -  [02/Oct/2015:03:01:15 +0000] "GET /openLayers_v3.9.0/ol/ol/tilequeue.js HTTP/1.1" 200 2623 
0:0:0:0:0:0:0:1 -  -  [02/Oct/2015:03:01:15 +0000] "GET /openLayers_v3.9.0/ol/ol/centerconstraint.js HTTP/1.1" 200 949 
0:0:0:0:0:0:0:1 -  -  [02/Oct/2015:03:01:15 +0000] "GET /openLayers_v3.9.0/ol/ol/resolutionconstraint.js HTTP/1.1" 200 2234 
0:0:0:0:0:0:0:1 -  -  [02/Oct/2015:03:01:15 +0000] "GET /openLayers_v3.9.0/ol/ol/rotationconstraint.js HTTP/1.1" 200 2059 
0:0:0:0:0:0:0:1 -  -  [02/Oct/2015:03:01:15 +0000] "GET /openLayers_v3.9.0/ol/ol/constraints.js HTTP/1.1" 200 803 
0:0:0:0:0:0:0:1 -  -  [02/Oct/2015:03:01:15 +0000] "GET /openLayers_v3.9.0/ol/ol/control/control.js HTTP/1.1" 200 3769 
0:0:0:0:0:0:0:1 -  -  [02/Oct/2015:03:01:15 +0000] "GET /openLayers_v3.9.0/ol/ol/css.js HTTP/1.1" 200 539 
0:0:0:0:0:0:0:1 -  -  [02/Oct/2015:03:01:15 +0000] "GET /openLayers_v3.9.0/ol/ol/view.js HTTP/1.1" 200 23482 
0:0:0:0:0:0:0:1 -  -  [02/Oct/2015:03:01:15 +0000] "GET /openLayers_v3.9.0/ol/ol/control/attributioncontrol.js HTTP/1.1" 200 12234 
0:0:0:0:0:0:0:1 -  -  [02/Oct/2015:03:01:15 +0000] "GET /openLayers_v3.9.0/closure-library/closure/goog/fx/easing.js HTTP/1.1" 200 2293 
0:0:0:0:0:0:0:1 -  -  [02/Oct/2015:03:01:15 +0000] "GET /openLayers_v3.9.0/ol/ol/easing.js HTTP/1.1" 200 1286 
0:0:0:0:0:0:0:1 -  -  [02/Oct/2015:03:01:15 +0000] "GET /openLayers_v3.9.0/ol/ol/animation.js HTTP/1.1" 200 5903 
0:0:0:0:0:0:0:1 -  -  [02/Oct/2015:03:01:15 +0000] "GET /openLayers_v3.9.0/ol/ol/control/rotatecontrol.js HTTP/1.1" 200 4090 
0:0:0:0:0:0:0:1 -  -  [02/Oct/2015:03:01:15 +0000] "GET /openLayers_v3.9.0/ol/ol/control/zoomcontrol.js HTTP/1.1" 200 3464 
0:0:0:0:0:0:0:1 -  -  [02/Oct/2015:03:01:15 +0000] "GET /openLayers_v3.9.0/ol/ol/control/controldefaults.js HTTP/1.1" 200 1295 
0:0:0:0:0:0:0:1 -  -  [02/Oct/2015:03:01:15 +0000] "GET /openLayers_v3.9.0/ol/ol/kinetic.js HTTP/1.1" 200 3639 
0:0:0:0:0:0:0:1 -  -  [02/Oct/2015:03:01:15 +0000] "GET /openLayers_v3.9.0/ol/ol/interaction/interaction.js HTTP/1.1" 200 7237 
0:0:0:0:0:0:0:1 -  -  [02/Oct/2015:03:01:15 +0000] "GET /openLayers_v3.9.0/ol/ol/interaction/doubleclickzoominteraction.js HTTP/1.1" 200 1905 
0:0:0:0:0:0:0:1 -  -  [02/Oct/2015:03:01:15 +0000] "GET /openLayers_v3.9.0/ol/ol/events/condition.js HTTP/1.1" 200 6304 
0:0:0:0:0:0:0:1 -  -  [02/Oct/2015:03:01:15 +0000] "GET /openLayers_v3.9.0/ol/ol/interaction/pointerinteraction.js HTTP/1.1" 200 6590 
0:0:0:0:0:0:0:1 -  -  [02/Oct/2015:03:01:15 +0000] "GET /openLayers_v3.9.0/ol/ol/interaction/dragpaninteraction.js HTTP/1.1" 200 4724 
0:0:0:0:0:0:0:1 -  -  [02/Oct/2015:03:01:15 +0000] "GET /openLayers_v3.9.0/ol/ol/interaction/dragrotateinteraction.js HTTP/1.1" 200 3489 
0:0:0:0:0:0:0:1 -  -  [02/Oct/2015:03:01:15 +0000] "GET /openLayers_v3.9.0/ol/ol/render/box.js HTTP/1.1" 200 3621 
0:0:0:0:0:0:0:1 -  -  [02/Oct/2015:03:01:15 +0000] "GET /openLayers_v3.9.0/ol/ol/interaction/dragboxinteraction.js HTTP/1.1" 200 5024 
0:0:0:0:0:0:0:1 -  -  [02/Oct/2015:03:01:15 +0000] "GET /openLayers_v3.9.0/ol/ol/interaction/dragzoominteraction.js HTTP/1.1" 200 2420 
0:0:0:0:0:0:0:1 -  -  [02/Oct/2015:03:01:15 +0000] "GET /openLayers_v3.9.0/ol/ol/interaction/keyboardpaninteraction.js HTTP/1.1" 200 3528 
0:0:0:0:0:0:0:1 -  -  [02/Oct/2015:03:01:15 +0000] "GET /openLayers_v3.9.0/ol/ol/interaction/keyboardzoominteraction.js HTTP/1.1" 200 2887 
0:0:0:0:0:0:0:1 -  -  [02/Oct/2015:03:01:15 +0000] "GET /openLayers_v3.9.0/ol/ol/interaction/mousewheelzoominteraction.js HTTP/1.1" 200 3092 
0:0:0:0:0:0:0:1 -  -  [02/Oct/2015:03:01:15 +0000] "GET /openLayers_v3.9.0/ol/ol/interaction/pinchrotateinteraction.js HTTP/1.1" 200 4385 
0:0:0:0:0:0:0:1 -  -  [02/Oct/2015:03:01:15 +0000] "GET /openLayers_v3.9.0/ol/ol/interaction/pinchzoominteraction.js HTTP/1.1" 200 4144 
0:0:0:0:0:0:0:1 -  -  [02/Oct/2015:03:01:15 +0000] "GET /openLayers_v3.9.0/ol/ol/interaction/interactiondefaults.js HTTP/1.1" 200 3722 
0:0:0:0:0:0:0:1 -  -  [02/Oct/2015:03:01:15 +0000] "GET /openLayers_v3.9.0/ol/ol/layer/layergroup.js HTTP/1.1" 200 6751 
0:0:0:0:0:0:0:1 -  -  [02/Oct/2015:03:01:15 +0000] "GET /openLayers_v3.9.0/ol/ol/proj/epsg3857projection.js HTTP/1.1" 200 4013 
0:0:0:0:0:0:0:1 -  -  [02/Oct/2015:03:01:15 +0000] "GET /openLayers_v3.9.0/ol/ol/proj/epsg4326projection.js HTTP/1.1" 200 1804 
0:0:0:0:0:0:0:1 -  -  [02/Oct/2015:03:01:16 +0000] "GET /openLayers_v3.9.0/ol/ol/proj/common.js HTTP/1.1" 200 754 
0:0:0:0:0:0:0:1 -  -  [02/Oct/2015:03:01:16 +0000] "GET /openLayers_v3.9.0/ol/ol/layer/imagelayer.js HTTP/1.1" 200 964 
0:0:0:0:0:0:0:1 -  -  [02/Oct/2015:03:01:16 +0000] "GET /openLayers_v3.9.0/ol/ol/layer/tilelayer.js HTTP/1.1" 200 2676 
0:0:0:0:0:0:0:1 -  -  [02/Oct/2015:03:01:16 +0000] "GET /openLayers_v3.9.0/ol/ol/layer/vectorlayer.js HTTP/1.1" 200 4994 
0:0:0:0:0:0:0:1 -  -  [02/Oct/2015:03:01:16 +0000] "GET /openLayers_v3.9.0/ol/ol/render/canvas/canvasimmediate.js HTTP/1.1" 200 31587 
0:0:0:0:0:0:0:1 -  -  [02/Oct/2015:03:01:16 +0000] "GET /openLayers_v3.9.0/ol/ol/renderer/canvas/canvaslayerrenderer.js HTTP/1.1" 200 8723 
0:0:0:0:0:0:0:1 -  -  [02/Oct/2015:03:01:16 +0000] "GET /openLayers_v3.9.0/ol/ol/render/ireplay.js HTTP/1.1" 200 840 
0:0:0:0:0:0:0:1 -  -  [02/Oct/2015:03:01:16 +0000] "GET /openLayers_v3.9.0/ol/ol/render/canvas/canvasreplay.js HTTP/1.1" 200 68679 
0:0:0:0:0:0:0:1 -  -  [02/Oct/2015:03:01:16 +0000] "GET /openLayers_v3.9.0/ol/ol/geom/circle.js HTTP/1.1" 200 7287 
0:0:0:0:0:0:0:1 -  -  [02/Oct/2015:03:01:16 +0000] "GET /openLayers_v3.9.0/ol/ol/geom/geometrycollection.js HTTP/1.1" 200 7322 
0:0:0:0:0:0:0:1 -  -  [02/Oct/2015:03:01:16 +0000] "GET /openLayers_v3.9.0/ol/ol/geom/flat/interpolateflatgeom.js HTTP/1.1" 200 5964 
0:0:0:0:0:0:0:1 -  -  [02/Oct/2015:03:01:16 +0000] "GET /openLayers_v3.9.0/ol/ol/geom/flat/lengthflatgeom.js HTTP/1.1" 200 1255 
0:0:0:0:0:0:0:1 -  -  [02/Oct/2015:03:01:16 +0000] "GET /openLayers_v3.9.0/ol/ol/geom/linestring.js HTTP/1.1" 200 7369 
0:0:0:0:0:0:0:1 -  -  [02/Oct/2015:03:01:16 +0000] "GET /openLayers_v3.9.0/ol/ol/geom/multilinestring.js HTTP/1.1" 200 10060 
0:0:0:0:0:0:0:1 -  -  [02/Oct/2015:03:01:16 +0000] "GET /openLayers_v3.9.0/ol/ol/geom/multipoint.js HTTP/1.1" 200 5373 
0:0:0:0:0:0:0:1 -  -  [02/Oct/2015:03:01:16 +0000] "GET /openLayers_v3.9.0/ol/ol/geom/flat/centerflatgeom.js HTTP/1.1" 200 788 
0:0:0:0:0:0:0:1 -  -  [02/Oct/2015:03:01:16 +0000] "GET /openLayers_v3.9.0/ol/ol/geom/multipolygon.js HTTP/1.1" 200 12578 
0:0:0:0:0:0:0:1 -  -  [02/Oct/2015:03:01:16 +0000] "GET /openLayers_v3.9.0/ol/ol/canvasfunction.js HTTP/1.1" 200 709 
0:0:0:0:0:0:0:1 -  -  [02/Oct/2015:03:01:16 +0000] "GET /openLayers_v3.9.0/ol/ol/render/vector.js HTTP/1.1" 200 12775 
0:0:0:0:0:0:0:1 -  -  [02/Oct/2015:03:01:16 +0000] "GET /openLayers_v3.9.0/ol/ol/imagecanvas.js HTTP/1.1" 200 2390 
0:0:0:0:0:0:0:1 -  -  [02/Oct/2015:03:01:16 +0000] "GET /openLayers_v3.9.0/ol/ol/source/imagesource.js HTTP/1.1" 200 4460 
0:0:0:0:0:0:0:1 -  -  [02/Oct/2015:03:01:16 +0000] "GET /openLayers_v3.9.0/ol/ol/source/imagecanvassource.js HTTP/1.1" 200 2197 
0:0:0:0:0:0:0:1 -  -  [02/Oct/2015:03:01:16 +0000] "GET /openLayers_v3.9.0/closure-library/closure/goog/net/eventtype.js HTTP/1.1" 200 1044 
0:0:0:0:0:0:0:1 -  -  [02/Oct/2015:03:01:16 +0000] "GET /openLayers_v3.9.0/closure-library/closure/goog/promise/thenable.js HTTP/1.1" 200 4289 
0:0:0:0:0:0:0:1 -  -  [02/Oct/2015:03:01:16 +0000] "GET /openLayers_v3.9.0/closure-library/closure/goog/async/freelist.js HTTP/1.1" 200 2074 
0:0:0:0:0:0:0:1 -  -  [02/Oct/2015:03:01:16 +0000] "GET /openLayers_v3.9.0/closure-library/closure/goog/async/workqueue.js HTTP/1.1" 200 3320 
0:0:0:0:0:0:0:1 -  -  [02/Oct/2015:03:01:16 +0000] "GET /openLayers_v3.9.0/closure-library/closure/goog/testing/watchers.js HTTP/1.1" 200 1358 
0:0:0:0:0:0:0:1 -  -  [02/Oct/2015:03:01:16 +0000] "GET /openLayers_v3.9.0/closure-library/closure/goog/async/run.js HTTP/1.1" 200 4270 
0:0:0:0:0:0:0:1 -  -  [02/Oct/2015:03:01:16 +0000] "GET /openLayers_v3.9.0/closure-library/closure/goog/promise/resolver.js HTTP/1.1" 200 1397 
0:0:0:0:0:0:0:1 -  -  [02/Oct/2015:03:01:16 +0000] "GET /openLayers_v3.9.0/closure-library/closure/goog/net/errorcode.js HTTP/1.1" 200 3287 
0:0:0:0:0:0:0:1 -  -  [02/Oct/2015:03:01:16 +0000] "GET /openLayers_v3.9.0/closure-library/closure/goog/timer/timer.js HTTP/1.1" 200 9320 
0:0:0:0:0:0:0:1 -  -  [02/Oct/2015:03:01:16 +0000] "GET /openLayers_v3.9.0/closure-library/closure/goog/net/httpstatus.js HTTP/1.1" 200 3212 
0:0:0:0:0:0:0:1 -  -  [02/Oct/2015:03:01:16 +0000] "GET /openLayers_v3.9.0/closure-library/closure/goog/net/xhrlike.js HTTP/1.1" 200 3077 
0:0:0:0:0:0:0:1 -  -  [02/Oct/2015:03:01:16 +0000] "GET /openLayers_v3.9.0/closure-library/closure/goog/json/json.js HTTP/1.1" 200 11341 
0:0:0:0:0:0:0:1 -  -  [02/Oct/2015:03:01:16 +0000] "GET /openLayers_v3.9.0/closure-library/closure/goog/net/xmlhttpfactory.js HTTP/1.1" 200 1903 
0:0:0:0:0:0:0:1 -  -  [02/Oct/2015:03:01:16 +0000] "GET /openLayers_v3.9.0/closure-library/closure/goog/promise/promise.js HTTP/1.1" 200 42783 
0:0:0:0:0:0:0:1 -  -  [02/Oct/2015:03:01:16 +0000] "GET /openLayers_v3.9.0/closure-library/closure/goog/net/wrapperxmlhttpfactory.js HTTP/1.1" 200 2171 
0:0:0:0:0:0:0:1 -  -  [02/Oct/2015:03:01:16 +0000] "GET /openLayers_v3.9.0/closure-library/closure/goog/net/xmlhttp.js HTTP/1.1" 200 7208 
0:0:0:0:0:0:0:1 -  -  [02/Oct/2015:03:01:16 +0000] "GET /openLayers_v3.9.0/ol/ol/format/format.js HTTP/1.1" 200 139 
0:0:0:0:0:0:0:1 -  -  [02/Oct/2015:03:01:16 +0000] "GET /openLayers_v3.9.0/closure-library/closure/goog/dom/xml.js HTTP/1.1" 200 6897 
0:0:0:0:0:0:0:1 -  -  [02/Oct/2015:03:01:16 +0000] "GET /openLayers_v3.9.0/ol/ol/featureloader.js HTTP/1.1" 200 4763 
0:0:0:0:0:0:0:1 -  -  [02/Oct/2015:03:01:16 +0000] "GET /openLayers_v3.9.0/ol/ol/loadingstrategy.js HTTP/1.1" 200 1909 
0:0:0:0:0:0:0:1 -  -  [02/Oct/2015:03:01:16 +0000] "GET /openLayers_v3.9.0/ol/ol/structs/rbush.js HTTP/1.1" 200 6521 
0:0:0:0:0:0:0:1 -  -  [02/Oct/2015:03:01:16 +0000] "GET /openLayers_v3.9.0/closure-library/closure/goog/uri/utils.js HTTP/1.1" 200 37943 
0:0:0:0:0:0:0:1 -  -  [02/Oct/2015:03:01:16 +0000] "GET /openLayers_v3.9.0/ol/ol/renderer/canvas/canvasimagelayerrenderer.js HTTP/1.1" 200 5931 
0:0:0:0:0:0:0:1 -  -  [02/Oct/2015:03:01:16 +0000] "GET /openLayers_v3.9.0/closure-library/closure/goog/net/xhrio.js HTTP/1.1" 200 39124 
0:0:0:0:0:0:0:1 -  -  [02/Oct/2015:03:01:16 +0000] "GET /openLayers_v3.9.0/ol/ol/renderer/canvas/canvastilelayerrenderer.js HTTP/1.1" 200 16375 
0:0:0:0:0:0:0:1 -  -  [02/Oct/2015:03:01:16 +0000] "GET /openLayers_v3.9.0/ol/ol/xml.js HTTP/1.1" 200 24188 
0:0:0:0:0:0:0:1 -  -  [02/Oct/2015:03:01:16 +0000] "GET /openLayers_v3.9.0/ol/ol/renderer/canvas/canvasvectorlayerrenderer.js HTTP/1.1" 200 10807 
0:0:0:0:0:0:0:1 -  -  [02/Oct/2015:03:01:16 +0000] "GET /openLayers_v3.9.0/ol/ol/renderer/canvas/canvasmaprenderer.js HTTP/1.1" 200 5639 
0:0:0:0:0:0:0:1 -  -  [02/Oct/2015:03:01:16 +0000] "GET /openLayers_v3.9.0/ol/ol/source/imagevectorsource.js HTTP/1.1" 200 8427 
0:0:0:0:0:0:0:1 -  -  [02/Oct/2015:03:01:16 +0000] "GET /openLayers_v3.9.0/ol/ol/renderer/dom/domlayerrenderer.js HTTP/1.1" 200 1107 
0:0:0:0:0:0:0:1 -  -  [02/Oct/2015:03:01:16 +0000] "GET /openLayers_v3.9.0/ol.ext/rbush.js HTTP/1.1" 200 17628 
0:0:0:0:0:0:0:1 -  -  [02/Oct/2015:03:01:16 +0000] "GET /openLayers_v3.9.0/ol/ol/renderer/dom/domimagelayerrenderer.js HTTP/1.1" 200 4737 
0:0:0:0:0:0:0:1 -  -  [02/Oct/2015:03:01:16 +0000] "GET /openLayers_v3.9.0/ol/ol/source/vectorsource.js HTTP/1.1" 200 27532 
0:0:0:0:0:0:0:1 -  -  [02/Oct/2015:03:01:16 +0000] "GET /openLayers_v3.9.0/ol/ol/renderer/dom/domtilelayerrenderer.js HTTP/1.1" 200 14153 
0:0:0:0:0:0:0:1 -  -  [02/Oct/2015:03:01:16 +0000] "GET /openLayers_v3.9.0/ol/ol/renderer/dom/domvectorlayerrenderer.js HTTP/1.1" 200 10342 
0:0:0:0:0:0:0:1 -  -  [02/Oct/2015:03:01:16 +0000] "GET /openLayers_v3.9.0/ol/ol/renderer/dom/dommaprenderer.js HTTP/1.1" 200 8000 
0:0:0:0:0:0:0:1 -  -  [02/Oct/2015:03:01:16 +0000] "GET /openLayers_v3.9.0/ol/ol/color/colormatrix.js HTTP/1.1" 200 5276 
0:0:0:0:0:0:0:1 -  -  [02/Oct/2015:03:01:16 +0000] "GET /openLayers_v3.9.0/ol/ol/webgl/shader.js HTTP/1.1" 200 1429 
0:0:0:0:0:0:0:1 -  -  [02/Oct/2015:03:01:16 +0000] "GET /openLayers_v3.9.0/ol/ol/render/webgl/webglimagecolorshader.js HTTP/1.1" 200 5545 
0:0:0:0:0:0:0:1 -  -  [02/Oct/2015:03:01:16 +0000] "GET /openLayers_v3.9.0/ol/ol/render/webgl/webglimagedefaultshader.js HTTP/1.1" 200 5224 
0:0:0:0:0:0:0:1 -  -  [02/Oct/2015:03:01:16 +0000] "GET /openLayers_v3.9.0/closure-library/closure/goog/webgl/webgl.js HTTP/1.1" 200 25632 
0:0:0:0:0:0:0:1 -  -  [02/Oct/2015:03:01:16 +0000] "GET /openLayers_v3.9.0/ol/ol/webgl/buffer.js HTTP/1.1" 200 901 
0:0:0:0:0:0:0:1 -  -  [02/Oct/2015:03:01:16 +0000] "GET /openLayers_v3.9.0/ol/ol/webgl/context.js HTTP/1.1" 200 11411 
0:0:0:0:0:0:0:1 -  -  [02/Oct/2015:03:01:16 +0000] "GET /openLayers_v3.9.0/ol/ol/renderer/webgl/webglmapcolorshader.js HTTP/1.1" 200 4186 
0:0:0:0:0:0:0:1 -  -  [02/Oct/2015:03:01:16 +0000] "GET /openLayers_v3.9.0/ol/ol/render/webgl/webglimmediate.js HTTP/1.1" 200 7684 
0:0:0:0:0:0:0:1 -  -  [02/Oct/2015:03:01:16 +0000] "GET /openLayers_v3.9.0/ol/ol/renderer/webgl/webglmapdefaultshader.js HTTP/1.1" 200 3865 
0:0:0:0:0:0:0:1 -  -  [02/Oct/2015:03:01:16 +0000] "GET /openLayers_v3.9.0/ol/ol/renderer/webgl/webgllayerrenderer.js HTTP/1.1" 200 8287 
0:0:0:0:0:0:0:1 -  -  [02/Oct/2015:03:01:16 +0000] "GET /openLayers_v3.9.0/ol/ol/render/webgl/webglreplay.js HTTP/1.1" 200 40235 
0:0:0:0:0:0:0:1 -  -  [02/Oct/2015:03:01:16 +0000] "GET /openLayers_v3.9.0/ol/ol/renderer/webgl/webglimagelayerrenderer.js HTTP/1.1" 200 10472 
0:0:0:0:0:0:0:1 -  -  [02/Oct/2015:03:01:16 +0000] "GET /openLayers_v3.9.0/ol/ol/renderer/webgl/webgltilelayershader.js HTTP/1.1" 200 3268 
0:0:0:0:0:0:0:1 -  -  [02/Oct/2015:03:01:16 +0000] "GET /openLayers_v3.9.0/ol/ol/renderer/webgl/webgltilelayerrenderer.js HTTP/1.1" 200 12919 
0:0:0:0:0:0:0:1 -  -  [02/Oct/2015:03:01:16 +0000] "GET /openLayers_v3.9.0/ol/ol/renderer/webgl/webglvectorlayerrenderer.js HTTP/1.1" 200 9530 
0:0:0:0:0:0:0:1 -  -  [02/Oct/2015:03:01:16 +0000] "GET /openLayers_v3.9.0/ol/ol/renderer/webgl/webglmaprenderer.js HTTP/1.1" 200 18090 
0:0:0:0:0:0:0:1 -  -  [02/Oct/2015:03:01:16 +0000] "GET /openLayers_v3.9.0/ol/ol/map.js HTTP/1.1" 200 47490 
0:0:0:0:0:0:0:1 -  -  [02/Oct/2015:03:01:16 +0000] "GET /openLayers_v3.9.0/ol/ol/tileurlfunction.js HTTP/1.1" 200 4328 
0:0:0:0:0:0:0:1 -  -  [02/Oct/2015:03:01:16 +0000] "GET /openLayers_v3.9.0/ol/ol/tileloadfunction.js HTTP/1.1" 200 538 
0:0:0:0:0:0:0:1 -  -  [02/Oct/2015:03:01:16 +0000] "GET /openLayers_v3.9.0/ol/ol/imagetile.js HTTP/1.1" 200 3888 
0:0:0:0:0:0:0:1 -  -  [02/Oct/2015:03:01:16 +0000] "GET /openLayers_v3.9.0/ol/ol/source/tileimagesource.js HTTP/1.1" 200 5311 
0:0:0:0:0:0:0:1 -  -  [02/Oct/2015:03:01:16 +0000] "GET /openLayers_v3.9.0/ol/ol/source/xyzsource.js HTTP/1.1" 200 2818 
0:0:0:0:0:0:0:1 -  -  [02/Oct/2015:03:01:16 +0000] "GET /openLayers_v3.9.0/ol/ol/source/osmsource.js HTTP/1.1" 200 1408 
0:0:0:0:0:0:0:1 -  -  [02/Oct/2015:03:01:22 +0000] "GET /openLayers_v3.9.0/examples/geolocation.html?mode=advanced HTTP/1.1" 200 11983 
0:0:0:0:0:0:0:1 -  -  [02/Oct/2015:03:01:22 +0000] "GET /openLayers_v3.9.0/css/ol.css HTTP/1.1" 200 3726 
0:0:0:0:0:0:0:1 -  -  [02/Oct/2015:03:01:22 +0000] "GET /openLayers_v3.9.0/examples/resources/prism/prism.css HTTP/1.1" 200 2254 
0:0:0:0:0:0:0:1 -  -  [02/Oct/2015:03:01:22 +0000] "GET /openLayers_v3.9.0/examples/resources/layout.css HTTP/1.1" 200 1580 
0:0:0:0:0:0:0:1 -  -  [02/Oct/2015:03:01:22 +0000] "GET /openLayers_v3.9.0/examples/resources/zeroclipboard/ZeroClipboard.min.js HTTP/1.1" 200 29911 
0:0:0:0:0:0:0:1 -  -  [02/Oct/2015:03:01:22 +0000] "GET /openLayers_v3.9.0/examples/resources/logo-70x70.png HTTP/1.1" 200 5732 
0:0:0:0:0:0:0:1 -  -  [02/Oct/2015:03:01:22 +0000] "GET /openLayers_v3.9.0/examples/resources/common.js HTTP/1.1" 200 2844 
0:0:0:0:0:0:0:1 -  -  [02/Oct/2015:03:01:22 +0000] "GET /openLayers_v3.9.0/examples/resources/prism/prism.min.js HTTP/1.1" 200 7942 
0:0:0:0:0:0:0:1 -  -  [02/Oct/2015:03:01:22 +0000] "GET /openLayers_v3.9.0/examples/loader.js?id=geolocation HTTP/1.1" 200 2482 
0:0:0:0:0:0:0:1 -  -  [02/Oct/2015:03:01:22 +0000] "GET /openLayers_v3.9.0/examples/resources/map-background.jpg HTTP/1.1" 200 3445 
0:0:0:0:0:0:0:1 -  -  [02/Oct/2015:03:01:22 +0000] "GET /openLayers_v3.9.0/examples/resources/zeroclipboard/ZeroClipboard.min.map HTTP/1.1" 200 129271 
0:0:0:0:0:0:0:1 -  -  [02/Oct/2015:03:01:22 +0000] "GET /openLayers_v3.9.0/examples/geolocation.js HTTP/1.1" 200 1976 
0:0:0:0:0:0:0:1 -  -  [02/Oct/2015:03:01:22 +0000] "GET /openLayers_v3.9.0/build/ol.js HTTP/1.1" 200 481987 
0:0:0:0:0:0:0:1 -  -  [02/Oct/2015:03:01:22 +0000] "GET /openLayers_v3.9.0/examples/resources/zeroclipboard/ZeroClipboard.swf?noCache=1443754882567 HTTP/1.1" 200 6580 
0:0:0:0:0:0:0:1 -  -  [02/Oct/2015:03:16:51 +0000] "GET /openLayers_v3.9.0/examples/geolocation.html?mode=advanced HTTP/1.1" 200 11983 
0:0:0:0:0:0:0:1 -  -  [02/Oct/2015:03:16:51 +0000] "GET /openLayers_v3.9.0/css/ol.css HTTP/1.1" 200 3726 
0:0:0:0:0:0:0:1 -  -  [02/Oct/2015:03:16:51 +0000] "GET /openLayers_v3.9.0/examples/resources/prism/prism.css HTTP/1.1" 200 2254 
0:0:0:0:0:0:0:1 -  -  [02/Oct/2015:03:16:51 +0000] "GET /openLayers_v3.9.0/examples/resources/layout.css HTTP/1.1" 200 1580 
0:0:0:0:0:0:0:1 -  -  [02/Oct/2015:03:16:51 +0000] "GET /openLayers_v3.9.0/examples/resources/zeroclipboard/ZeroClipboard.min.js HTTP/1.1" 200 29911 
0:0:0:0:0:0:0:1 -  -  [02/Oct/2015:03:16:51 +0000] "GET /openLayers_v3.9.0/examples/resources/logo-70x70.png HTTP/1.1" 200 5732 
0:0:0:0:0:0:0:1 -  -  [02/Oct/2015:03:16:51 +0000] "GET /openLayers_v3.9.0/examples/resources/common.js HTTP/1.1" 200 2844 
0:0:0:0:0:0:0:1 -  -  [02/Oct/2015:03:16:51 +0000] "GET /openLayers_v3.9.0/examples/resources/prism/prism.min.js HTTP/1.1" 200 7942 
0:0:0:0:0:0:0:1 -  -  [02/Oct/2015:03:16:51 +0000] "GET /openLayers_v3.9.0/examples/loader.js?id=geolocation HTTP/1.1" 200 2482 
0:0:0:0:0:0:0:1 -  -  [02/Oct/2015:03:16:52 +0000] "GET /openLayers_v3.9.0/examples/resources/map-background.jpg HTTP/1.1" 200 3445 
0:0:0:0:0:0:0:1 -  -  [02/Oct/2015:03:16:52 +0000] "GET /openLayers_v3.9.0/examples/geolocation.js HTTP/1.1" 200 1976 
0:0:0:0:0:0:0:1 -  -  [02/Oct/2015:03:16:52 +0000] "GET /openLayers_v3.9.0/build/ol.js HTTP/1.1" 200 481987 
0:0:0:0:0:0:0:1 -  -  [02/Oct/2015:03:16:52 +0000] "GET /openLayers_v3.9.0/examples/resources/zeroclipboard/ZeroClipboard.swf?noCache=1443755812759 HTTP/1.1" 200 6580 
0:0:0:0:0:0:0:1 -  -  [02/Oct/2015:04:25:17 +0000] "GET /openLayers_v3.9.0/examples/geolocation.html?mode=advanced HTTP/1.1" 200 11983 
0:0:0:0:0:0:0:1 -  -  [02/Oct/2015:04:25:18 +0000] "GET /openLayers_v3.9.0/css/ol.css HTTP/1.1" 200 3726 
0:0:0:0:0:0:0:1 -  -  [02/Oct/2015:04:25:18 +0000] "GET /openLayers_v3.9.0/examples/resources/prism/prism.css HTTP/1.1" 200 2254 
0:0:0:0:0:0:0:1 -  -  [02/Oct/2015:04:25:18 +0000] "GET /openLayers_v3.9.0/examples/resources/zeroclipboard/ZeroClipboard.min.js HTTP/1.1" 200 29911 
0:0:0:0:0:0:0:1 -  -  [02/Oct/2015:04:25:18 +0000] "GET /openLayers_v3.9.0/examples/resources/layout.css HTTP/1.1" 200 1580 
0:0:0:0:0:0:0:1 -  -  [02/Oct/2015:04:25:18 +0000] "GET /openLayers_v3.9.0/examples/resources/logo-70x70.png HTTP/1.1" 200 5732 
0:0:0:0:0:0:0:1 -  -  [02/Oct/2015:04:25:18 +0000] "GET /openLayers_v3.9.0/examples/resources/common.js HTTP/1.1" 200 2844 
0:0:0:0:0:0:0:1 -  -  [02/Oct/2015:04:25:18 +0000] "GET /openLayers_v3.9.0/examples/loader.js?id=geolocation HTTP/1.1" 200 2482 
0:0:0:0:0:0:0:1 -  -  [02/Oct/2015:04:25:18 +0000] "GET /openLayers_v3.9.0/examples/resources/prism/prism.min.js HTTP/1.1" 200 7942 
0:0:0:0:0:0:0:1 -  -  [02/Oct/2015:04:25:18 +0000] "GET /openLayers_v3.9.0/examples/resources/map-background.jpg HTTP/1.1" 200 3445 
0:0:0:0:0:0:0:1 -  -  [02/Oct/2015:04:25:18 +0000] "GET /openLayers_v3.9.0/examples/geolocation.js HTTP/1.1" 200 1976 
0:0:0:0:0:0:0:1 -  -  [02/Oct/2015:04:25:18 +0000] "GET /openLayers_v3.9.0/build/ol.js HTTP/1.1" 200 481987 
0:0:0:0:0:0:0:1 -  -  [02/Oct/2015:04:25:18 +0000] "GET /openLayers_v3.9.0/examples/resources/zeroclipboard/ZeroClipboard.swf?noCache=1443759918184 HTTP/1.1" 200 6580 
0:0:0:0:0:0:0:1 -  -  [02/Oct/2015:04:25:45 +0000] "GET /openLayers_v3.9.0/examples/resources/zeroclipboard/ZeroClipboard.min.js HTTP/1.1" 200 29911 
0:0:0:0:0:0:0:1 -  -  [02/Oct/2015:04:30:35 +0000] "GET / HTTP/1.1" 200 2708 
0:0:0:0:0:0:0:1 -  -  [02/Oct/2015:04:30:41 +0000] "GET /osm.html HTTP/1.1" 200 688 
0:0:0:0:0:0:0:1 -  -  [02/Oct/2015:04:31:29 +0000] "GET /osm.html HTTP/1.1" 200 678 
0:0:0:0:0:0:0:1 -  -  [02/Oct/2015:04:32:20 +0000] "GET /osm.html HTTP/1.1" 200 678 
0:0:0:0:0:0:0:1 -  -  [02/Oct/2015:04:32:53 +0000] "GET /osm.html HTTP/1.1" 200 678 
0:0:0:0:0:0:0:1 -  -  [02/Oct/2015:04:33:10 +0000] "GET /osm.html HTTP/1.1" 200 678 
0:0:0:0:0:0:0:1 -  -  [02/Oct/2015:04:33:28 +0000] "GET /osm.html HTTP/1.1" 200 679 
0:0:0:0:0:0:0:1 -  -  [02/Oct/2015:04:33:40 +0000] "GET /osm.html HTTP/1.1" 200 678 
0:0:0:0:0:0:0:1 -  -  [02/Oct/2015:04:34:07 +0000] "GET /osm.html HTTP/1.1" 200 679 
0:0:0:0:0:0:0:1 -  -  [02/Oct/2015:04:34:27 +0000] "GET /osm.html HTTP/1.1" 200 679 
0:0:0:0:0:0:0:1 -  -  [02/Oct/2015:05:14:22 +0000] "GET / HTTP/1.1" 200 2708 
0:0:0:0:0:0:0:1 -  -  [02/Oct/2015:05:14:38 +0000] "GET /osm.html HTTP/1.1" 200 261 
0:0:0:0:0:0:0:1 -  -  [02/Oct/2015:05:19:23 +0000] "GET /osm.html HTTP/1.1" 200 348 
0:0:0:0:0:0:0:1 -  -  [02/Oct/2015:05:19:23 +0000] "GET /openLayers_v3.9.0/ol/ol/ol.js HTTP/1.1" 200 5780 
0:0:0:0:0:0:0:1 -  -  [02/Oct/2015:05:23:10 +0000] "GET /osm.html HTTP/1.1" 200 1024 
0:0:0:0:0:0:0:1 -  -  [02/Oct/2015:05:25:21 +0000] "GET /osm.html HTTP/1.1" 200 1034 
0:0:0:0:0:0:0:1 -  -  [02/Oct/2015:05:26:10 +0000] "GET /osm.html HTTP/1.1" 200 1033 
0:0:0:0:0:0:0:1 -  -  [02/Oct/2015:05:33:09 +0000] "GET /osm.html HTTP/1.1" 200 1246 
0:0:0:0:0:0:0:1 -  -  [04/Oct/2015:06:24:18 +0000] "GET / HTTP/1.1" 200 2708 
0:0:0:0:0:0:0:1 -  -  [04/Oct/2015:06:24:30 +0000] "GET /osm.html HTTP/1.1" 200 2089 
0:0:0:0:0:0:0:1 -  -  [04/Oct/2015:06:26:34 +0000] "GET /osm.html HTTP/1.1" 200 2102 
0:0:0:0:0:0:0:1 -  -  [04/Oct/2015:06:27:24 +0000] "GET / HTTP/1.1" 200 2708 
0:0:0:0:0:0:0:1 -  -  [04/Oct/2015:06:27:33 +0000] "GET /osm.html HTTP/1.1" 200 2071 
0:0:0:0:0:0:0:1 -  -  [04/Oct/2015:06:27:42 +0000] "GET /osm.html HTTP/1.1" 200 2069 
0:0:0:0:0:0:0:1 -  -  [04/Oct/2015:06:27:52 +0000] "GET /osm.html HTTP/1.1" 200 2069 
0:0:0:0:0:0:0:1 -  -  [04/Oct/2015:06:28:07 +0000] "GET /osm.html HTTP/1.1" 200 2069 
0:0:0:0:0:0:0:1 -  -  [04/Oct/2015:06:30:07 +0000] "GET /osm.html HTTP/1.1" 200 2106 
0:0:0:0:0:0:0:1 -  -  [04/Oct/2015:06:31:30 +0000] "GET /osm.html HTTP/1.1" 200 2179 
0:0:0:0:0:0:0:1 -  -  [04/Oct/2015:06:38:47 +0000] "GET /osm.html HTTP/1.1" 200 2321 
0:0:0:0:0:0:0:1 -  -  [04/Oct/2015:06:39:07 +0000] "GET /osm.html HTTP/1.1" 200 2321 
0:0:0:0:0:0:0:1 -  -  [04/Oct/2015:06:41:55 +0000] "GET /osm.html HTTP/1.1" 200 2322 
0:0:0:0:0:0:0:1 -  -  [04/Oct/2015:06:55:54 +0000] "GET /osm.html HTTP/1.1" 200 3281 
0:0:0:0:0:0:0:1 -  -  [04/Oct/2015:06:56:24 +0000] "GET /osm.html HTTP/1.1" 200 3281 
