0:0:0:0:0:0:0:1 -  -  [27/Jan/2016:01:26:03 +0000] "GET /googleMaps.html HTTP/1.1" 200 20367 
0:0:0:0:0:0:0:1 -  -  [27/Jan/2016:01:26:04 +0000] "GET /javascript/dis.js HTTP/1.1" 200 439889 
0:0:0:0:0:0:0:1 -  -  [27/Jan/2016:01:26:04 +0000] "GET / HTTP/1.1" 101 - 
0:0:0:0:0:0:0:1 -  -  [27/Jan/2016:01:31:54 +0000] "GET /googleMaps.html HTTP/1.1" 200 20367 
0:0:0:0:0:0:0:1 -  -  [27/Jan/2016:01:31:55 +0000] "GET /javascript/dis.js HTTP/1.1" 200 439889 
0:0:0:0:0:0:0:1 -  -  [27/Jan/2016:01:31:55 +0000] "GET / HTTP/1.1" 101 - 
0:0:0:0:0:0:0:1 -  -  [27/Jan/2016:01:52:39 +0000] "GET /googleMaps.html HTTP/1.1" 200 20367 
0:0:0:0:0:0:0:1 -  -  [27/Jan/2016:01:52:39 +0000] "GET /javascript/dis.js HTTP/1.1" 200 439889 
0:0:0:0:0:0:0:1 -  -  [27/Jan/2016:01:52:40 +0000] "GET / HTTP/1.1" 101 - 
0:0:0:0:0:0:0:1 -  -  [27/Jan/2016:01:54:43 +0000] "GET /googleMaps.html HTTP/1.1" 200 20367 
0:0:0:0:0:0:0:1 -  -  [27/Jan/2016:01:54:43 +0000] "GET /javascript/dis.js HTTP/1.1" 200 439889 
0:0:0:0:0:0:0:1 -  -  [27/Jan/2016:01:54:43 +0000] "GET / HTTP/1.1" 101 - 
0:0:0:0:0:0:0:1 -  -  [27/Jan/2016:02:10:50 +0000] "GET /googleMaps.html HTTP/1.1" 200 20367 
0:0:0:0:0:0:0:1 -  -  [27/Jan/2016:02:10:50 +0000] "GET /javascript/dis.js HTTP/1.1" 200 439889 
0:0:0:0:0:0:0:1 -  -  [27/Jan/2016:02:10:50 +0000] "GET / HTTP/1.1" 101 - 
0:0:0:0:0:0:0:1 -  -  [27/Jan/2016:02:12:23 +0000] "GET /googleMaps.html HTTP/1.1" 200 20367 
0:0:0:0:0:0:0:1 -  -  [27/Jan/2016:02:12:23 +0000] "GET /javascript/dis.js HTTP/1.1" 200 439889 
0:0:0:0:0:0:0:1 -  -  [27/Jan/2016:02:12:23 +0000] "GET / HTTP/1.1" 101 - 
0:0:0:0:0:0:0:1 -  -  [27/Jan/2016:07:06:09 +0000] "GET /googleMaps.html HTTP/1.1" 200 20367 
0:0:0:0:0:0:0:1 -  -  [27/Jan/2016:07:06:09 +0000] "GET /googleMaps.html HTTP/1.1" 200 20367 
0:0:0:0:0:0:0:1 -  -  [27/Jan/2016:07:06:10 +0000] "GET /javascript/dis.js HTTP/1.1" 200 439889 
0:0:0:0:0:0:0:1 -  -  [27/Jan/2016:07:06:10 +0000] "GET /javascript/dis.js HTTP/1.1" 200 439889 
0:0:0:0:0:0:0:1 -  -  [27/Jan/2016:07:06:10 +0000] "GET / HTTP/1.1" 101 - 
0:0:0:0:0:0:0:1 -  -  [27/Jan/2016:07:06:10 +0000] "GET /favicon.ico HTTP/1.1" 404 295 
0:0:0:0:0:0:0:1 -  -  [27/Jan/2016:07:06:10 +0000] "GET / HTTP/1.1" 101 - 
0:0:0:0:0:0:0:1 -  -  [27/Jan/2016:07:06:19 +0000] "GET /googleMaps.html HTTP/1.1" 200 20367 
0:0:0:0:0:0:0:1 -  -  [27/Jan/2016:07:06:19 +0000] "GET /javascript/dis.js HTTP/1.1" 200 439889 
0:0:0:0:0:0:0:1 -  -  [27/Jan/2016:07:06:20 +0000] "GET / HTTP/1.1" 101 - 
0:0:0:0:0:0:0:1 -  -  [27/Jan/2016:07:12:51 +0000] "GET /googleMaps.html HTTP/1.1" 200 20367 
0:0:0:0:0:0:0:1 -  -  [27/Jan/2016:07:12:51 +0000] "GET /javascript/dis.js HTTP/1.1" 200 439889 
0:0:0:0:0:0:0:1 -  -  [27/Jan/2016:07:12:51 +0000] "GET / HTTP/1.1" 101 - 
0:0:0:0:0:0:0:1 -  -  [27/Jan/2016:07:17:10 +0000] "GET / HTTP/1.1" 200 2708 
0:0:0:0:0:0:0:1 -  -  [27/Jan/2016:07:17:18 +0000] "GET /constructive.html HTTP/1.1" 200 3460 
0:0:0:0:0:0:0:1 -  -  [27/Jan/2016:07:17:18 +0000] "GET /javascript/dis.js HTTP/1.1" 200 439889 
0:0:0:0:0:0:0:1 -  -  [27/Jan/2016:07:17:18 +0000] "GET / HTTP/1.1" 101 - 
0:0:0:0:0:0:0:1 -  -  [27/Jan/2016:07:17:23 +0000] "GET /form_action.asp?kind=1&domain=3&country=225 HTTP/1.1" 404 299 
0:0:0:0:0:0:0:1 -  -  [27/Jan/2016:07:17:25 +0000] "GET / HTTP/1.1" 101 - 
0:0:0:0:0:0:0:1 -  -  [27/Jan/2016:07:21:52 +0000] "GET /constructive.html HTTP/1.1" 200 4367 
0:0:0:0:0:0:0:1 -  -  [27/Jan/2016:07:21:52 +0000] "GET /javascript/dis.js HTTP/1.1" 200 439889 
0:0:0:0:0:0:0:1 -  -  [27/Jan/2016:07:21:52 +0000] "GET / HTTP/1.1" 101 - 
0:0:0:0:0:0:0:1 -  -  [27/Jan/2016:07:23:13 +0000] "GET /constructive.html HTTP/1.1" 200 3678 
0:0:0:0:0:0:0:1 -  -  [27/Jan/2016:07:23:13 +0000] "GET /javascript/dis.js HTTP/1.1" 200 439889 
0:0:0:0:0:0:0:1 -  -  [27/Jan/2016:07:23:13 +0000] "GET / HTTP/1.1" 101 - 
0:0:0:0:0:0:0:1 -  -  [27/Jan/2016:07:30:19 +0000] "GET /constructive.html HTTP/1.1" 200 3867 
0:0:0:0:0:0:0:1 -  -  [27/Jan/2016:07:30:19 +0000] "GET /javascript/dis.js HTTP/1.1" 200 439889 
0:0:0:0:0:0:0:1 -  -  [27/Jan/2016:07:30:19 +0000] "GET / HTTP/1.1" 101 - 
0:0:0:0:0:0:0:1 -  -  [27/Jan/2016:07:32:08 +0000] "GET /constructive.html HTTP/1.1" 200 4097 
0:0:0:0:0:0:0:1 -  -  [27/Jan/2016:07:32:08 +0000] "GET /javascript/dis.js HTTP/1.1" 200 439889 
0:0:0:0:0:0:0:1 -  -  [27/Jan/2016:07:32:08 +0000] "GET / HTTP/1.1" 101 - 
0:0:0:0:0:0:0:1 -  -  [27/Jan/2016:07:35:39 +0000] "GET /constructive.html HTTP/1.1" 200 4329 
0:0:0:0:0:0:0:1 -  -  [27/Jan/2016:07:35:39 +0000] "GET /javascript/dis.js HTTP/1.1" 200 439889 
0:0:0:0:0:0:0:1 -  -  [27/Jan/2016:07:35:39 +0000] "GET / HTTP/1.1" 101 - 
0:0:0:0:0:0:0:1 -  -  [27/Jan/2016:07:37:19 +0000] "GET /constructive.html HTTP/1.1" 200 4350 
0:0:0:0:0:0:0:1 -  -  [27/Jan/2016:07:37:19 +0000] "GET /javascript/dis.js HTTP/1.1" 200 439889 
0:0:0:0:0:0:0:1 -  -  [27/Jan/2016:07:37:19 +0000] "GET / HTTP/1.1" 101 - 
0:0:0:0:0:0:0:1 -  -  [27/Jan/2016:07:42:06 +0000] "GET /constructive.html HTTP/1.1" 200 4630 
0:0:0:0:0:0:0:1 -  -  [27/Jan/2016:07:42:06 +0000] "GET /javascript/dis.js HTTP/1.1" 200 439889 
0:0:0:0:0:0:0:1 -  -  [27/Jan/2016:07:42:06 +0000] "GET / HTTP/1.1" 101 - 
0:0:0:0:0:0:0:1 -  -  [27/Jan/2016:07:43:19 +0000] "GET /constructive.html HTTP/1.1" 200 4652 
0:0:0:0:0:0:0:1 -  -  [27/Jan/2016:07:43:19 +0000] "GET /javascript/dis.js HTTP/1.1" 200 439889 
0:0:0:0:0:0:0:1 -  -  [27/Jan/2016:07:43:19 +0000] "GET / HTTP/1.1" 101 - 
0:0:0:0:0:0:0:1 -  -  [27/Jan/2016:07:44:24 +0000] "GET /constructive.html HTTP/1.1" 200 4746 
0:0:0:0:0:0:0:1 -  -  [27/Jan/2016:07:44:24 +0000] "GET /javascript/dis.js HTTP/1.1" 200 439889 
0:0:0:0:0:0:0:1 -  -  [27/Jan/2016:07:44:24 +0000] "GET / HTTP/1.1" 101 - 
0:0:0:0:0:0:0:1 -  -  [27/Jan/2016:07:46:25 +0000] "GET /constructive.html HTTP/1.1" 200 4896 
0:0:0:0:0:0:0:1 -  -  [27/Jan/2016:07:46:25 +0000] "GET /javascript/dis.js HTTP/1.1" 200 439889 
0:0:0:0:0:0:0:1 -  -  [27/Jan/2016:07:46:25 +0000] "GET / HTTP/1.1" 101 - 
0:0:0:0:0:0:0:1 -  -  [27/Jan/2016:07:48:24 +0000] "GET /constructive.html HTTP/1.1" 200 4902 
0:0:0:0:0:0:0:1 -  -  [27/Jan/2016:07:48:24 +0000] "GET /javascript/dis.js HTTP/1.1" 200 439889 
0:0:0:0:0:0:0:1 -  -  [27/Jan/2016:07:48:24 +0000] "GET / HTTP/1.1" 101 - 
0:0:0:0:0:0:0:1 -  -  [27/Jan/2016:07:50:12 +0000] "GET /constructive.html HTTP/1.1" 200 4916 
0:0:0:0:0:0:0:1 -  -  [27/Jan/2016:07:50:12 +0000] "GET /javascript/dis.js HTTP/1.1" 200 439889 
0:0:0:0:0:0:0:1 -  -  [27/Jan/2016:07:50:12 +0000] "GET / HTTP/1.1" 101 - 
0:0:0:0:0:0:0:1 -  -  [27/Jan/2016:17:35:48 +0000] "GET /constructive.html HTTP/1.1" 200 5292 
0:0:0:0:0:0:0:1 -  -  [27/Jan/2016:17:35:48 +0000] "GET /javascript/dis.js HTTP/1.1" 200 439889 
0:0:0:0:0:0:0:1 -  -  [27/Jan/2016:17:35:48 +0000] "GET / HTTP/1.1" 101 - 
0:0:0:0:0:0:0:1 -  -  [27/Jan/2016:17:41:42 +0000] "GET /constructive.html HTTP/1.1" 200 5974 
0:0:0:0:0:0:0:1 -  -  [27/Jan/2016:17:41:42 +0000] "GET /javascript/dis.js HTTP/1.1" 200 439889 
0:0:0:0:0:0:0:1 -  -  [27/Jan/2016:17:41:42 +0000] "GET / HTTP/1.1" 101 - 
0:0:0:0:0:0:0:1 -  -  [27/Jan/2016:17:42:36 +0000] "GET /constructive.html HTTP/1.1" 200 5966 
0:0:0:0:0:0:0:1 -  -  [27/Jan/2016:17:42:36 +0000] "GET /javascript/dis.js HTTP/1.1" 200 439889 
0:0:0:0:0:0:0:1 -  -  [27/Jan/2016:17:42:36 +0000] "GET / HTTP/1.1" 101 - 
0:0:0:0:0:0:0:1 -  -  [27/Jan/2016:17:45:33 +0000] "GET /constructive.html HTTP/1.1" 200 6167 
0:0:0:0:0:0:0:1 -  -  [27/Jan/2016:17:45:33 +0000] "GET /javascript/dis.js HTTP/1.1" 200 439889 
0:0:0:0:0:0:0:1 -  -  [27/Jan/2016:17:45:33 +0000] "GET / HTTP/1.1" 101 - 
0:0:0:0:0:0:0:1 -  -  [27/Jan/2016:17:47:13 +0000] "GET /constructive.html HTTP/1.1" 200 6534 
0:0:0:0:0:0:0:1 -  -  [27/Jan/2016:17:47:13 +0000] "GET /javascript/dis.js HTTP/1.1" 200 439889 
0:0:0:0:0:0:0:1 -  -  [27/Jan/2016:17:47:13 +0000] "GET / HTTP/1.1" 101 - 
0:0:0:0:0:0:0:1 -  -  [27/Jan/2016:17:47:42 +0000] "GET /constructive.html HTTP/1.1" 200 6583 
0:0:0:0:0:0:0:1 -  -  [27/Jan/2016:17:47:42 +0000] "GET /javascript/dis.js HTTP/1.1" 200 439889 
0:0:0:0:0:0:0:1 -  -  [27/Jan/2016:17:47:42 +0000] "GET / HTTP/1.1" 101 - 
0:0:0:0:0:0:0:1 -  -  [27/Jan/2016:18:00:07 +0000] "GET /constructive.html HTTP/1.1" 200 6880 
0:0:0:0:0:0:0:1 -  -  [27/Jan/2016:18:00:07 +0000] "GET /javascript/dis.js HTTP/1.1" 200 439889 
0:0:0:0:0:0:0:1 -  -  [27/Jan/2016:18:00:07 +0000] "GET / HTTP/1.1" 101 - 
0:0:0:0:0:0:0:1 -  -  [27/Jan/2016:18:06:10 +0000] "GET /constructive.html HTTP/1.1" 200 7739 
0:0:0:0:0:0:0:1 -  -  [27/Jan/2016:18:06:10 +0000] "GET /javascript/dis.js HTTP/1.1" 200 439889 
0:0:0:0:0:0:0:1 -  -  [27/Jan/2016:18:06:10 +0000] "GET / HTTP/1.1" 101 - 
0:0:0:0:0:0:0:1 -  -  [27/Jan/2016:18:10:02 +0000] "GET /constructive.html HTTP/1.1" 200 7737 
0:0:0:0:0:0:0:1 -  -  [27/Jan/2016:18:10:02 +0000] "GET /javascript/dis.js HTTP/1.1" 200 439889 
0:0:0:0:0:0:0:1 -  -  [27/Jan/2016:18:10:02 +0000] "GET / HTTP/1.1" 101 - 
0:0:0:0:0:0:0:1 -  -  [27/Jan/2016:18:10:24 +0000] "GET /constructive.html HTTP/1.1" 200 7737 
0:0:0:0:0:0:0:1 -  -  [27/Jan/2016:18:10:24 +0000] "GET /javascript/dis.js HTTP/1.1" 200 439889 
0:0:0:0:0:0:0:1 -  -  [27/Jan/2016:18:10:24 +0000] "GET / HTTP/1.1" 101 - 
0:0:0:0:0:0:0:1 -  -  [27/Jan/2016:18:14:31 +0000] "GET /constructive.html HTTP/1.1" 200 8528 
0:0:0:0:0:0:0:1 -  -  [27/Jan/2016:18:14:32 +0000] "GET /javascript/dis.js HTTP/1.1" 200 439889 
0:0:0:0:0:0:0:1 -  -  [27/Jan/2016:18:14:32 +0000] "GET / HTTP/1.1" 101 - 
0:0:0:0:0:0:0:1 -  -  [27/Jan/2016:18:14:55 +0000] "GET /constructive.html HTTP/1.1" 200 8529 
0:0:0:0:0:0:0:1 -  -  [27/Jan/2016:18:14:55 +0000] "GET /javascript/dis.js HTTP/1.1" 200 439889 
0:0:0:0:0:0:0:1 -  -  [27/Jan/2016:18:14:56 +0000] "GET / HTTP/1.1" 101 - 
0:0:0:0:0:0:0:1 -  -  [27/Jan/2016:18:16:32 +0000] "GET /constructive.html HTTP/1.1" 200 8544 
0:0:0:0:0:0:0:1 -  -  [27/Jan/2016:18:16:32 +0000] "GET /javascript/dis.js HTTP/1.1" 200 439889 
0:0:0:0:0:0:0:1 -  -  [27/Jan/2016:18:16:32 +0000] "GET / HTTP/1.1" 101 - 
0:0:0:0:0:0:0:1 -  -  [27/Jan/2016:18:20:05 +0000] "GET /constructive.html HTTP/1.1" 200 8599 
0:0:0:0:0:0:0:1 -  -  [27/Jan/2016:18:20:05 +0000] "GET /javascript/dis.js HTTP/1.1" 200 439889 
0:0:0:0:0:0:0:1 -  -  [27/Jan/2016:18:20:05 +0000] "GET / HTTP/1.1" 101 - 
0:0:0:0:0:0:0:1 -  -  [27/Jan/2016:18:20:47 +0000] "GET /constructive.html HTTP/1.1" 200 8595 
0:0:0:0:0:0:0:1 -  -  [27/Jan/2016:18:20:47 +0000] "GET /javascript/dis.js HTTP/1.1" 200 439889 
0:0:0:0:0:0:0:1 -  -  [27/Jan/2016:18:20:47 +0000] "GET / HTTP/1.1" 101 - 
0:0:0:0:0:0:0:1 -  -  [27/Jan/2016:18:37:15 +0000] "GET /constructive.html HTTP/1.1" 200 8610 
0:0:0:0:0:0:0:1 -  -  [27/Jan/2016:18:37:15 +0000] "GET /javascript/dis.js HTTP/1.1" 200 439889 
0:0:0:0:0:0:0:1 -  -  [27/Jan/2016:18:37:15 +0000] "GET / HTTP/1.1" 101 - 
0:0:0:0:0:0:0:1 -  -  [27/Jan/2016:18:37:29 +0000] "GET / HTTP/1.1" 200 2708 
0:0:0:0:0:0:0:1 -  -  [27/Jan/2016:18:37:35 +0000] "GET /googleMaps.html HTTP/1.1" 200 20373 
0:0:0:0:0:0:0:1 -  -  [27/Jan/2016:18:37:35 +0000] "GET /javascript/dis.js HTTP/1.1" 200 439889 
0:0:0:0:0:0:0:1 -  -  [27/Jan/2016:18:37:36 +0000] "GET / HTTP/1.1" 101 - 
0:0:0:0:0:0:0:1 -  -  [27/Jan/2016:18:38:33 +0000] "GET /googleMaps.html HTTP/1.1" 200 20373 
0:0:0:0:0:0:0:1 -  -  [27/Jan/2016:18:38:33 +0000] "GET /javascript/dis.js HTTP/1.1" 200 439889 
0:0:0:0:0:0:0:1 -  -  [27/Jan/2016:18:38:34 +0000] "GET / HTTP/1.1" 101 - 
0:0:0:0:0:0:0:1 -  -  [27/Jan/2016:18:40:01 +0000] "GET /googleMaps.html HTTP/1.1" 200 20377 
0:0:0:0:0:0:0:1 -  -  [27/Jan/2016:18:40:01 +0000] "GET /javascript/dis.js HTTP/1.1" 200 439889 
0:0:0:0:0:0:0:1 -  -  [27/Jan/2016:18:40:02 +0000] "GET / HTTP/1.1" 101 - 
0:0:0:0:0:0:0:1 -  -  [27/Jan/2016:18:46:52 +0000] "GET /constructive.html HTTP/1.1" 200 8933 
0:0:0:0:0:0:0:1 -  -  [27/Jan/2016:18:46:52 +0000] "GET /javascript/dis.js HTTP/1.1" 200 439889 
0:0:0:0:0:0:0:1 -  -  [27/Jan/2016:18:46:52 +0000] "GET / HTTP/1.1" 101 - 
0:0:0:0:0:0:0:1 -  -  [27/Jan/2016:18:49:27 +0000] "GET /constructive.html HTTP/1.1" 200 8939 
0:0:0:0:0:0:0:1 -  -  [27/Jan/2016:18:49:27 +0000] "GET /javascript/dis.js HTTP/1.1" 200 439889 
0:0:0:0:0:0:0:1 -  -  [27/Jan/2016:18:49:27 +0000] "GET / HTTP/1.1" 101 - 
0:0:0:0:0:0:0:1 -  -  [27/Jan/2016:18:50:08 +0000] "GET /googleMaps.html HTTP/1.1" 200 20377 
0:0:0:0:0:0:0:1 -  -  [27/Jan/2016:18:50:08 +0000] "GET /javascript/dis.js HTTP/1.1" 200 439889 
0:0:0:0:0:0:0:1 -  -  [27/Jan/2016:18:50:08 +0000] "GET / HTTP/1.1" 101 - 
0:0:0:0:0:0:0:1 -  -  [27/Jan/2016:19:02:22 +0000] "GET /googleMaps.html HTTP/1.1" 200 20377 
0:0:0:0:0:0:0:1 -  -  [27/Jan/2016:19:02:22 +0000] "GET /javascript/dis.js HTTP/1.1" 200 439889 
0:0:0:0:0:0:0:1 -  -  [27/Jan/2016:19:02:22 +0000] "GET / HTTP/1.1" 101 - 
0:0:0:0:0:0:0:1 -  -  [27/Jan/2016:19:07:10 +0000] "GET /constructive.html HTTP/1.1" 200 8939 
0:0:0:0:0:0:0:1 -  -  [27/Jan/2016:19:07:10 +0000] "GET /javascript/dis.js HTTP/1.1" 200 439889 
0:0:0:0:0:0:0:1 -  -  [27/Jan/2016:19:07:10 +0000] "GET / HTTP/1.1" 101 - 
0:0:0:0:0:0:0:1 -  -  [27/Jan/2016:19:08:43 +0000] "GET /googleMaps.html HTTP/1.1" 200 20377 
0:0:0:0:0:0:0:1 -  -  [27/Jan/2016:19:08:43 +0000] "GET /javascript/dis.js HTTP/1.1" 200 439889 
0:0:0:0:0:0:0:1 -  -  [27/Jan/2016:19:08:43 +0000] "GET / HTTP/1.1" 101 - 
0:0:0:0:0:0:0:1 -  -  [27/Jan/2016:19:21:52 +0000] "GET / HTTP/1.1" 200 2973 
0:0:0:0:0:0:0:1 -  -  [27/Jan/2016:19:21:56 +0000] "GET /constructive.html HTTP/1.1" 200 8939 
0:0:0:0:0:0:0:1 -  -  [27/Jan/2016:19:21:56 +0000] "GET /javascript/dis.js HTTP/1.1" 200 439889 
0:0:0:0:0:0:0:1 -  -  [27/Jan/2016:19:21:56 +0000] "GET / HTTP/1.1" 101 - 
0:0:0:0:0:0:0:1 -  -  [27/Jan/2016:19:22:24 +0000] "GET / HTTP/1.1" 200 2973 
0:0:0:0:0:0:0:1 -  -  [27/Jan/2016:19:22:26 +0000] "GET /googleMaps.html HTTP/1.1" 200 20377 
0:0:0:0:0:0:0:1 -  -  [27/Jan/2016:19:22:26 +0000] "GET /javascript/dis.js HTTP/1.1" 200 439889 
0:0:0:0:0:0:0:1 -  -  [27/Jan/2016:19:22:26 +0000] "GET / HTTP/1.1" 101 - 
0:0:0:0:0:0:0:1 -  -  [27/Jan/2016:23:46:29 +0000] "GET / HTTP/1.1" 200 2973 
0:0:0:0:0:0:0:1 -  -  [27/Jan/2016:23:46:35 +0000] "GET /shooting.html HTTP/1.1" 200 3716 
0:0:0:0:0:0:0:1 -  -  [27/Jan/2016:23:46:35 +0000] "GET /javascript/dis.js HTTP/1.1" 200 439889 
0:0:0:0:0:0:0:1 -  -  [27/Jan/2016:23:46:35 +0000] "GET / HTTP/1.1" 101 - 
0:0:0:0:0:0:0:1 -  -  [27/Jan/2016:23:47:04 +0000] "GET / HTTP/1.1" 200 2973 
0:0:0:0:0:0:0:1 -  -  [27/Jan/2016:23:47:08 +0000] "GET /googleMaps.html HTTP/1.1" 200 20377 
0:0:0:0:0:0:0:1 -  -  [27/Jan/2016:23:47:08 +0000] "GET /javascript/dis.js HTTP/1.1" 200 439889 
0:0:0:0:0:0:0:1 -  -  [27/Jan/2016:23:47:09 +0000] "GET / HTTP/1.1" 101 - 
