0:0:0:0:0:0:0:1 -  -  [01/Oct/2015:22:59:18 +0000] "GET / HTTP/1.1" 200 2708 
0:0:0:0:0:0:0:1 -  -  [01/Oct/2015:22:59:19 +0000] "GET /favicon.ico HTTP/1.1" 404 295 
0:0:0:0:0:0:0:1 -  -  [01/Oct/2015:22:59:20 +0000] "GET /googleMaps.html HTTP/1.1" 200 20368 
0:0:0:0:0:0:0:1 -  -  [01/Oct/2015:22:59:20 +0000] "GET /javascript/dis.js HTTP/1.1" 200 439889 
0:0:0:0:0:0:0:1 -  -  [01/Oct/2015:22:59:21 +0000] "GET / HTTP/1.1" 101 - 
0:0:0:0:0:0:0:1 -  -  [01/Oct/2015:23:02:28 +0000] "GET /openStreetMap.html HTTP/1.1" 200 14079 
0:0:0:0:0:0:0:1 -  -  [01/Oct/2015:23:02:28 +0000] "GET /ol3/ol.css HTTP/1.1" 200 4796 
0:0:0:0:0:0:0:1 -  -  [01/Oct/2015:23:02:28 +0000] "GET /javascript/jquery-1.11.1.min.js HTTP/1.1" 200 95786 
0:0:0:0:0:0:0:1 -  -  [01/Oct/2015:23:02:28 +0000] "GET /ol3/ol.js HTTP/1.1" 200 390806 
0:0:0:0:0:0:0:1 -  -  [01/Oct/2015:23:02:28 +0000] "GET /javascript/dis.js HTTP/1.1" 200 439889 
0:0:0:0:0:0:0:1 -  -  [01/Oct/2015:23:02:28 +0000] "GET / HTTP/1.1" 101 - 
0:0:0:0:0:0:0:1 -  -  [01/Oct/2015:23:02:29 +0000] "GET /images/dotIcon.png HTTP/1.1" 200 8887 
0:0:0:0:0:0:0:1 -  -  [01/Oct/2015:23:21:37 +0000] "GET / HTTP/1.1" 200 2708 
0:0:0:0:0:0:0:1 -  -  [01/Oct/2015:23:21:39 +0000] "GET /openStreetMap.html HTTP/1.1" 200 2552 
0:0:0:0:0:0:0:1 -  -  [01/Oct/2015:23:21:39 +0000] "GET /theme/default/style.css HTTP/1.1" 404 307 
0:0:0:0:0:0:0:1 -  -  [01/Oct/2015:23:21:39 +0000] "GET /style.css HTTP/1.1" 404 293 
0:0:0:0:0:0:0:1 -  -  [01/Oct/2015:23:21:39 +0000] "GET /OpenLayers.js HTTP/1.1" 404 297 
0:0:0:0:0:0:0:1 -  -  [01/Oct/2015:23:21:42 +0000] "GET /openStreetMap.html HTTP/1.1" 200 2552 
0:0:0:0:0:0:0:1 -  -  [01/Oct/2015:23:21:42 +0000] "GET /theme/default/style.css HTTP/1.1" 404 307 
0:0:0:0:0:0:0:1 -  -  [01/Oct/2015:23:21:42 +0000] "GET /style.css HTTP/1.1" 404 293 
0:0:0:0:0:0:0:1 -  -  [01/Oct/2015:23:21:42 +0000] "GET /OpenLayers.js HTTP/1.1" 404 297 
0:0:0:0:0:0:0:1 -  -  [01/Oct/2015:23:23:51 +0000] "GET /openStreetMap.html HTTP/1.1" 200 2545 
0:0:0:0:0:0:0:1 -  -  [01/Oct/2015:23:23:51 +0000] "GET /style.css HTTP/1.1" 404 293 
0:0:0:0:0:0:0:1 -  -  [01/Oct/2015:23:23:51 +0000] "GET /theme/default/style.css HTTP/1.1" 404 307 
0:0:0:0:0:0:0:1 -  -  [01/Oct/2015:23:23:51 +0000] "GET /ol3/ol.js HTTP/1.1" 200 390806 
0:0:0:0:0:0:0:1 -  -  [01/Oct/2015:23:27:34 +0000] "GET /openStreetMap.html HTTP/1.1" 200 2545 
0:0:0:0:0:0:0:1 -  -  [01/Oct/2015:23:27:34 +0000] "GET /theme/default/style.css HTTP/1.1" 404 307 
0:0:0:0:0:0:0:1 -  -  [01/Oct/2015:23:27:34 +0000] "GET /style.css HTTP/1.1" 404 293 
0:0:0:0:0:0:0:1 -  -  [01/Oct/2015:23:27:34 +0000] "GET /ol3/ol.js HTTP/1.1" 200 390806 
0:0:0:0:0:0:0:1 -  -  [01/Oct/2015:23:27:36 +0000] "GET /openStreetMap.html HTTP/1.1" 200 2545 
0:0:0:0:0:0:0:1 -  -  [01/Oct/2015:23:27:36 +0000] "GET /theme/default/style.css HTTP/1.1" 404 307 
0:0:0:0:0:0:0:1 -  -  [01/Oct/2015:23:27:36 +0000] "GET /ol3/ol.js HTTP/1.1" 200 390806 
0:0:0:0:0:0:0:1 -  -  [01/Oct/2015:23:27:36 +0000] "GET /style.css HTTP/1.1" 404 293 
0:0:0:0:0:0:0:1 -  -  [01/Oct/2015:23:27:42 +0000] "GET /theme/default/style.css HTTP/1.1" 404 307 
0:0:0:0:0:0:0:1 -  -  [01/Oct/2015:23:27:42 +0000] "GET /style.css HTTP/1.1" 404 293 
0:0:0:0:0:0:0:1 -  -  [01/Oct/2015:23:48:18 +0000] "GET / HTTP/1.1" 200 2708 
0:0:0:0:0:0:0:1 -  -  [01/Oct/2015:23:53:26 +0000] "GET /geolocation-orientation.html HTTP/1.1" 200 1592 
0:0:0:0:0:0:0:1 -  -  [01/Oct/2015:23:53:26 +0000] "GET /openLayers_v3.9.0/css/ol.css HTTP/1.1" 200 3726 
0:0:0:0:0:0:0:1 -  -  [01/Oct/2015:23:53:26 +0000] "GET /openLayers_v3.9.0/examples/resources/layout.css HTTP/1.1" 200 1580 
0:0:0:0:0:0:0:1 -  -  [01/Oct/2015:23:53:26 +0000] "GET /data/geolocation_marker.png HTTP/1.1" 404 311 
0:0:0:0:0:0:0:1 -  -  [01/Oct/2015:23:53:26 +0000] "GET /resources/common.js HTTP/1.1" 404 303 
0:0:0:0:0:0:0:1 -  -  [01/Oct/2015:23:53:26 +0000] "GET /loader.js?id=geolocation-orientation HTTP/1.1" 404 293 
0:0:0:0:0:0:0:1 -  -  [01/Oct/2015:23:53:27 +0000] "GET /openLayers_v3.9.0/examples/resources/map-background.jpg HTTP/1.1" 200 3445 
0:0:0:0:0:0:0:1 -  -  [01/Oct/2015:23:53:37 +0000] "GET /openLayers_v3.9.0/examples/resources/layout.css HTTP/1.1" 200 1580 
0:0:0:0:0:0:0:1 -  -  [01/Oct/2015:23:53:37 +0000] "GET /openLayers_v3.9.0/css/ol.css HTTP/1.1" 200 3726 
0:0:0:0:0:0:0:1 -  -  [01/Oct/2015:23:59:04 +0000] "GET /geolocation-orientation.html HTTP/1.1" 200 1592 
0:0:0:0:0:0:0:1 -  -  [01/Oct/2015:23:59:04 +0000] "GET /openLayers_v3.9.0/css/ol.css HTTP/1.1" 200 3726 
0:0:0:0:0:0:0:1 -  -  [01/Oct/2015:23:59:04 +0000] "GET /openLayers_v3.9.0/examples/resources/layout.css HTTP/1.1" 200 1580 
0:0:0:0:0:0:0:1 -  -  [01/Oct/2015:23:59:04 +0000] "GET /data/geolocation_marker.png HTTP/1.1" 200 829 
0:0:0:0:0:0:0:1 -  -  [01/Oct/2015:23:59:04 +0000] "GET /loader.js?id=geolocation-orientation HTTP/1.1" 404 293 
0:0:0:0:0:0:0:1 -  -  [01/Oct/2015:23:59:04 +0000] "GET /resources/common.js HTTP/1.1" 404 303 
0:0:0:0:0:0:0:1 -  -  [01/Oct/2015:23:59:04 +0000] "GET /openLayers_v3.9.0/examples/resources/map-background.jpg HTTP/1.1" 200 3445 
