0:0:0:0:0:0:0:1 -  -  [08/Nov/2016:19:06:03 +0000] "GET / HTTP/1.1" 200 3471 
0:0:0:0:0:0:0:1 -  -  [08/Nov/2016:19:06:04 +0000] "GET /favicon.ico HTTP/1.1" 404 295 
0:0:0:0:0:0:0:1 -  -  [08/Nov/2016:19:06:14 +0000] "GET /googleMaps.html HTTP/1.1" 200 12612 
0:0:0:0:0:0:0:1 -  -  [08/Nov/2016:19:06:14 +0000] "GET /javascript/dis.js HTTP/1.1" 200 585180 
0:0:0:0:0:0:0:1 -  -  [08/Nov/2016:19:06:14 +0000] "GET / HTTP/1.1" 101 - 
0:0:0:0:0:0:0:1 -  -  [08/Nov/2016:19:08:29 +0000] "GET / HTTP/1.1" 200 3471 
0:0:0:0:0:0:0:1 -  -  [08/Nov/2016:19:08:31 +0000] "GET /constructive.html HTTP/1.1" 200 10894 
0:0:0:0:0:0:0:1 -  -  [08/Nov/2016:19:08:31 +0000] "GET /javascript/dis.js HTTP/1.1" 200 585180 
0:0:0:0:0:0:0:1 -  -  [08/Nov/2016:19:08:31 +0000] "GET / HTTP/1.1" 101 - 
0:0:0:0:0:0:0:1 -  -  [08/Nov/2016:19:10:41 +0000] "GET /constructive.html HTTP/1.1" 200 10911 
0:0:0:0:0:0:0:1 -  -  [08/Nov/2016:19:10:41 +0000] "GET /javascript/dis.js HTTP/1.1" 200 585180 
0:0:0:0:0:0:0:1 -  -  [08/Nov/2016:19:10:41 +0000] "GET / HTTP/1.1" 101 - 
0:0:0:0:0:0:0:1 -  -  [08/Nov/2016:21:21:57 +0000] "GET /constructive.html HTTP/1.1" 200 10911 
0:0:0:0:0:0:0:1 -  -  [08/Nov/2016:21:21:57 +0000] "GET /javascript/dis.js HTTP/1.1" 200 585180 
0:0:0:0:0:0:0:1 -  -  [08/Nov/2016:21:21:57 +0000] "GET / HTTP/1.1" 101 - 
0:0:0:0:0:0:0:1 -  -  [08/Nov/2016:21:22:49 +0000] "GET /constructive.html HTTP/1.1" 200 10909 
0:0:0:0:0:0:0:1 -  -  [08/Nov/2016:21:22:49 +0000] "GET /javascript/dis.js HTTP/1.1" 200 585180 
0:0:0:0:0:0:0:1 -  -  [08/Nov/2016:21:22:49 +0000] "GET / HTTP/1.1" 101 - 
0:0:0:0:0:0:0:1 -  -  [08/Nov/2016:21:23:13 +0000] "GET /googleMaps.html HTTP/1.1" 200 12612 
0:0:0:0:0:0:0:1 -  -  [08/Nov/2016:21:23:13 +0000] "GET /javascript/dis.js HTTP/1.1" 200 585180 
0:0:0:0:0:0:0:1 -  -  [08/Nov/2016:21:23:13 +0000] "GET / HTTP/1.1" 101 - 
0:0:0:0:0:0:0:1 -  -  [08/Nov/2016:21:23:52 +0000] "GET /constructive.html HTTP/1.1" 200 10909 
0:0:0:0:0:0:0:1 -  -  [08/Nov/2016:21:23:52 +0000] "GET /javascript/dis.js HTTP/1.1" 200 585180 
0:0:0:0:0:0:0:1 -  -  [08/Nov/2016:21:23:52 +0000] "GET / HTTP/1.1" 101 - 
0:0:0:0:0:0:0:1 -  -  [08/Nov/2016:21:25:27 +0000] "GET /constructive.html HTTP/1.1" 200 10833 
0:0:0:0:0:0:0:1 -  -  [08/Nov/2016:21:25:27 +0000] "GET /javascript/dis.js HTTP/1.1" 200 585180 
0:0:0:0:0:0:0:1 -  -  [08/Nov/2016:21:25:27 +0000] "GET / HTTP/1.1" 101 - 
0:0:0:0:0:0:0:1 -  -  [08/Nov/2016:21:25:42 +0000] "GET /googleMaps.html HTTP/1.1" 200 12612 
0:0:0:0:0:0:0:1 -  -  [08/Nov/2016:21:25:42 +0000] "GET /javascript/dis.js HTTP/1.1" 200 585180 
0:0:0:0:0:0:0:1 -  -  [08/Nov/2016:21:25:42 +0000] "GET / HTTP/1.1" 101 - 
0:0:0:0:0:0:0:1 -  -  [08/Nov/2016:21:27:05 +0000] "GET /constructive.html HTTP/1.1" 200 10835 
0:0:0:0:0:0:0:1 -  -  [08/Nov/2016:21:27:05 +0000] "GET /javascript/dis.js HTTP/1.1" 200 585180 
0:0:0:0:0:0:0:1 -  -  [08/Nov/2016:21:27:05 +0000] "GET / HTTP/1.1" 101 - 
0:0:0:0:0:0:0:1 -  -  [08/Nov/2016:21:43:01 +0000] "GET /constructive.html HTTP/1.1" 200 12158 
0:0:0:0:0:0:0:1 -  -  [08/Nov/2016:21:43:01 +0000] "GET /javascript/dis.js HTTP/1.1" 200 585180 
0:0:0:0:0:0:0:1 -  -  [08/Nov/2016:21:43:01 +0000] "GET / HTTP/1.1" 101 - 
0:0:0:0:0:0:0:1 -  -  [08/Nov/2016:21:59:18 +0000] "GET /constructive.html HTTP/1.1" 200 12183 
0:0:0:0:0:0:0:1 -  -  [08/Nov/2016:21:59:18 +0000] "GET /javascript/dis.js HTTP/1.1" 200 585180 
0:0:0:0:0:0:0:1 -  -  [08/Nov/2016:21:59:18 +0000] "GET / HTTP/1.1" 101 - 
0:0:0:0:0:0:0:1 -  -  [08/Nov/2016:22:01:08 +0000] "GET / HTTP/1.1" 200 3471 
0:0:0:0:0:0:0:1 -  -  [08/Nov/2016:22:01:22 +0000] "GET /shooting.html HTTP/1.1" 200 6931 
0:0:0:0:0:0:0:1 -  -  [08/Nov/2016:22:01:22 +0000] "GET /javascript/dis.js HTTP/1.1" 200 585180 
0:0:0:0:0:0:0:1 -  -  [08/Nov/2016:22:01:23 +0000] "GET / HTTP/1.1" 101 - 
