0:0:0:0:0:0:0:1 -  -  [05/Oct/2015:06:39:54 +0000] "GET /osm.html HTTP/1.1" 200 4891 
0:0:0:0:0:0:0:1 -  -  [05/Oct/2015:06:42:12 +0000] "GET /openStreetMap.html HTTP/1.1" 200 2545 
0:0:0:0:0:0:0:1 -  -  [05/Oct/2015:06:42:12 +0000] "GET /theme/default/style.css HTTP/1.1" 404 307 
0:0:0:0:0:0:0:1 -  -  [05/Oct/2015:06:42:12 +0000] "GET /style.css HTTP/1.1" 404 293 
0:0:0:0:0:0:0:1 -  -  [05/Oct/2015:06:42:12 +0000] "GET /ol3/ol.js HTTP/1.1" 404 293 
0:0:0:0:0:0:0:1 -  -  [05/Oct/2015:06:42:18 +0000] "GET /osm.html HTTP/1.1" 200 4891 
0:0:0:0:0:0:0:1 -  -  [05/Oct/2015:06:48:11 +0000] "GET /osm.html HTTP/1.1" 200 4891 
0:0:0:0:0:0:0:1 -  -  [05/Oct/2015:06:48:47 +0000] "GET /osm.html HTTP/1.1" 200 4890 
0:0:0:0:0:0:0:1 -  -  [05/Oct/2015:06:50:14 +0000] "GET /osm.html HTTP/1.1" 200 5205 
0:0:0:0:0:0:0:1 -  -  [05/Oct/2015:07:02:48 +0000] "GET /osm.html HTTP/1.1" 200 3963 
0:0:0:0:0:0:0:1 -  -  [05/Oct/2015:17:15:27 +0000] "GET /osm.html HTTP/1.1" 200 8074 
0:0:0:0:0:0:0:1 -  -  [05/Oct/2015:17:15:27 +0000] "GET /javascript/dis.js HTTP/1.1" 200 439889 
0:0:0:0:0:0:0:1 -  -  [05/Oct/2015:17:15:28 +0000] "GET / HTTP/1.1" 101 - 
0:0:0:0:0:0:0:1 -  -  [05/Oct/2015:17:19:49 +0000] "GET /osm.html HTTP/1.1" 200 9143 
0:0:0:0:0:0:0:1 -  -  [05/Oct/2015:17:19:49 +0000] "GET /javascript/dis.js HTTP/1.1" 200 439889 
0:0:0:0:0:0:0:1 -  -  [05/Oct/2015:17:19:49 +0000] "GET / HTTP/1.1" 101 - 
0:0:0:0:0:0:0:1 -  -  [05/Oct/2015:17:33:54 +0000] "GET /osm.html HTTP/1.1" 200 11327 
0:0:0:0:0:0:0:1 -  -  [05/Oct/2015:17:33:54 +0000] "GET /javascript/dis.js HTTP/1.1" 200 439889 
0:0:0:0:0:0:0:1 -  -  [05/Oct/2015:17:33:54 +0000] "GET / HTTP/1.1" 101 - 
0:0:0:0:0:0:0:1 -  -  [05/Oct/2015:17:39:28 +0000] "GET /osm.html HTTP/1.1" 200 11327 
0:0:0:0:0:0:0:1 -  -  [05/Oct/2015:17:39:28 +0000] "GET /javascript/dis.js HTTP/1.1" 200 439889 
0:0:0:0:0:0:0:1 -  -  [05/Oct/2015:17:39:28 +0000] "GET / HTTP/1.1" 101 - 
0:0:0:0:0:0:0:1 -  -  [05/Oct/2015:17:41:46 +0000] "GET /osm.html HTTP/1.1" 200 11327 
0:0:0:0:0:0:0:1 -  -  [05/Oct/2015:17:41:46 +0000] "GET /javascript/dis.js HTTP/1.1" 200 439889 
0:0:0:0:0:0:0:1 -  -  [05/Oct/2015:17:41:47 +0000] "GET / HTTP/1.1" 101 - 
0:0:0:0:0:0:0:1 -  -  [05/Oct/2015:18:09:22 +0000] "GET /osm.html HTTP/1.1" 200 13522 
0:0:0:0:0:0:0:1 -  -  [05/Oct/2015:18:09:22 +0000] "GET /javascript/dis.js HTTP/1.1" 200 439889 
0:0:0:0:0:0:0:1 -  -  [05/Oct/2015:18:09:23 +0000] "GET / HTTP/1.1" 101 - 
0:0:0:0:0:0:0:1 -  -  [05/Oct/2015:18:16:49 +0000] "GET /osm.html HTTP/1.1" 200 13795 
0:0:0:0:0:0:0:1 -  -  [05/Oct/2015:18:16:49 +0000] "GET /javascript/dis.js HTTP/1.1" 200 439889 
0:0:0:0:0:0:0:1 -  -  [05/Oct/2015:18:16:50 +0000] "GET / HTTP/1.1" 101 - 
0:0:0:0:0:0:0:1 -  -  [05/Oct/2015:18:19:42 +0000] "GET /osm.html HTTP/1.1" 200 13794 
0:0:0:0:0:0:0:1 -  -  [05/Oct/2015:18:19:42 +0000] "GET /javascript/dis.js HTTP/1.1" 200 439889 
0:0:0:0:0:0:0:1 -  -  [05/Oct/2015:18:19:42 +0000] "GET / HTTP/1.1" 101 - 
0:0:0:0:0:0:0:1 -  -  [05/Oct/2015:18:20:31 +0000] "GET /osm.html HTTP/1.1" 200 13841 
0:0:0:0:0:0:0:1 -  -  [05/Oct/2015:18:20:31 +0000] "GET /javascript/dis.js HTTP/1.1" 200 439889 
0:0:0:0:0:0:0:1 -  -  [05/Oct/2015:18:20:32 +0000] "GET / HTTP/1.1" 101 - 
0:0:0:0:0:0:0:1 -  -  [05/Oct/2015:18:38:28 +0000] "GET /osm.html HTTP/1.1" 200 13841 
0:0:0:0:0:0:0:1 -  -  [05/Oct/2015:18:38:28 +0000] "GET /javascript/dis.js HTTP/1.1" 200 439889 
0:0:0:0:0:0:0:1 -  -  [05/Oct/2015:18:38:29 +0000] "GET / HTTP/1.1" 101 - 
0:0:0:0:0:0:0:1 -  -  [05/Oct/2015:18:46:59 +0000] "GET /osm.html HTTP/1.1" 200 13841 
0:0:0:0:0:0:0:1 -  -  [05/Oct/2015:18:47:00 +0000] "GET /javascript/dis.js HTTP/1.1" 200 439889 
0:0:0:0:0:0:0:1 -  -  [05/Oct/2015:18:47:00 +0000] "GET / HTTP/1.1" 101 - 
0:0:0:0:0:0:0:1 -  -  [05/Oct/2015:18:47:02 +0000] "GET /osm.html HTTP/1.1" 200 13841 
0:0:0:0:0:0:0:1 -  -  [05/Oct/2015:18:47:02 +0000] "GET /javascript/dis.js HTTP/1.1" 200 439889 
0:0:0:0:0:0:0:1 -  -  [05/Oct/2015:18:47:03 +0000] "GET / HTTP/1.1" 101 - 
0:0:0:0:0:0:0:1 -  -  [05/Oct/2015:18:47:06 +0000] "GET /osm.html HTTP/1.1" 200 13841 
0:0:0:0:0:0:0:1 -  -  [05/Oct/2015:18:47:06 +0000] "GET /javascript/dis.js HTTP/1.1" 200 439889 
0:0:0:0:0:0:0:1 -  -  [05/Oct/2015:18:47:06 +0000] "GET / HTTP/1.1" 101 - 
0:0:0:0:0:0:0:1 -  -  [05/Oct/2015:18:57:51 +0000] "GET /osm.html HTTP/1.1" 200 14182 
0:0:0:0:0:0:0:1 -  -  [05/Oct/2015:18:57:51 +0000] "GET /javascript/dis.js HTTP/1.1" 200 439889 
0:0:0:0:0:0:0:1 -  -  [05/Oct/2015:18:57:52 +0000] "GET / HTTP/1.1" 101 - 
0:0:0:0:0:0:0:1 -  -  [05/Oct/2015:19:22:41 +0000] "GET /osm.html HTTP/1.1" 200 14235 
0:0:0:0:0:0:0:1 -  -  [05/Oct/2015:19:22:41 +0000] "GET /javascript/dis.js HTTP/1.1" 200 439889 
0:0:0:0:0:0:0:1 -  -  [05/Oct/2015:19:22:42 +0000] "GET / HTTP/1.1" 101 - 
0:0:0:0:0:0:0:1 -  -  [05/Oct/2015:19:26:36 +0000] "GET /osm.html HTTP/1.1" 200 14238 
0:0:0:0:0:0:0:1 -  -  [05/Oct/2015:19:26:36 +0000] "GET /javascript/dis.js HTTP/1.1" 200 439889 
0:0:0:0:0:0:0:1 -  -  [05/Oct/2015:19:28:28 +0000] "GET /osm.html HTTP/1.1" 200 14266 
0:0:0:0:0:0:0:1 -  -  [05/Oct/2015:19:28:28 +0000] "GET /javascript/dis.js HTTP/1.1" 200 439889 
0:0:0:0:0:0:0:1 -  -  [05/Oct/2015:19:28:28 +0000] "GET / HTTP/1.1" 101 - 
0:0:0:0:0:0:0:1 -  -  [05/Oct/2015:20:04:36 +0000] "GET /osm.html HTTP/1.1" 200 14266 
0:0:0:0:0:0:0:1 -  -  [05/Oct/2015:20:04:36 +0000] "GET /javascript/dis.js HTTP/1.1" 200 439889 
0:0:0:0:0:0:0:1 -  -  [05/Oct/2015:20:04:37 +0000] "GET / HTTP/1.1" 101 - 
0:0:0:0:0:0:0:1 -  -  [05/Oct/2015:20:40:24 +0000] "GET /osm.html HTTP/1.1" 200 14769 
0:0:0:0:0:0:0:1 -  -  [05/Oct/2015:20:40:24 +0000] "GET /javascript/dis.js HTTP/1.1" 200 439889 
0:0:0:0:0:0:0:1 -  -  [05/Oct/2015:20:40:25 +0000] "GET / HTTP/1.1" 101 - 
0:0:0:0:0:0:0:1 -  -  [05/Oct/2015:20:42:49 +0000] "GET /osm.html HTTP/1.1" 200 14747 
0:0:0:0:0:0:0:1 -  -  [05/Oct/2015:20:42:49 +0000] "GET /javascript/dis.js HTTP/1.1" 200 439889 
0:0:0:0:0:0:0:1 -  -  [05/Oct/2015:20:42:49 +0000] "GET / HTTP/1.1" 101 - 
0:0:0:0:0:0:0:1 -  -  [05/Oct/2015:20:44:54 +0000] "GET /osm.html HTTP/1.1" 200 14753 
0:0:0:0:0:0:0:1 -  -  [05/Oct/2015:20:44:54 +0000] "GET /javascript/dis.js HTTP/1.1" 200 439889 
0:0:0:0:0:0:0:1 -  -  [05/Oct/2015:20:44:55 +0000] "GET / HTTP/1.1" 101 - 
0:0:0:0:0:0:0:1 -  -  [05/Oct/2015:20:50:28 +0000] "GET /osm.html HTTP/1.1" 200 14889 
0:0:0:0:0:0:0:1 -  -  [05/Oct/2015:20:50:28 +0000] "GET /javascript/dis.js HTTP/1.1" 200 439889 
0:0:0:0:0:0:0:1 -  -  [05/Oct/2015:20:50:29 +0000] "GET / HTTP/1.1" 101 - 
0:0:0:0:0:0:0:1 -  -  [05/Oct/2015:20:51:40 +0000] "GET /osm.html HTTP/1.1" 200 14917 
0:0:0:0:0:0:0:1 -  -  [05/Oct/2015:20:51:40 +0000] "GET /javascript/dis.js HTTP/1.1" 200 439889 
0:0:0:0:0:0:0:1 -  -  [05/Oct/2015:20:51:40 +0000] "GET / HTTP/1.1" 101 - 
0:0:0:0:0:0:0:1 -  -  [05/Oct/2015:20:54:59 +0000] "GET /osm.html HTTP/1.1" 200 14980 
0:0:0:0:0:0:0:1 -  -  [05/Oct/2015:20:54:59 +0000] "GET /javascript/dis.js HTTP/1.1" 200 439889 
0:0:0:0:0:0:0:1 -  -  [05/Oct/2015:20:54:59 +0000] "GET / HTTP/1.1" 101 - 
0:0:0:0:0:0:0:1 -  -  [05/Oct/2015:20:58:09 +0000] "GET /osm.html HTTP/1.1" 200 15045 
0:0:0:0:0:0:0:1 -  -  [05/Oct/2015:20:58:09 +0000] "GET /javascript/dis.js HTTP/1.1" 200 439889 
0:0:0:0:0:0:0:1 -  -  [05/Oct/2015:20:58:09 +0000] "GET / HTTP/1.1" 101 - 
0:0:0:0:0:0:0:1 -  -  [05/Oct/2015:20:59:34 +0000] "GET /osm.html HTTP/1.1" 200 15073 
0:0:0:0:0:0:0:1 -  -  [05/Oct/2015:20:59:35 +0000] "GET /javascript/dis.js HTTP/1.1" 200 439889 
0:0:0:0:0:0:0:1 -  -  [05/Oct/2015:20:59:35 +0000] "GET / HTTP/1.1" 101 - 
0:0:0:0:0:0:0:1 -  -  [05/Oct/2015:21:01:59 +0000] "GET /osm.html HTTP/1.1" 200 15150 
0:0:0:0:0:0:0:1 -  -  [05/Oct/2015:21:01:59 +0000] "GET /javascript/dis.js HTTP/1.1" 200 439889 
0:0:0:0:0:0:0:1 -  -  [05/Oct/2015:21:01:59 +0000] "GET / HTTP/1.1" 101 - 
0:0:0:0:0:0:0:1 -  -  [05/Oct/2015:21:03:59 +0000] "GET /osm.html HTTP/1.1" 200 15156 
0:0:0:0:0:0:0:1 -  -  [05/Oct/2015:21:03:59 +0000] "GET /javascript/dis.js HTTP/1.1" 200 439889 
0:0:0:0:0:0:0:1 -  -  [05/Oct/2015:21:04:00 +0000] "GET / HTTP/1.1" 101 - 
0:0:0:0:0:0:0:1 -  -  [05/Oct/2015:21:16:01 +0000] "GET /osm.html HTTP/1.1" 200 15432 
0:0:0:0:0:0:0:1 -  -  [05/Oct/2015:21:16:01 +0000] "GET /javascript/dis.js HTTP/1.1" 200 439889 
0:0:0:0:0:0:0:1 -  -  [05/Oct/2015:21:16:02 +0000] "GET / HTTP/1.1" 101 - 
0:0:0:0:0:0:0:1 -  -  [05/Oct/2015:21:17:02 +0000] "GET /osm.html HTTP/1.1" 200 15395 
0:0:0:0:0:0:0:1 -  -  [05/Oct/2015:21:17:02 +0000] "GET /javascript/dis.js HTTP/1.1" 200 439889 
0:0:0:0:0:0:0:1 -  -  [05/Oct/2015:21:17:02 +0000] "GET / HTTP/1.1" 101 - 
0:0:0:0:0:0:0:1 -  -  [05/Oct/2015:21:18:24 +0000] "GET /osm.html HTTP/1.1" 200 15452 
0:0:0:0:0:0:0:1 -  -  [05/Oct/2015:21:18:24 +0000] "GET /javascript/dis.js HTTP/1.1" 200 439889 
0:0:0:0:0:0:0:1 -  -  [05/Oct/2015:21:18:25 +0000] "GET / HTTP/1.1" 101 - 
0:0:0:0:0:0:0:1 -  -  [05/Oct/2015:21:18:41 +0000] "GET /osm.html HTTP/1.1" 200 15450 
0:0:0:0:0:0:0:1 -  -  [05/Oct/2015:21:18:41 +0000] "GET /javascript/dis.js HTTP/1.1" 200 439889 
0:0:0:0:0:0:0:1 -  -  [05/Oct/2015:21:18:41 +0000] "GET / HTTP/1.1" 101 - 
0:0:0:0:0:0:0:1 -  -  [05/Oct/2015:21:20:54 +0000] "GET /osm.html HTTP/1.1" 200 15542 
0:0:0:0:0:0:0:1 -  -  [05/Oct/2015:21:20:54 +0000] "GET /javascript/dis.js HTTP/1.1" 200 439889 
0:0:0:0:0:0:0:1 -  -  [05/Oct/2015:21:20:54 +0000] "GET / HTTP/1.1" 101 - 
0:0:0:0:0:0:0:1 -  -  [05/Oct/2015:21:24:41 +0000] "GET / HTTP/1.1" 200 2708 
0:0:0:0:0:0:0:1 -  -  [05/Oct/2015:21:24:43 +0000] "GET /osm.html HTTP/1.1" 200 15542 
0:0:0:0:0:0:0:1 -  -  [05/Oct/2015:21:24:44 +0000] "GET /javascript/dis.js HTTP/1.1" 200 439889 
0:0:0:0:0:0:0:1 -  -  [05/Oct/2015:21:24:44 +0000] "GET / HTTP/1.1" 101 - 
0:0:0:0:0:0:0:1 -  -  [05/Oct/2015:21:33:59 +0000] "GET /osm.html HTTP/1.1" 200 15769 
0:0:0:0:0:0:0:1 -  -  [05/Oct/2015:21:33:59 +0000] "GET /javascript/dis.js HTTP/1.1" 200 439889 
0:0:0:0:0:0:0:1 -  -  [05/Oct/2015:21:33:59 +0000] "GET / HTTP/1.1" 101 - 
0:0:0:0:0:0:0:1 -  -  [05/Oct/2015:21:34:48 +0000] "GET /osm.html HTTP/1.1" 200 15528 
0:0:0:0:0:0:0:1 -  -  [05/Oct/2015:21:34:48 +0000] "GET /javascript/dis.js HTTP/1.1" 200 439889 
0:0:0:0:0:0:0:1 -  -  [05/Oct/2015:21:34:48 +0000] "GET / HTTP/1.1" 101 - 
0:0:0:0:0:0:0:1 -  -  [05/Oct/2015:21:35:20 +0000] "GET /osm.html HTTP/1.1" 200 15532 
0:0:0:0:0:0:0:1 -  -  [05/Oct/2015:21:35:20 +0000] "GET /javascript/dis.js HTTP/1.1" 200 439889 
0:0:0:0:0:0:0:1 -  -  [05/Oct/2015:21:35:21 +0000] "GET / HTTP/1.1" 101 - 
0:0:0:0:0:0:0:1 -  -  [05/Oct/2015:21:36:02 +0000] "GET /osm.html HTTP/1.1" 200 15532 
0:0:0:0:0:0:0:1 -  -  [05/Oct/2015:21:36:02 +0000] "GET /javascript/dis.js HTTP/1.1" 200 439889 
0:0:0:0:0:0:0:1 -  -  [05/Oct/2015:21:36:03 +0000] "GET / HTTP/1.1" 101 - 
0:0:0:0:0:0:0:1 -  -  [05/Oct/2015:21:36:03 +0000] "GET /favicon.ico HTTP/1.1" 404 295 
0:0:0:0:0:0:0:1 -  -  [05/Oct/2015:21:36:03 +0000] "GET /favicon.ico HTTP/1.1" 404 295 
0:0:0:0:0:0:0:1 -  -  [05/Oct/2015:21:38:20 +0000] "GET /osm.html HTTP/1.1" 200 15553 
0:0:0:0:0:0:0:1 -  -  [05/Oct/2015:21:38:20 +0000] "GET /javascript/dis.js HTTP/1.1" 200 439889 
0:0:0:0:0:0:0:1 -  -  [05/Oct/2015:21:38:20 +0000] "GET / HTTP/1.1" 101 - 
0:0:0:0:0:0:0:1 -  -  [05/Oct/2015:21:38:42 +0000] "GET /osm.html HTTP/1.1" 200 15553 
0:0:0:0:0:0:0:1 -  -  [05/Oct/2015:21:38:42 +0000] "GET /javascript/dis.js HTTP/1.1" 200 439889 
0:0:0:0:0:0:0:1 -  -  [05/Oct/2015:21:38:42 +0000] "GET / HTTP/1.1" 101 - 
0:0:0:0:0:0:0:1 -  -  [05/Oct/2015:21:43:58 +0000] "GET /osm.html HTTP/1.1" 200 15553 
0:0:0:0:0:0:0:1 -  -  [05/Oct/2015:21:43:58 +0000] "GET /javascript/dis.js HTTP/1.1" 200 439889 
0:0:0:0:0:0:0:1 -  -  [05/Oct/2015:21:43:59 +0000] "GET / HTTP/1.1" 101 - 
0:0:0:0:0:0:0:1 -  -  [05/Oct/2015:21:43:59 +0000] "GET /favicon.ico HTTP/1.1" 404 295 
0:0:0:0:0:0:0:1 -  -  [05/Oct/2015:22:05:11 +0000] "GET /osm.html HTTP/1.1" 200 15553 
0:0:0:0:0:0:0:1 -  -  [05/Oct/2015:22:05:11 +0000] "GET /javascript/dis.js HTTP/1.1" 200 439889 
0:0:0:0:0:0:0:1 -  -  [05/Oct/2015:22:05:11 +0000] "GET / HTTP/1.1" 101 - 
0:0:0:0:0:0:0:1 -  -  [05/Oct/2015:22:05:17 +0000] "GET / HTTP/1.1" 200 2708 
0:0:0:0:0:0:0:1 -  -  [05/Oct/2015:22:05:20 +0000] "GET /index.html HTTP/1.1" 200 2708 
0:0:0:0:0:0:0:1 -  -  [05/Oct/2015:22:05:23 +0000] "GET /openStreetMap.html HTTP/1.1" 200 2545 
0:0:0:0:0:0:0:1 -  -  [05/Oct/2015:22:05:23 +0000] "GET /ol3/ol.js HTTP/1.1" 404 293 
0:0:0:0:0:0:0:1 -  -  [05/Oct/2015:22:05:23 +0000] "GET /theme/default/style.css HTTP/1.1" 404 307 
0:0:0:0:0:0:0:1 -  -  [05/Oct/2015:22:05:23 +0000] "GET /style.css HTTP/1.1" 404 293 
0:0:0:0:0:0:0:1 -  -  [05/Oct/2015:22:10:50 +0000] "GET /osm.html HTTP/1.1" 404 292 
0:0:0:0:0:0:0:1 -  -  [05/Oct/2015:22:10:52 +0000] "GET /osm.html HTTP/1.1" 404 292 
0:0:0:0:0:0:0:1 -  -  [05/Oct/2015:22:11:01 +0000] "GET /osm.html HTTP/1.1" 404 292 
0:0:0:0:0:0:0:1 -  -  [05/Oct/2015:22:11:08 +0000] "GET / HTTP/1.1" 200 2708 
0:0:0:0:0:0:0:1 -  -  [05/Oct/2015:22:11:11 +0000] "GET /openStreetMap.html HTTP/1.1" 200 15553 
0:0:0:0:0:0:0:1 -  -  [05/Oct/2015:22:11:11 +0000] "GET /javascript/dis.js HTTP/1.1" 200 439889 
0:0:0:0:0:0:0:1 -  -  [05/Oct/2015:22:11:11 +0000] "GET / HTTP/1.1" 101 - 
0:0:0:0:0:0:0:1 -  -  [05/Oct/2015:22:14:34 +0000] "GET /openStreetMap.html HTTP/1.1" 200 15553 
0:0:0:0:0:0:0:1 -  -  [05/Oct/2015:22:14:34 +0000] "GET /javascript/dis.js HTTP/1.1" 200 439889 
0:0:0:0:0:0:0:1 -  -  [05/Oct/2015:22:14:34 +0000] "GET / HTTP/1.1" 101 - 
0:0:0:0:0:0:0:1 -  -  [05/Oct/2015:22:34:15 +0000] "GET / HTTP/1.1" 200 2708 
0:0:0:0:0:0:0:1 -  -  [05/Oct/2015:22:34:19 +0000] "GET /openStreetMap.html HTTP/1.1" 200 16580 
0:0:0:0:0:0:0:1 -  -  [05/Oct/2015:22:34:19 +0000] "GET /javascript/dis.js HTTP/1.1" 200 439889 
0:0:0:0:0:0:0:1 -  -  [05/Oct/2015:22:34:19 +0000] "GET / HTTP/1.1" 101 - 
0:0:0:0:0:0:0:1 -  -  [05/Oct/2015:22:36:58 +0000] "GET /openStreetMap.html HTTP/1.1" 200 16583 
0:0:0:0:0:0:0:1 -  -  [05/Oct/2015:22:36:58 +0000] "GET /javascript/dis.js HTTP/1.1" 200 439889 
0:0:0:0:0:0:0:1 -  -  [05/Oct/2015:22:36:59 +0000] "GET / HTTP/1.1" 101 - 
0:0:0:0:0:0:0:1 -  -  [05/Oct/2015:22:40:09 +0000] "GET /openStreetMap.html HTTP/1.1" 200 16585 
0:0:0:0:0:0:0:1 -  -  [05/Oct/2015:22:40:09 +0000] "GET /javascript/dis.js HTTP/1.1" 200 439889 
0:0:0:0:0:0:0:1 -  -  [05/Oct/2015:22:40:09 +0000] "GET / HTTP/1.1" 101 - 
0:0:0:0:0:0:0:1 -  -  [05/Oct/2015:22:42:29 +0000] "GET /openStreetMap.html HTTP/1.1" 200 16664 
0:0:0:0:0:0:0:1 -  -  [05/Oct/2015:22:42:29 +0000] "GET /javascript/dis.js HTTP/1.1" 200 439889 
0:0:0:0:0:0:0:1 -  -  [05/Oct/2015:22:42:29 +0000] "GET / HTTP/1.1" 101 - 
0:0:0:0:0:0:0:1 -  -  [05/Oct/2015:22:50:58 +0000] "GET /openStreetMap.html HTTP/1.1" 200 16856 
0:0:0:0:0:0:0:1 -  -  [05/Oct/2015:22:50:58 +0000] "GET /javascript/dis.js HTTP/1.1" 200 439889 
0:0:0:0:0:0:0:1 -  -  [05/Oct/2015:22:50:59 +0000] "GET / HTTP/1.1" 101 - 
0:0:0:0:0:0:0:1 -  -  [05/Oct/2015:23:34:05 +0000] "GET /openStreetMap.html HTTP/1.1" 200 16948 
0:0:0:0:0:0:0:1 -  -  [05/Oct/2015:23:34:06 +0000] "GET /javascript/dis.js HTTP/1.1" 200 439889 
0:0:0:0:0:0:0:1 -  -  [05/Oct/2015:23:34:08 +0000] "GET / HTTP/1.1" 101 - 
0:0:0:0:0:0:0:1 -  -  [05/Oct/2015:23:36:26 +0000] "GET /openStreetMap.html HTTP/1.1" 200 16946 
0:0:0:0:0:0:0:1 -  -  [05/Oct/2015:23:36:26 +0000] "GET /javascript/dis.js HTTP/1.1" 200 439889 
0:0:0:0:0:0:0:1 -  -  [05/Oct/2015:23:36:26 +0000] "GET / HTTP/1.1" 101 - 
0:0:0:0:0:0:0:1 -  -  [05/Oct/2015:23:40:18 +0000] "GET /openStreetMap.html HTTP/1.1" 200 16970 
0:0:0:0:0:0:0:1 -  -  [05/Oct/2015:23:40:18 +0000] "GET /javascript/dis.js HTTP/1.1" 200 439889 
0:0:0:0:0:0:0:1 -  -  [05/Oct/2015:23:40:19 +0000] "GET / HTTP/1.1" 101 - 
0:0:0:0:0:0:0:1 -  -  [05/Oct/2015:23:42:28 +0000] "GET /openStreetMap.html HTTP/1.1" 200 16986 
0:0:0:0:0:0:0:1 -  -  [05/Oct/2015:23:42:28 +0000] "GET /javascript/dis.js HTTP/1.1" 200 439889 
0:0:0:0:0:0:0:1 -  -  [05/Oct/2015:23:42:28 +0000] "GET / HTTP/1.1" 101 - 
0:0:0:0:0:0:0:1 -  -  [05/Oct/2015:23:45:18 +0000] "GET /openStreetMap.html HTTP/1.1" 200 17024 
0:0:0:0:0:0:0:1 -  -  [05/Oct/2015:23:45:18 +0000] "GET /javascript/dis.js HTTP/1.1" 200 439889 
0:0:0:0:0:0:0:1 -  -  [05/Oct/2015:23:45:19 +0000] "GET / HTTP/1.1" 101 - 
0:0:0:0:0:0:0:1 -  -  [05/Oct/2015:23:48:54 +0000] "GET /openStreetMap.html HTTP/1.1" 200 17108 
0:0:0:0:0:0:0:1 -  -  [05/Oct/2015:23:48:54 +0000] "GET /javascript/dis.js HTTP/1.1" 200 439889 
0:0:0:0:0:0:0:1 -  -  [05/Oct/2015:23:48:54 +0000] "GET / HTTP/1.1" 101 - 
0:0:0:0:0:0:0:1 -  -  [05/Oct/2015:23:53:49 +0000] "GET /openStreetMap.html HTTP/1.1" 200 17181 
0:0:0:0:0:0:0:1 -  -  [05/Oct/2015:23:53:49 +0000] "GET /javascript/dis.js HTTP/1.1" 200 439889 
0:0:0:0:0:0:0:1 -  -  [05/Oct/2015:23:53:50 +0000] "GET / HTTP/1.1" 101 - 
