0:0:0:0:0:0:0:1 -  -  [14/Jan/2015:18:36:02 +0000] "GET / HTTP/1.1" 200 2708 
0:0:0:0:0:0:0:1 -  -  [14/Jan/2015:18:36:02 +0000] "GET /favicon.ico HTTP/1.1" 404 295 
0:0:0:0:0:0:0:1 -  -  [14/Jan/2015:18:36:04 +0000] "GET /googleMaps.html HTTP/1.1" 200 18651 
0:0:0:0:0:0:0:1 -  -  [14/Jan/2015:18:36:04 +0000] "GET /javascript/dis.js HTTP/1.1" 200 439889 
0:0:0:0:0:0:0:1 -  -  [14/Jan/2015:21:18:57 +0000] "GET / HTTP/1.1" 200 2708 
0:0:0:0:0:0:0:1 -  -  [14/Jan/2015:21:18:59 +0000] "GET /googleMaps.html HTTP/1.1" 200 18651 
0:0:0:0:0:0:0:1 -  -  [14/Jan/2015:21:19:00 +0000] "GET /javascript/dis.js HTTP/1.1" 200 439889 
0:0:0:0:0:0:0:1 -  -  [14/Jan/2015:21:24:16 +0000] "GET /googleMaps.html HTTP/1.1" 200 18651 
0:0:0:0:0:0:0:1 -  -  [14/Jan/2015:21:24:16 +0000] "GET /javascript/dis.js HTTP/1.1" 200 439889 
0:0:0:0:0:0:0:1 -  -  [14/Jan/2015:21:25:07 +0000] "GET /googleMaps.html HTTP/1.1" 200 18651 
0:0:0:0:0:0:0:1 -  -  [14/Jan/2015:21:25:07 +0000] "GET /javascript/dis.js HTTP/1.1" 200 439889 
0:0:0:0:0:0:0:1 -  -  [14/Jan/2015:21:25:37 +0000] "GET /googleMaps.html HTTP/1.1" 200 18651 
0:0:0:0:0:0:0:1 -  -  [14/Jan/2015:21:25:37 +0000] "GET /javascript/dis.js HTTP/1.1" 200 439889 
0:0:0:0:0:0:0:1 -  -  [14/Jan/2015:21:26:01 +0000] "GET /googleMaps.html HTTP/1.1" 200 18651 
0:0:0:0:0:0:0:1 -  -  [14/Jan/2015:21:26:01 +0000] "GET /javascript/dis.js HTTP/1.1" 200 439889 
0:0:0:0:0:0:0:1 -  -  [14/Jan/2015:21:27:41 +0000] "GET /googleMaps.html HTTP/1.1" 200 18653 
0:0:0:0:0:0:0:1 -  -  [14/Jan/2015:21:27:41 +0000] "GET /javascript/dis.js HTTP/1.1" 200 439889 
0:0:0:0:0:0:0:1 -  -  [14/Jan/2015:21:28:59 +0000] "GET /googleMaps.html HTTP/1.1" 200 18708 
0:0:0:0:0:0:0:1 -  -  [14/Jan/2015:21:28:59 +0000] "GET /javascript/dis.js HTTP/1.1" 200 439889 
0:0:0:0:0:0:0:1 -  -  [14/Jan/2015:21:29:00 +0000] "GET / HTTP/1.1" 101 - 
0:0:0:0:0:0:0:1 -  -  [14/Jan/2015:21:33:57 +0000] "GET /googleMaps.html HTTP/1.1" 200 18710 
0:0:0:0:0:0:0:1 -  -  [14/Jan/2015:21:34:00 +0000] "GET /javascript/dis.js HTTP/1.1" 200 439889 
0:0:0:0:0:0:0:1 -  -  [14/Jan/2015:21:34:01 +0000] "GET / HTTP/1.1" 101 - 
0:0:0:0:0:0:0:1 -  -  [14/Jan/2015:21:42:45 +0000] "GET /googleMaps.html HTTP/1.1" 200 18710 
0:0:0:0:0:0:0:1 -  -  [14/Jan/2015:21:42:46 +0000] "GET /javascript/dis.js HTTP/1.1" 200 439889 
0:0:0:0:0:0:0:1 -  -  [14/Jan/2015:21:42:46 +0000] "GET / HTTP/1.1" 101 - 
0:0:0:0:0:0:0:1 -  -  [14/Jan/2015:22:07:49 +0000] "GET / HTTP/1.1" 200 2708 
0:0:0:0:0:0:0:1 -  -  [14/Jan/2015:22:07:51 +0000] "GET /googleMaps.html HTTP/1.1" 200 18710 
0:0:0:0:0:0:0:1 -  -  [14/Jan/2015:22:07:51 +0000] "GET /javascript/dis.js HTTP/1.1" 200 439889 
0:0:0:0:0:0:0:1 -  -  [14/Jan/2015:22:07:51 +0000] "GET / HTTP/1.1" 101 - 
