0:0:0:0:0:0:0:1 -  -  [01/Feb/2016:18:39:33 +0000] "GET / HTTP/1.1" 200 2973 
0:0:0:0:0:0:0:1 -  -  [01/Feb/2016:18:39:33 +0000] "GET /favicon.ico HTTP/1.1" 404 295 
0:0:0:0:0:0:0:1 -  -  [01/Feb/2016:18:39:51 +0000] "GET /constructive.html HTTP/1.1" 200 9130 
0:0:0:0:0:0:0:1 -  -  [01/Feb/2016:18:39:51 +0000] "GET /javascript/dis.js HTTP/1.1" 200 439889 
0:0:0:0:0:0:0:1 -  -  [01/Feb/2016:18:39:51 +0000] "GET / HTTP/1.1" 101 - 
0:0:0:0:0:0:0:1 -  -  [01/Feb/2016:18:39:59 +0000] "GET / HTTP/1.1" 200 2973 
0:0:0:0:0:0:0:1 -  -  [01/Feb/2016:18:40:03 +0000] "GET /googleMaps.html HTTP/1.1" 200 20641 
0:0:0:0:0:0:0:1 -  -  [01/Feb/2016:18:40:03 +0000] "GET /javascript/dis.js HTTP/1.1" 200 439889 
0:0:0:0:0:0:0:1 -  -  [01/Feb/2016:18:40:03 +0000] "GET / HTTP/1.1" 101 - 
0:0:0:0:0:0:0:1 -  -  [01/Feb/2016:18:57:19 +0000] "GET /constructive.html HTTP/1.1" 200 9128 
0:0:0:0:0:0:0:1 -  -  [01/Feb/2016:18:57:19 +0000] "GET /javascript/dis.js HTTP/1.1" 200 439889 
0:0:0:0:0:0:0:1 -  -  [01/Feb/2016:18:57:20 +0000] "GET / HTTP/1.1" 101 - 
0:0:0:0:0:0:0:1 -  -  [01/Feb/2016:19:03:13 +0000] "GET / HTTP/1.1" 200 2973 
0:0:0:0:0:0:0:1 -  -  [01/Feb/2016:19:03:18 +0000] "GET /shooting.html HTTP/1.1" 200 5434 
0:0:0:0:0:0:0:1 -  -  [01/Feb/2016:19:03:18 +0000] "GET /javascript/dis.js HTTP/1.1" 200 439889 
0:0:0:0:0:0:0:1 -  -  [01/Feb/2016:19:03:18 +0000] "GET / HTTP/1.1" 101 - 
0:0:0:0:0:0:0:1 -  -  [01/Feb/2016:19:10:33 +0000] "GET /shooting.html HTTP/1.1" 200 5168 
0:0:0:0:0:0:0:1 -  -  [01/Feb/2016:19:10:33 +0000] "GET /javascript/dis.js HTTP/1.1" 200 439889 
0:0:0:0:0:0:0:1 -  -  [01/Feb/2016:19:10:33 +0000] "GET / HTTP/1.1" 101 - 
0:0:0:0:0:0:0:1 -  -  [01/Feb/2016:19:15:44 +0000] "GET /shooting.html HTTP/1.1" 200 5403 
0:0:0:0:0:0:0:1 -  -  [01/Feb/2016:19:15:44 +0000] "GET /javascript/dis.js HTTP/1.1" 200 439889 
0:0:0:0:0:0:0:1 -  -  [01/Feb/2016:19:15:44 +0000] "GET / HTTP/1.1" 101 - 
0:0:0:0:0:0:0:1 -  -  [01/Feb/2016:19:16:14 +0000] "GET /constructive.html HTTP/1.1" 200 9128 
0:0:0:0:0:0:0:1 -  -  [01/Feb/2016:19:16:14 +0000] "GET /javascript/dis.js HTTP/1.1" 200 439889 
0:0:0:0:0:0:0:1 -  -  [01/Feb/2016:19:16:14 +0000] "GET / HTTP/1.1" 101 - 
0:0:0:0:0:0:0:1 -  -  [01/Feb/2016:19:16:28 +0000] "GET /shooting.html HTTP/1.1" 200 5403 
0:0:0:0:0:0:0:1 -  -  [01/Feb/2016:19:16:28 +0000] "GET /javascript/dis.js HTTP/1.1" 200 439889 
0:0:0:0:0:0:0:1 -  -  [01/Feb/2016:19:16:28 +0000] "GET / HTTP/1.1" 101 - 
0:0:0:0:0:0:0:1 -  -  [01/Feb/2016:19:19:56 +0000] "GET /shooting.html HTTP/1.1" 200 4057 
0:0:0:0:0:0:0:1 -  -  [01/Feb/2016:19:19:56 +0000] "GET /javascript/dis.js HTTP/1.1" 200 439889 
0:0:0:0:0:0:0:1 -  -  [01/Feb/2016:19:19:57 +0000] "GET / HTTP/1.1" 101 - 
0:0:0:0:0:0:0:1 -  -  [01/Feb/2016:19:26:01 +0000] "GET /shooting.html HTTP/1.1" 200 5444 
0:0:0:0:0:0:0:1 -  -  [01/Feb/2016:19:26:01 +0000] "GET /javascript/dis.js HTTP/1.1" 200 439889 
0:0:0:0:0:0:0:1 -  -  [01/Feb/2016:19:26:01 +0000] "GET / HTTP/1.1" 101 - 
0:0:0:0:0:0:0:1 -  -  [01/Feb/2016:19:29:17 +0000] "GET /shooting.html HTTP/1.1" 200 5850 
0:0:0:0:0:0:0:1 -  -  [01/Feb/2016:19:29:17 +0000] "GET /javascript/dis.js HTTP/1.1" 200 439889 
0:0:0:0:0:0:0:1 -  -  [01/Feb/2016:19:29:17 +0000] "GET / HTTP/1.1" 101 - 
0:0:0:0:0:0:0:1 -  -  [01/Feb/2016:19:35:22 +0000] "GET /shooting.html HTTP/1.1" 200 5824 
0:0:0:0:0:0:0:1 -  -  [01/Feb/2016:19:35:22 +0000] "GET /javascript/dis.js HTTP/1.1" 200 439889 
0:0:0:0:0:0:0:1 -  -  [01/Feb/2016:19:35:22 +0000] "GET / HTTP/1.1" 101 - 
0:0:0:0:0:0:0:1 -  -  [01/Feb/2016:19:37:42 +0000] "GET /shooting.html HTTP/1.1" 200 5341 
0:0:0:0:0:0:0:1 -  -  [01/Feb/2016:19:37:42 +0000] "GET /javascript/dis.js HTTP/1.1" 200 439889 
0:0:0:0:0:0:0:1 -  -  [01/Feb/2016:19:37:42 +0000] "GET / HTTP/1.1" 101 - 
0:0:0:0:0:0:0:1 -  -  [01/Feb/2016:19:39:02 +0000] "GET /shooting.html HTTP/1.1" 200 5339 
0:0:0:0:0:0:0:1 -  -  [01/Feb/2016:19:39:02 +0000] "GET /javascript/dis.js HTTP/1.1" 200 439889 
0:0:0:0:0:0:0:1 -  -  [01/Feb/2016:19:39:02 +0000] "GET / HTTP/1.1" 101 - 
0:0:0:0:0:0:0:1 -  -  [01/Feb/2016:19:39:36 +0000] "GET /shooting.html HTTP/1.1" 200 5337 
0:0:0:0:0:0:0:1 -  -  [01/Feb/2016:19:39:36 +0000] "GET /javascript/dis.js HTTP/1.1" 200 439889 
0:0:0:0:0:0:0:1 -  -  [01/Feb/2016:19:39:36 +0000] "GET / HTTP/1.1" 101 - 
0:0:0:0:0:0:0:1 -  -  [01/Feb/2016:19:41:23 +0000] "GET /shooting.html HTTP/1.1" 200 5228 
0:0:0:0:0:0:0:1 -  -  [01/Feb/2016:19:41:23 +0000] "GET /javascript/dis.js HTTP/1.1" 200 439889 
0:0:0:0:0:0:0:1 -  -  [01/Feb/2016:19:41:23 +0000] "GET / HTTP/1.1" 101 - 
0:0:0:0:0:0:0:1 -  -  [01/Feb/2016:19:43:18 +0000] "GET /shooting.html HTTP/1.1" 200 5214 
0:0:0:0:0:0:0:1 -  -  [01/Feb/2016:19:43:18 +0000] "GET /javascript/dis.js HTTP/1.1" 200 439889 
0:0:0:0:0:0:0:1 -  -  [01/Feb/2016:19:43:18 +0000] "GET / HTTP/1.1" 101 - 
0:0:0:0:0:0:0:1 -  -  [01/Feb/2016:19:43:42 +0000] "GET /shooting.html HTTP/1.1" 200 5221 
0:0:0:0:0:0:0:1 -  -  [01/Feb/2016:19:43:42 +0000] "GET /javascript/dis.js HTTP/1.1" 200 439889 
0:0:0:0:0:0:0:1 -  -  [01/Feb/2016:19:43:42 +0000] "GET / HTTP/1.1" 101 - 
0:0:0:0:0:0:0:1 -  -  [01/Feb/2016:19:44:11 +0000] "GET /shooting.html HTTP/1.1" 200 5229 
0:0:0:0:0:0:0:1 -  -  [01/Feb/2016:19:44:11 +0000] "GET /javascript/dis.js HTTP/1.1" 200 439889 
0:0:0:0:0:0:0:1 -  -  [01/Feb/2016:19:44:11 +0000] "GET / HTTP/1.1" 101 - 
0:0:0:0:0:0:0:1 -  -  [01/Feb/2016:19:54:03 +0000] "GET / HTTP/1.1" 200 2973 
0:0:0:0:0:0:0:1 -  -  [01/Feb/2016:19:54:05 +0000] "GET /googleMaps.html HTTP/1.1" 200 20641 
0:0:0:0:0:0:0:1 -  -  [01/Feb/2016:19:54:05 +0000] "GET /javascript/dis.js HTTP/1.1" 200 439889 
0:0:0:0:0:0:0:1 -  -  [01/Feb/2016:19:54:06 +0000] "GET / HTTP/1.1" 101 - 
0:0:0:0:0:0:0:1 -  -  [01/Feb/2016:19:57:04 +0000] "GET /googleMaps.html HTTP/1.1" 200 20768 
0:0:0:0:0:0:0:1 -  -  [01/Feb/2016:19:57:04 +0000] "GET /javascript/dis.js HTTP/1.1" 200 439889 
0:0:0:0:0:0:0:1 -  -  [01/Feb/2016:19:57:04 +0000] "GET / HTTP/1.1" 101 - 
0:0:0:0:0:0:0:1 -  -  [01/Feb/2016:19:59:14 +0000] "GET /googleMaps.html HTTP/1.1" 200 20816 
0:0:0:0:0:0:0:1 -  -  [01/Feb/2016:19:59:14 +0000] "GET /javascript/dis.js HTTP/1.1" 200 439889 
0:0:0:0:0:0:0:1 -  -  [01/Feb/2016:19:59:15 +0000] "GET / HTTP/1.1" 101 - 
0:0:0:0:0:0:0:1 -  -  [01/Feb/2016:19:59:56 +0000] "GET /googleMaps.html HTTP/1.1" 200 20832 
0:0:0:0:0:0:0:1 -  -  [01/Feb/2016:19:59:56 +0000] "GET /javascript/dis.js HTTP/1.1" 200 439889 
0:0:0:0:0:0:0:1 -  -  [01/Feb/2016:19:59:57 +0000] "GET / HTTP/1.1" 101 - 
0:0:0:0:0:0:0:1 -  -  [01/Feb/2016:20:01:31 +0000] "GET /googleMaps.html HTTP/1.1" 200 20836 
0:0:0:0:0:0:0:1 -  -  [01/Feb/2016:20:01:31 +0000] "GET /javascript/dis.js HTTP/1.1" 200 439889 
0:0:0:0:0:0:0:1 -  -  [01/Feb/2016:20:01:57 +0000] "GET /googleMaps.html HTTP/1.1" 200 20835 
0:0:0:0:0:0:0:1 -  -  [01/Feb/2016:20:01:57 +0000] "GET /javascript/dis.js HTTP/1.1" 200 439889 
0:0:0:0:0:0:0:1 -  -  [01/Feb/2016:20:01:58 +0000] "GET / HTTP/1.1" 101 - 
0:0:0:0:0:0:0:1 -  -  [01/Feb/2016:20:02:51 +0000] "GET /googleMaps.html HTTP/1.1" 200 20836 
0:0:0:0:0:0:0:1 -  -  [01/Feb/2016:20:02:51 +0000] "GET /javascript/dis.js HTTP/1.1" 200 439889 
0:0:0:0:0:0:0:1 -  -  [01/Feb/2016:20:02:52 +0000] "GET / HTTP/1.1" 101 - 
0:0:0:0:0:0:0:1 -  -  [01/Feb/2016:20:03:40 +0000] "GET /googleMaps.html HTTP/1.1" 200 20836 
0:0:0:0:0:0:0:1 -  -  [01/Feb/2016:20:03:40 +0000] "GET /javascript/dis.js HTTP/1.1" 200 439889 
0:0:0:0:0:0:0:1 -  -  [01/Feb/2016:20:03:40 +0000] "GET / HTTP/1.1" 101 - 
0:0:0:0:0:0:0:1 -  -  [01/Feb/2016:20:06:59 +0000] "GET /googleMaps.html HTTP/1.1" 200 20976 
0:0:0:0:0:0:0:1 -  -  [01/Feb/2016:20:06:59 +0000] "GET /javascript/dis.js HTTP/1.1" 200 439889 
0:0:0:0:0:0:0:1 -  -  [01/Feb/2016:20:06:59 +0000] "GET / HTTP/1.1" 101 - 
0:0:0:0:0:0:0:1 -  -  [01/Feb/2016:20:36:37 +0000] "GET /googleMaps.html HTTP/1.1" 200 20937 
0:0:0:0:0:0:0:1 -  -  [01/Feb/2016:20:36:38 +0000] "GET /javascript/dis.js HTTP/1.1" 200 439889 
0:0:0:0:0:0:0:1 -  -  [01/Feb/2016:20:36:38 +0000] "GET / HTTP/1.1" 101 - 
0:0:0:0:0:0:0:1 -  -  [01/Feb/2016:21:22:42 +0000] "GET /shooting.html HTTP/1.1" 200 5852 
0:0:0:0:0:0:0:1 -  -  [01/Feb/2016:21:22:42 +0000] "GET /javascript/dis.js HTTP/1.1" 200 439889 
0:0:0:0:0:0:0:1 -  -  [01/Feb/2016:21:22:42 +0000] "GET / HTTP/1.1" 101 - 
0:0:0:0:0:0:0:1 -  -  [01/Feb/2016:21:23:01 +0000] "GET /shooting.html HTTP/1.1" 200 5856 
0:0:0:0:0:0:0:1 -  -  [01/Feb/2016:21:23:01 +0000] "GET /javascript/dis.js HTTP/1.1" 200 439889 
0:0:0:0:0:0:0:1 -  -  [01/Feb/2016:21:23:01 +0000] "GET / HTTP/1.1" 101 - 
0:0:0:0:0:0:0:1 -  -  [01/Feb/2016:21:27:59 +0000] "GET /shooting.html HTTP/1.1" 200 6990 
0:0:0:0:0:0:0:1 -  -  [01/Feb/2016:21:27:59 +0000] "GET /javascript/dis.js HTTP/1.1" 200 439889 
0:0:0:0:0:0:0:1 -  -  [01/Feb/2016:21:27:59 +0000] "GET / HTTP/1.1" 101 - 
0:0:0:0:0:0:0:1 -  -  [01/Feb/2016:21:29:01 +0000] "GET /constructive.html HTTP/1.1" 200 9141 
0:0:0:0:0:0:0:1 -  -  [01/Feb/2016:21:29:01 +0000] "GET /javascript/dis.js HTTP/1.1" 200 439889 
0:0:0:0:0:0:0:1 -  -  [01/Feb/2016:21:29:01 +0000] "GET / HTTP/1.1" 101 - 
0:0:0:0:0:0:0:1 -  -  [01/Feb/2016:21:32:29 +0000] "GET /shooting.html HTTP/1.1" 200 7040 
0:0:0:0:0:0:0:1 -  -  [01/Feb/2016:21:32:29 +0000] "GET /javascript/dis.js HTTP/1.1" 200 439889 
0:0:0:0:0:0:0:1 -  -  [01/Feb/2016:21:32:29 +0000] "GET / HTTP/1.1" 101 - 
0:0:0:0:0:0:0:1 -  -  [01/Feb/2016:21:33:42 +0000] "GET /shooting.html HTTP/1.1" 200 7045 
0:0:0:0:0:0:0:1 -  -  [01/Feb/2016:21:33:42 +0000] "GET /javascript/dis.js HTTP/1.1" 200 439889 
0:0:0:0:0:0:0:1 -  -  [01/Feb/2016:21:33:42 +0000] "GET / HTTP/1.1" 101 - 
0:0:0:0:0:0:0:1 -  -  [01/Feb/2016:21:34:26 +0000] "GET /shooting.html HTTP/1.1" 200 7092 
0:0:0:0:0:0:0:1 -  -  [01/Feb/2016:21:34:26 +0000] "GET /javascript/dis.js HTTP/1.1" 200 439889 
0:0:0:0:0:0:0:1 -  -  [01/Feb/2016:21:34:26 +0000] "GET / HTTP/1.1" 101 - 
0:0:0:0:0:0:0:1 -  -  [01/Feb/2016:21:35:11 +0000] "GET /shooting.html HTTP/1.1" 200 7092 
0:0:0:0:0:0:0:1 -  -  [01/Feb/2016:21:35:11 +0000] "GET /javascript/dis.js HTTP/1.1" 200 439889 
0:0:0:0:0:0:0:1 -  -  [01/Feb/2016:21:35:12 +0000] "GET / HTTP/1.1" 101 - 
0:0:0:0:0:0:0:1 -  -  [01/Feb/2016:21:37:18 +0000] "GET /shooting.html HTTP/1.1" 200 7080 
0:0:0:0:0:0:0:1 -  -  [01/Feb/2016:21:37:18 +0000] "GET /javascript/dis.js HTTP/1.1" 200 439889 
0:0:0:0:0:0:0:1 -  -  [01/Feb/2016:21:37:18 +0000] "GET / HTTP/1.1" 101 - 
0:0:0:0:0:0:0:1 -  -  [01/Feb/2016:21:38:10 +0000] "GET /shooting.html HTTP/1.1" 200 7140 
0:0:0:0:0:0:0:1 -  -  [01/Feb/2016:21:38:10 +0000] "GET /javascript/dis.js HTTP/1.1" 200 439889 
0:0:0:0:0:0:0:1 -  -  [01/Feb/2016:21:38:11 +0000] "GET / HTTP/1.1" 101 - 
0:0:0:0:0:0:0:1 -  -  [01/Feb/2016:21:40:13 +0000] "GET /shooting.html HTTP/1.1" 200 7142 
0:0:0:0:0:0:0:1 -  -  [01/Feb/2016:21:40:13 +0000] "GET /javascript/dis.js HTTP/1.1" 200 439889 
0:0:0:0:0:0:0:1 -  -  [01/Feb/2016:21:40:14 +0000] "GET / HTTP/1.1" 101 - 
0:0:0:0:0:0:0:1 -  -  [01/Feb/2016:21:45:08 +0000] "GET /shooting.html HTTP/1.1" 200 7300 
0:0:0:0:0:0:0:1 -  -  [01/Feb/2016:21:45:08 +0000] "GET /javascript/dis.js HTTP/1.1" 200 439889 
0:0:0:0:0:0:0:1 -  -  [01/Feb/2016:21:45:08 +0000] "GET / HTTP/1.1" 101 - 
0:0:0:0:0:0:0:1 -  -  [01/Feb/2016:22:02:20 +0000] "GET /shooting.html HTTP/1.1" 200 7365 
0:0:0:0:0:0:0:1 -  -  [01/Feb/2016:22:02:20 +0000] "GET /javascript/dis.js HTTP/1.1" 200 439889 
0:0:0:0:0:0:0:1 -  -  [01/Feb/2016:22:02:20 +0000] "GET / HTTP/1.1" 101 - 
0:0:0:0:0:0:0:1 -  -  [01/Feb/2016:22:02:51 +0000] "GET /shooting.html HTTP/1.1" 200 7366 
0:0:0:0:0:0:0:1 -  -  [01/Feb/2016:22:02:51 +0000] "GET /javascript/dis.js HTTP/1.1" 200 439889 
0:0:0:0:0:0:0:1 -  -  [01/Feb/2016:22:02:51 +0000] "GET / HTTP/1.1" 101 - 
0:0:0:0:0:0:0:1 -  -  [01/Feb/2016:22:11:41 +0000] "GET /shooting.html HTTP/1.1" 200 7661 
0:0:0:0:0:0:0:1 -  -  [01/Feb/2016:22:11:41 +0000] "GET /javascript/dis.js HTTP/1.1" 200 439889 
0:0:0:0:0:0:0:1 -  -  [01/Feb/2016:22:11:41 +0000] "GET / HTTP/1.1" 101 - 
0:0:0:0:0:0:0:1 -  -  [01/Feb/2016:22:25:31 +0000] "GET /shooting.html HTTP/1.1" 200 8496 
0:0:0:0:0:0:0:1 -  -  [01/Feb/2016:22:25:31 +0000] "GET /javascript/dis.js HTTP/1.1" 200 439889 
0:0:0:0:0:0:0:1 -  -  [01/Feb/2016:22:25:32 +0000] "GET / HTTP/1.1" 101 - 
0:0:0:0:0:0:0:1 -  -  [01/Feb/2016:22:26:57 +0000] "GET /shooting.html HTTP/1.1" 200 8496 
0:0:0:0:0:0:0:1 -  -  [01/Feb/2016:22:26:57 +0000] "GET /javascript/dis.js HTTP/1.1" 200 439889 
0:0:0:0:0:0:0:1 -  -  [01/Feb/2016:22:26:57 +0000] "GET / HTTP/1.1" 101 - 
0:0:0:0:0:0:0:1 -  -  [01/Feb/2016:22:27:53 +0000] "GET /googleMaps.html HTTP/1.1" 200 20939 
0:0:0:0:0:0:0:1 -  -  [01/Feb/2016:22:27:53 +0000] "GET /javascript/dis.js HTTP/1.1" 200 439889 
0:0:0:0:0:0:0:1 -  -  [01/Feb/2016:22:27:54 +0000] "GET / HTTP/1.1" 101 - 
0:0:0:0:0:0:0:1 -  -  [01/Feb/2016:22:36:24 +0000] "GET /shooting.html HTTP/1.1" 200 11709 
0:0:0:0:0:0:0:1 -  -  [01/Feb/2016:22:36:25 +0000] "GET /javascript/dis.js HTTP/1.1" 200 439889 
0:0:0:0:0:0:0:1 -  -  [01/Feb/2016:22:36:25 +0000] "GET / HTTP/1.1" 101 - 
0:0:0:0:0:0:0:1 -  -  [01/Feb/2016:22:37:16 +0000] "GET /shooting.html HTTP/1.1" 200 11721 
0:0:0:0:0:0:0:1 -  -  [01/Feb/2016:22:37:16 +0000] "GET /javascript/dis.js HTTP/1.1" 200 439889 
0:0:0:0:0:0:0:1 -  -  [01/Feb/2016:22:37:17 +0000] "GET / HTTP/1.1" 101 - 
0:0:0:0:0:0:0:1 -  -  [01/Feb/2016:22:45:29 +0000] "GET /googleMaps.html HTTP/1.1" 200 20939 
0:0:0:0:0:0:0:1 -  -  [01/Feb/2016:22:45:29 +0000] "GET /javascript/dis.js HTTP/1.1" 200 439889 
0:0:0:0:0:0:0:1 -  -  [01/Feb/2016:22:45:29 +0000] "GET / HTTP/1.1" 101 - 
0:0:0:0:0:0:0:1 -  -  [01/Feb/2016:22:48:43 +0000] "GET /googleMaps.html HTTP/1.1" 200 20939 
0:0:0:0:0:0:0:1 -  -  [01/Feb/2016:22:48:43 +0000] "GET /javascript/dis.js HTTP/1.1" 200 439889 
0:0:0:0:0:0:0:1 -  -  [01/Feb/2016:22:48:44 +0000] "GET / HTTP/1.1" 101 - 
0:0:0:0:0:0:0:1 -  -  [01/Feb/2016:22:52:11 +0000] "GET /googleMaps.html HTTP/1.1" 200 20939 
0:0:0:0:0:0:0:1 -  -  [01/Feb/2016:22:52:11 +0000] "GET /javascript/dis.js HTTP/1.1" 200 439889 
0:0:0:0:0:0:0:1 -  -  [01/Feb/2016:22:52:11 +0000] "GET / HTTP/1.1" 101 - 
0:0:0:0:0:0:0:1 -  -  [01/Feb/2016:22:54:50 +0000] "GET /constructive.html HTTP/1.1" 200 9173 
0:0:0:0:0:0:0:1 -  -  [01/Feb/2016:22:54:50 +0000] "GET /javascript/dis.js HTTP/1.1" 200 439889 
0:0:0:0:0:0:0:1 -  -  [01/Feb/2016:22:54:50 +0000] "GET / HTTP/1.1" 101 - 
0:0:0:0:0:0:0:1 -  -  [01/Feb/2016:22:55:46 +0000] "GET /shooting.html HTTP/1.1" 200 11721 
0:0:0:0:0:0:0:1 -  -  [01/Feb/2016:22:55:46 +0000] "GET /javascript/dis.js HTTP/1.1" 200 439889 
0:0:0:0:0:0:0:1 -  -  [01/Feb/2016:22:55:46 +0000] "GET / HTTP/1.1" 101 - 
0:0:0:0:0:0:0:1 -  -  [01/Feb/2016:22:56:00 +0000] "GET /constructive.html HTTP/1.1" 200 9173 
0:0:0:0:0:0:0:1 -  -  [01/Feb/2016:22:56:00 +0000] "GET /javascript/dis.js HTTP/1.1" 200 439889 
0:0:0:0:0:0:0:1 -  -  [01/Feb/2016:22:56:00 +0000] "GET / HTTP/1.1" 101 - 
0:0:0:0:0:0:0:1 -  -  [01/Feb/2016:23:07:03 +0000] "GET /shooting.html HTTP/1.1" 200 11722 
0:0:0:0:0:0:0:1 -  -  [01/Feb/2016:23:07:03 +0000] "GET /javascript/dis.js HTTP/1.1" 200 439889 
0:0:0:0:0:0:0:1 -  -  [01/Feb/2016:23:07:03 +0000] "GET / HTTP/1.1" 101 - 
0:0:0:0:0:0:0:1 -  -  [01/Feb/2016:23:19:51 +0000] "GET /shooting.html HTTP/1.1" 200 12040 
0:0:0:0:0:0:0:1 -  -  [01/Feb/2016:23:19:51 +0000] "GET /javascript/dis.js HTTP/1.1" 200 439889 
0:0:0:0:0:0:0:1 -  -  [01/Feb/2016:23:19:51 +0000] "GET / HTTP/1.1" 101 - 
0:0:0:0:0:0:0:1 -  -  [01/Feb/2016:23:20:42 +0000] "GET /googleMaps.html HTTP/1.1" 200 20939 
0:0:0:0:0:0:0:1 -  -  [01/Feb/2016:23:20:42 +0000] "GET /javascript/dis.js HTTP/1.1" 200 439889 
0:0:0:0:0:0:0:1 -  -  [01/Feb/2016:23:20:43 +0000] "GET / HTTP/1.1" 101 - 
0:0:0:0:0:0:0:1 -  -  [01/Feb/2016:23:32:01 +0000] "GET /shooting.html HTTP/1.1" 200 12029 
0:0:0:0:0:0:0:1 -  -  [01/Feb/2016:23:32:01 +0000] "GET /javascript/dis.js HTTP/1.1" 200 439889 
0:0:0:0:0:0:0:1 -  -  [01/Feb/2016:23:32:01 +0000] "GET / HTTP/1.1" 101 - 
0:0:0:0:0:0:0:1 -  -  [01/Feb/2016:23:33:38 +0000] "GET /shooting.html HTTP/1.1" 200 12013 
0:0:0:0:0:0:0:1 -  -  [01/Feb/2016:23:33:38 +0000] "GET /javascript/dis.js HTTP/1.1" 200 439889 
0:0:0:0:0:0:0:1 -  -  [01/Feb/2016:23:33:38 +0000] "GET / HTTP/1.1" 101 - 
0:0:0:0:0:0:0:1 -  -  [01/Feb/2016:23:37:58 +0000] "GET /shooting.html HTTP/1.1" 200 12013 
0:0:0:0:0:0:0:1 -  -  [01/Feb/2016:23:37:58 +0000] "GET /javascript/dis.js HTTP/1.1" 200 439889 
0:0:0:0:0:0:0:1 -  -  [01/Feb/2016:23:37:58 +0000] "GET / HTTP/1.1" 101 - 
