0:0:0:0:0:0:0:1 -  -  [18/Feb/2016:01:10:30 +0000] "GET / HTTP/1.1" 200 2973 
0:0:0:0:0:0:0:1 -  -  [18/Feb/2016:01:10:30 +0000] "GET /favicon.ico HTTP/1.1" 404 295 
0:0:0:0:0:0:0:1 -  -  [18/Feb/2016:01:10:33 +0000] "GET /googleMaps.html HTTP/1.1" 200 20939 
0:0:0:0:0:0:0:1 -  -  [18/Feb/2016:01:10:33 +0000] "GET /javascript/dis.js HTTP/1.1" 200 439889 
0:0:0:0:0:0:0:1 -  -  [18/Feb/2016:01:10:33 +0000] "GET / HTTP/1.1" 101 - 
0:0:0:0:0:0:0:1 -  -  [18/Feb/2016:01:10:36 +0000] "GET / HTTP/1.1" 200 2973 
0:0:0:0:0:0:0:1 -  -  [18/Feb/2016:01:10:37 +0000] "GET /googleMaps.html HTTP/1.1" 200 20939 
0:0:0:0:0:0:0:1 -  -  [18/Feb/2016:01:10:37 +0000] "GET /javascript/dis.js HTTP/1.1" 200 439889 
0:0:0:0:0:0:0:1 -  -  [18/Feb/2016:01:10:38 +0000] "GET / HTTP/1.1" 101 - 
0:0:0:0:0:0:0:1 -  -  [18/Feb/2016:01:28:48 +0000] "GET /googleMaps.html HTTP/1.1" 200 20939 
0:0:0:0:0:0:0:1 -  -  [18/Feb/2016:01:28:48 +0000] "GET /javascript/dis.js HTTP/1.1" 200 439889 
0:0:0:0:0:0:0:1 -  -  [18/Feb/2016:01:28:48 +0000] "GET / HTTP/1.1" 101 - 
0:0:0:0:0:0:0:1 -  -  [18/Feb/2016:01:28:50 +0000] "GET /googleMaps.html HTTP/1.1" 200 20939 
0:0:0:0:0:0:0:1 -  -  [18/Feb/2016:01:28:50 +0000] "GET /javascript/dis.js HTTP/1.1" 200 439889 
0:0:0:0:0:0:0:1 -  -  [18/Feb/2016:01:28:50 +0000] "GET / HTTP/1.1" 101 - 
0:0:0:0:0:0:0:1 -  -  [18/Feb/2016:01:40:14 +0000] "GET /googleMaps.html HTTP/1.1" 200 20939 
0:0:0:0:0:0:0:1 -  -  [18/Feb/2016:01:40:14 +0000] "GET /javascript/dis.js HTTP/1.1" 200 439889 
0:0:0:0:0:0:0:1 -  -  [18/Feb/2016:01:40:14 +0000] "GET / HTTP/1.1" 101 - 
0:0:0:0:0:0:0:1 -  -  [18/Feb/2016:01:40:17 +0000] "GET /googleMaps.html HTTP/1.1" 200 20939 
0:0:0:0:0:0:0:1 -  -  [18/Feb/2016:01:40:17 +0000] "GET /javascript/dis.js HTTP/1.1" 200 439889 
0:0:0:0:0:0:0:1 -  -  [18/Feb/2016:01:40:17 +0000] "GET / HTTP/1.1" 101 - 
0:0:0:0:0:0:0:1 -  -  [18/Feb/2016:01:42:05 +0000] "GET /googleMaps.html HTTP/1.1" 200 20939 
0:0:0:0:0:0:0:1 -  -  [18/Feb/2016:01:42:06 +0000] "GET /javascript/dis.js HTTP/1.1" 200 439889 
0:0:0:0:0:0:0:1 -  -  [18/Feb/2016:01:42:06 +0000] "GET / HTTP/1.1" 101 - 
0:0:0:0:0:0:0:1 -  -  [18/Feb/2016:01:42:12 +0000] "GET /googleMaps.html HTTP/1.1" 200 20939 
0:0:0:0:0:0:0:1 -  -  [18/Feb/2016:01:42:13 +0000] "GET /javascript/dis.js HTTP/1.1" 200 439889 
0:0:0:0:0:0:0:1 -  -  [18/Feb/2016:01:42:13 +0000] "GET / HTTP/1.1" 101 - 
0:0:0:0:0:0:0:1 -  -  [18/Feb/2016:01:45:36 +0000] "GET /googleMaps.html HTTP/1.1" 200 20939 
0:0:0:0:0:0:0:1 -  -  [18/Feb/2016:01:45:36 +0000] "GET /javascript/dis.js HTTP/1.1" 200 439889 
0:0:0:0:0:0:0:1 -  -  [18/Feb/2016:01:45:37 +0000] "GET / HTTP/1.1" 101 - 
0:0:0:0:0:0:0:1 -  -  [18/Feb/2016:01:45:38 +0000] "GET /googleMaps.html HTTP/1.1" 200 20939 
0:0:0:0:0:0:0:1 -  -  [18/Feb/2016:01:45:38 +0000] "GET /javascript/dis.js HTTP/1.1" 200 439889 
0:0:0:0:0:0:0:1 -  -  [18/Feb/2016:01:45:38 +0000] "GET / HTTP/1.1" 101 - 
0:0:0:0:0:0:0:1 -  -  [18/Feb/2016:01:46:44 +0000] "GET /googleMaps.html HTTP/1.1" 200 20939 
0:0:0:0:0:0:0:1 -  -  [18/Feb/2016:01:46:44 +0000] "GET /javascript/dis.js HTTP/1.1" 200 439889 
0:0:0:0:0:0:0:1 -  -  [18/Feb/2016:01:46:44 +0000] "GET / HTTP/1.1" 101 - 
0:0:0:0:0:0:0:1 -  -  [18/Feb/2016:01:46:47 +0000] "GET /googleMaps.html HTTP/1.1" 200 20939 
0:0:0:0:0:0:0:1 -  -  [18/Feb/2016:01:46:47 +0000] "GET /javascript/dis.js HTTP/1.1" 200 439889 
0:0:0:0:0:0:0:1 -  -  [18/Feb/2016:01:46:48 +0000] "GET / HTTP/1.1" 101 - 
0:0:0:0:0:0:0:1 -  -  [18/Feb/2016:01:48:24 +0000] "GET /googleMaps.html HTTP/1.1" 200 20939 
0:0:0:0:0:0:0:1 -  -  [18/Feb/2016:01:48:24 +0000] "GET /javascript/dis.js HTTP/1.1" 200 439889 
0:0:0:0:0:0:0:1 -  -  [18/Feb/2016:01:48:25 +0000] "GET / HTTP/1.1" 101 - 
0:0:0:0:0:0:0:1 -  -  [18/Feb/2016:01:48:26 +0000] "GET /googleMaps.html HTTP/1.1" 200 20939 
0:0:0:0:0:0:0:1 -  -  [18/Feb/2016:01:48:26 +0000] "GET /javascript/dis.js HTTP/1.1" 200 439889 
0:0:0:0:0:0:0:1 -  -  [18/Feb/2016:01:48:26 +0000] "GET / HTTP/1.1" 101 - 
0:0:0:0:0:0:0:1 -  -  [18/Feb/2016:04:00:28 +0000] "GET /googleMaps.html HTTP/1.1" 200 20939 
0:0:0:0:0:0:0:1 -  -  [18/Feb/2016:04:00:28 +0000] "GET /javascript/dis.js HTTP/1.1" 200 439889 
0:0:0:0:0:0:0:1 -  -  [18/Feb/2016:04:00:28 +0000] "GET / HTTP/1.1" 101 - 
0:0:0:0:0:0:0:1 -  -  [18/Feb/2016:04:00:32 +0000] "GET /googleMaps.html HTTP/1.1" 200 20939 
0:0:0:0:0:0:0:1 -  -  [18/Feb/2016:04:00:32 +0000] "GET /javascript/dis.js HTTP/1.1" 200 439889 
0:0:0:0:0:0:0:1 -  -  [18/Feb/2016:04:00:32 +0000] "GET / HTTP/1.1" 101 - 
0:0:0:0:0:0:0:1 -  -  [18/Feb/2016:04:06:50 +0000] "GET /googleMaps.html HTTP/1.1" 200 20939 
0:0:0:0:0:0:0:1 -  -  [18/Feb/2016:04:06:50 +0000] "GET /javascript/dis.js HTTP/1.1" 200 439889 
0:0:0:0:0:0:0:1 -  -  [18/Feb/2016:04:06:51 +0000] "GET / HTTP/1.1" 101 - 
0:0:0:0:0:0:0:1 -  -  [18/Feb/2016:04:06:57 +0000] "GET /googleMaps.html HTTP/1.1" 200 20939 
0:0:0:0:0:0:0:1 -  -  [18/Feb/2016:04:06:57 +0000] "GET /javascript/dis.js HTTP/1.1" 200 439889 
0:0:0:0:0:0:0:1 -  -  [18/Feb/2016:04:06:57 +0000] "GET / HTTP/1.1" 101 - 
0:0:0:0:0:0:0:1 -  -  [18/Feb/2016:04:09:30 +0000] "GET /googleMaps.html HTTP/1.1" 200 20939 
0:0:0:0:0:0:0:1 -  -  [18/Feb/2016:04:09:30 +0000] "GET /javascript/dis.js HTTP/1.1" 200 439889 
0:0:0:0:0:0:0:1 -  -  [18/Feb/2016:04:09:30 +0000] "GET / HTTP/1.1" 101 - 
0:0:0:0:0:0:0:1 -  -  [18/Feb/2016:04:09:43 +0000] "GET /googleMaps.html HTTP/1.1" 200 20939 
0:0:0:0:0:0:0:1 -  -  [18/Feb/2016:04:09:43 +0000] "GET /javascript/dis.js HTTP/1.1" 200 439889 
0:0:0:0:0:0:0:1 -  -  [18/Feb/2016:04:09:43 +0000] "GET / HTTP/1.1" 101 - 
0:0:0:0:0:0:0:1 -  -  [18/Feb/2016:04:10:33 +0000] "GET /googleMaps.html HTTP/1.1" 200 20939 
0:0:0:0:0:0:0:1 -  -  [18/Feb/2016:04:10:33 +0000] "GET /javascript/dis.js HTTP/1.1" 200 439889 
0:0:0:0:0:0:0:1 -  -  [18/Feb/2016:04:10:34 +0000] "GET / HTTP/1.1" 101 - 
0:0:0:0:0:0:0:1 -  -  [18/Feb/2016:04:10:41 +0000] "GET /googleMaps.html HTTP/1.1" 200 20939 
0:0:0:0:0:0:0:1 -  -  [18/Feb/2016:04:10:41 +0000] "GET /javascript/dis.js HTTP/1.1" 200 439889 
0:0:0:0:0:0:0:1 -  -  [18/Feb/2016:04:10:42 +0000] "GET / HTTP/1.1" 101 - 
0:0:0:0:0:0:0:1 -  -  [18/Feb/2016:04:12:31 +0000] "GET /googleMaps.html HTTP/1.1" 200 20939 
0:0:0:0:0:0:0:1 -  -  [18/Feb/2016:04:12:31 +0000] "GET /javascript/dis.js HTTP/1.1" 200 439889 
0:0:0:0:0:0:0:1 -  -  [18/Feb/2016:04:12:32 +0000] "GET / HTTP/1.1" 101 - 
0:0:0:0:0:0:0:1 -  -  [18/Feb/2016:04:12:38 +0000] "GET /googleMaps.html HTTP/1.1" 200 20939 
0:0:0:0:0:0:0:1 -  -  [18/Feb/2016:04:12:38 +0000] "GET /javascript/dis.js HTTP/1.1" 200 439889 
0:0:0:0:0:0:0:1 -  -  [18/Feb/2016:04:12:38 +0000] "GET / HTTP/1.1" 101 - 
0:0:0:0:0:0:0:1 -  -  [18/Feb/2016:04:47:38 +0000] "GET /googleMaps.html HTTP/1.1" 200 20939 
0:0:0:0:0:0:0:1 -  -  [18/Feb/2016:04:47:38 +0000] "GET /javascript/dis.js HTTP/1.1" 200 439889 
0:0:0:0:0:0:0:1 -  -  [18/Feb/2016:04:47:39 +0000] "GET / HTTP/1.1" 101 - 
0:0:0:0:0:0:0:1 -  -  [18/Feb/2016:04:47:43 +0000] "GET /googleMaps.html HTTP/1.1" 200 20939 
0:0:0:0:0:0:0:1 -  -  [18/Feb/2016:04:47:43 +0000] "GET /javascript/dis.js HTTP/1.1" 200 439889 
0:0:0:0:0:0:0:1 -  -  [18/Feb/2016:04:47:43 +0000] "GET / HTTP/1.1" 101 - 
0:0:0:0:0:0:0:1 -  -  [18/Feb/2016:04:49:54 +0000] "GET /googleMaps.html HTTP/1.1" 200 20939 
0:0:0:0:0:0:0:1 -  -  [18/Feb/2016:04:49:54 +0000] "GET /javascript/dis.js HTTP/1.1" 200 439889 
0:0:0:0:0:0:0:1 -  -  [18/Feb/2016:04:49:54 +0000] "GET / HTTP/1.1" 101 - 
0:0:0:0:0:0:0:1 -  -  [18/Feb/2016:04:49:58 +0000] "GET /googleMaps.html HTTP/1.1" 200 20939 
0:0:0:0:0:0:0:1 -  -  [18/Feb/2016:04:49:58 +0000] "GET /javascript/dis.js HTTP/1.1" 200 439889 
0:0:0:0:0:0:0:1 -  -  [18/Feb/2016:04:49:58 +0000] "GET / HTTP/1.1" 101 - 
0:0:0:0:0:0:0:1 -  -  [18/Feb/2016:04:51:37 +0000] "GET /googleMaps.html HTTP/1.1" 200 20939 
0:0:0:0:0:0:0:1 -  -  [18/Feb/2016:04:51:37 +0000] "GET /javascript/dis.js HTTP/1.1" 200 439889 
0:0:0:0:0:0:0:1 -  -  [18/Feb/2016:04:51:37 +0000] "GET / HTTP/1.1" 101 - 
0:0:0:0:0:0:0:1 -  -  [18/Feb/2016:04:51:42 +0000] "GET /googleMaps.html HTTP/1.1" 200 20939 
0:0:0:0:0:0:0:1 -  -  [18/Feb/2016:04:51:42 +0000] "GET /javascript/dis.js HTTP/1.1" 200 439889 
0:0:0:0:0:0:0:1 -  -  [18/Feb/2016:04:51:42 +0000] "GET / HTTP/1.1" 101 - 
0:0:0:0:0:0:0:1 -  -  [18/Feb/2016:04:53:00 +0000] "GET /googleMaps.html HTTP/1.1" 200 20939 
0:0:0:0:0:0:0:1 -  -  [18/Feb/2016:04:53:00 +0000] "GET /javascript/dis.js HTTP/1.1" 200 439889 
0:0:0:0:0:0:0:1 -  -  [18/Feb/2016:04:53:00 +0000] "GET / HTTP/1.1" 101 - 
0:0:0:0:0:0:0:1 -  -  [18/Feb/2016:04:53:04 +0000] "GET /googleMaps.html HTTP/1.1" 200 20939 
0:0:0:0:0:0:0:1 -  -  [18/Feb/2016:04:53:04 +0000] "GET /javascript/dis.js HTTP/1.1" 200 439889 
0:0:0:0:0:0:0:1 -  -  [18/Feb/2016:04:53:04 +0000] "GET / HTTP/1.1" 101 - 
0:0:0:0:0:0:0:1 -  -  [18/Feb/2016:04:54:02 +0000] "GET /googleMaps.html HTTP/1.1" 200 20939 
0:0:0:0:0:0:0:1 -  -  [18/Feb/2016:04:54:02 +0000] "GET /javascript/dis.js HTTP/1.1" 200 439889 
0:0:0:0:0:0:0:1 -  -  [18/Feb/2016:04:54:02 +0000] "GET / HTTP/1.1" 101 - 
0:0:0:0:0:0:0:1 -  -  [18/Feb/2016:04:54:07 +0000] "GET /googleMaps.html HTTP/1.1" 200 20939 
0:0:0:0:0:0:0:1 -  -  [18/Feb/2016:04:54:07 +0000] "GET /javascript/dis.js HTTP/1.1" 200 439889 
0:0:0:0:0:0:0:1 -  -  [18/Feb/2016:04:54:08 +0000] "GET / HTTP/1.1" 101 - 
0:0:0:0:0:0:0:1 -  -  [18/Feb/2016:04:55:18 +0000] "GET /googleMaps.html HTTP/1.1" 200 20939 
0:0:0:0:0:0:0:1 -  -  [18/Feb/2016:04:55:18 +0000] "GET /javascript/dis.js HTTP/1.1" 200 439889 
0:0:0:0:0:0:0:1 -  -  [18/Feb/2016:04:55:18 +0000] "GET / HTTP/1.1" 101 - 
0:0:0:0:0:0:0:1 -  -  [18/Feb/2016:04:55:22 +0000] "GET /googleMaps.html HTTP/1.1" 200 20939 
0:0:0:0:0:0:0:1 -  -  [18/Feb/2016:04:55:22 +0000] "GET /javascript/dis.js HTTP/1.1" 200 439889 
0:0:0:0:0:0:0:1 -  -  [18/Feb/2016:04:55:23 +0000] "GET / HTTP/1.1" 101 - 
0:0:0:0:0:0:0:1 -  -  [18/Feb/2016:05:00:03 +0000] "GET /googleMaps.html HTTP/1.1" 200 20939 
0:0:0:0:0:0:0:1 -  -  [18/Feb/2016:05:00:03 +0000] "GET /javascript/dis.js HTTP/1.1" 200 439889 
0:0:0:0:0:0:0:1 -  -  [18/Feb/2016:05:00:04 +0000] "GET / HTTP/1.1" 101 - 
0:0:0:0:0:0:0:1 -  -  [18/Feb/2016:05:00:08 +0000] "GET /googleMaps.html HTTP/1.1" 200 20939 
0:0:0:0:0:0:0:1 -  -  [18/Feb/2016:05:00:08 +0000] "GET /javascript/dis.js HTTP/1.1" 200 439889 
0:0:0:0:0:0:0:1 -  -  [18/Feb/2016:05:00:08 +0000] "GET / HTTP/1.1" 101 - 
