0:0:0:0:0:0:0:1 -  -  [02/Feb/2016:00:01:01 +0000] "GET /shooting.html HTTP/1.1" 200 12006 
0:0:0:0:0:0:0:1 -  -  [02/Feb/2016:00:01:02 +0000] "GET /javascript/dis.js HTTP/1.1" 200 439889 
0:0:0:0:0:0:0:1 -  -  [02/Feb/2016:00:01:02 +0000] "GET / HTTP/1.1" 101 - 
0:0:0:0:0:0:0:1 -  -  [02/Feb/2016:01:07:39 +0000] "GET /googleMaps.html HTTP/1.1" 200 20939 
0:0:0:0:0:0:0:1 -  -  [02/Feb/2016:01:07:39 +0000] "GET /javascript/dis.js HTTP/1.1" 200 439889 
0:0:0:0:0:0:0:1 -  -  [02/Feb/2016:01:07:39 +0000] "GET / HTTP/1.1" 101 - 
0:0:0:0:0:0:0:1 -  -  [02/Feb/2016:01:08:41 +0000] "GET /constructive.html HTTP/1.1" 200 9173 
0:0:0:0:0:0:0:1 -  -  [02/Feb/2016:01:08:41 +0000] "GET /javascript/dis.js HTTP/1.1" 200 439889 
0:0:0:0:0:0:0:1 -  -  [02/Feb/2016:01:08:41 +0000] "GET / HTTP/1.1" 101 - 
0:0:0:0:0:0:0:1 -  -  [02/Feb/2016:01:09:13 +0000] "GET /constructive.html HTTP/1.1" 200 9173 
0:0:0:0:0:0:0:1 -  -  [02/Feb/2016:01:09:13 +0000] "GET /javascript/dis.js HTTP/1.1" 200 439889 
0:0:0:0:0:0:0:1 -  -  [02/Feb/2016:01:09:13 +0000] "GET / HTTP/1.1" 101 - 
0:0:0:0:0:0:0:1 -  -  [02/Feb/2016:01:16:56 +0000] "GET /constructive.html HTTP/1.1" 200 9173 
0:0:0:0:0:0:0:1 -  -  [02/Feb/2016:01:16:57 +0000] "GET /javascript/dis.js HTTP/1.1" 200 439889 
0:0:0:0:0:0:0:1 -  -  [02/Feb/2016:01:16:57 +0000] "GET / HTTP/1.1" 101 - 
0:0:0:0:0:0:0:1 -  -  [02/Feb/2016:01:17:03 +0000] "GET /constructive.html HTTP/1.1" 200 9173 
0:0:0:0:0:0:0:1 -  -  [02/Feb/2016:01:17:03 +0000] "GET /javascript/dis.js HTTP/1.1" 200 439889 
0:0:0:0:0:0:0:1 -  -  [02/Feb/2016:01:17:03 +0000] "GET / HTTP/1.1" 101 - 
0:0:0:0:0:0:0:1 -  -  [02/Feb/2016:01:20:15 +0000] "GET /constructive.html HTTP/1.1" 200 9264 
0:0:0:0:0:0:0:1 -  -  [02/Feb/2016:01:20:15 +0000] "GET /javascript/dis.js HTTP/1.1" 200 439889 
0:0:0:0:0:0:0:1 -  -  [02/Feb/2016:01:20:15 +0000] "GET / HTTP/1.1" 101 - 
0:0:0:0:0:0:0:1 -  -  [02/Feb/2016:01:21:34 +0000] "GET /googleMaps.html HTTP/1.1" 200 20939 
0:0:0:0:0:0:0:1 -  -  [02/Feb/2016:01:21:34 +0000] "GET /javascript/dis.js HTTP/1.1" 200 439889 
0:0:0:0:0:0:0:1 -  -  [02/Feb/2016:01:21:34 +0000] "GET / HTTP/1.1" 101 - 
0:0:0:0:0:0:0:1 -  -  [02/Feb/2016:01:25:45 +0000] "GET /googleMaps.html HTTP/1.1" 200 20939 
0:0:0:0:0:0:0:1 -  -  [02/Feb/2016:01:25:45 +0000] "GET /javascript/dis.js HTTP/1.1" 200 439889 
0:0:0:0:0:0:0:1 -  -  [02/Feb/2016:01:25:45 +0000] "GET / HTTP/1.1" 101 - 
0:0:0:0:0:0:0:1 -  -  [02/Feb/2016:01:26:21 +0000] "GET /constructive.html HTTP/1.1" 200 9264 
0:0:0:0:0:0:0:1 -  -  [02/Feb/2016:01:26:21 +0000] "GET /javascript/dis.js HTTP/1.1" 200 439889 
0:0:0:0:0:0:0:1 -  -  [02/Feb/2016:01:26:22 +0000] "GET / HTTP/1.1" 101 - 
0:0:0:0:0:0:0:1 -  -  [02/Feb/2016:01:29:28 +0000] "GET /shooting.html HTTP/1.1" 200 12006 
0:0:0:0:0:0:0:1 -  -  [02/Feb/2016:01:29:28 +0000] "GET /javascript/dis.js HTTP/1.1" 200 439889 
0:0:0:0:0:0:0:1 -  -  [02/Feb/2016:01:29:28 +0000] "GET / HTTP/1.1" 101 - 
0:0:0:0:0:0:0:1 -  -  [02/Feb/2016:01:37:35 +0000] "GET /constructive.html HTTP/1.1" 200 9264 
0:0:0:0:0:0:0:1 -  -  [02/Feb/2016:01:37:36 +0000] "GET /javascript/dis.js HTTP/1.1" 200 439889 
0:0:0:0:0:0:0:1 -  -  [02/Feb/2016:01:37:36 +0000] "GET / HTTP/1.1" 101 - 
0:0:0:0:0:0:0:1 -  -  [02/Feb/2016:01:37:53 +0000] "GET /shooting.html HTTP/1.1" 200 12006 
0:0:0:0:0:0:0:1 -  -  [02/Feb/2016:01:37:53 +0000] "GET /javascript/dis.js HTTP/1.1" 200 439889 
0:0:0:0:0:0:0:1 -  -  [02/Feb/2016:01:37:53 +0000] "GET / HTTP/1.1" 101 - 
0:0:0:0:0:0:0:1 -  -  [02/Feb/2016:01:39:37 +0000] "GET /googleMaps.html HTTP/1.1" 200 20939 
0:0:0:0:0:0:0:1 -  -  [02/Feb/2016:01:39:37 +0000] "GET /javascript/dis.js HTTP/1.1" 200 439889 
0:0:0:0:0:0:0:1 -  -  [02/Feb/2016:01:39:37 +0000] "GET / HTTP/1.1" 101 - 
0:0:0:0:0:0:0:1 -  -  [02/Feb/2016:21:04:34 +0000] "GET / HTTP/1.1" 200 2973 
0:0:0:0:0:0:0:1 -  -  [03/Feb/2016:00:38:43 +0000] "GET / HTTP/1.1" 200 2973 
0:0:0:0:0:0:0:1 -  -  [03/Feb/2016:00:38:48 +0000] "GET /constructive.html HTTP/1.1" 200 9264 
0:0:0:0:0:0:0:1 -  -  [03/Feb/2016:00:38:48 +0000] "GET /javascript/dis.js HTTP/1.1" 200 439889 
0:0:0:0:0:0:0:1 -  -  [03/Feb/2016:00:38:48 +0000] "GET / HTTP/1.1" 101 - 
