0:0:0:0:0:0:0:1 -  -  [01/Dec/2015:14:33:30 +0000] "GET / HTTP/1.1" 200 2708 
0:0:0:0:0:0:0:1 -  -  [01/Dec/2015:14:33:30 +0000] "GET /favicon.ico HTTP/1.1" 404 295 
0:0:0:0:0:0:0:1 -  -  [01/Dec/2015:14:33:32 +0000] "GET /googleMaps.html HTTP/1.1" 200 20368 
0:0:0:0:0:0:0:1 -  -  [01/Dec/2015:14:33:32 +0000] "GET /javascript/dis.js HTTP/1.1" 200 439889 
0:0:0:0:0:0:0:1 -  -  [01/Dec/2015:14:33:59 +0000] "GET / HTTP/1.1" 101 - 
0:0:0:0:0:0:0:1 -  -  [01/Dec/2015:14:44:17 +0000] "GET /googleMaps.html HTTP/1.1" 200 20368 
0:0:0:0:0:0:0:1 -  -  [01/Dec/2015:14:44:17 +0000] "GET /javascript/dis.js HTTP/1.1" 200 439889 
0:0:0:0:0:0:0:1 -  -  [01/Dec/2015:14:44:19 +0000] "GET / HTTP/1.1" 101 - 
0:0:0:0:0:0:0:1 -  -  [01/Dec/2015:14:46:51 +0000] "GET /googleMaps.html HTTP/1.1" 200 20368 
0:0:0:0:0:0:0:1 -  -  [01/Dec/2015:14:46:51 +0000] "GET /javascript/dis.js HTTP/1.1" 200 439889 
0:0:0:0:0:0:0:1 -  -  [01/Dec/2015:14:46:53 +0000] "GET / HTTP/1.1" 101 - 
0:0:0:0:0:0:0:1 -  -  [01/Dec/2015:14:48:51 +0000] "GET /googleMaps.html HTTP/1.1" 200 20368 
0:0:0:0:0:0:0:1 -  -  [01/Dec/2015:14:48:51 +0000] "GET /javascript/dis.js HTTP/1.1" 200 439889 
0:0:0:0:0:0:0:1 -  -  [01/Dec/2015:14:48:53 +0000] "GET / HTTP/1.1" 101 - 
0:0:0:0:0:0:0:1 -  -  [01/Dec/2015:14:51:18 +0000] "GET /googleMaps.html HTTP/1.1" 200 20368 
0:0:0:0:0:0:0:1 -  -  [01/Dec/2015:14:51:18 +0000] "GET /javascript/dis.js HTTP/1.1" 200 439889 
0:0:0:0:0:0:0:1 -  -  [01/Dec/2015:14:51:21 +0000] "GET / HTTP/1.1" 101 - 
0:0:0:0:0:0:0:1 -  -  [01/Dec/2015:16:36:23 +0000] "GET / HTTP/1.1" 200 2708 
0:0:0:0:0:0:0:1 -  -  [01/Dec/2015:16:36:25 +0000] "GET /googleMaps.html HTTP/1.1" 200 20368 
0:0:0:0:0:0:0:1 -  -  [01/Dec/2015:16:36:25 +0000] "GET /javascript/dis.js HTTP/1.1" 200 439889 
0:0:0:0:0:0:0:1 -  -  [01/Dec/2015:16:36:26 +0000] "GET / HTTP/1.1" 101 - 
0:0:0:0:0:0:0:1 -  -  [01/Dec/2015:16:39:02 +0000] "GET /googleMaps.html HTTP/1.1" 200 20368 
0:0:0:0:0:0:0:1 -  -  [01/Dec/2015:16:39:02 +0000] "GET /javascript/dis.js HTTP/1.1" 200 439889 
0:0:0:0:0:0:0:1 -  -  [01/Dec/2015:16:39:03 +0000] "GET / HTTP/1.1" 101 - 
0:0:0:0:0:0:0:1 -  -  [01/Dec/2015:16:44:30 +0000] "GET / HTTP/1.1" 200 2708 
0:0:0:0:0:0:0:1 -  -  [01/Dec/2015:16:44:32 +0000] "GET /googleMaps.html HTTP/1.1" 200 20368 
0:0:0:0:0:0:0:1 -  -  [01/Dec/2015:16:44:32 +0000] "GET /javascript/dis.js HTTP/1.1" 200 439889 
0:0:0:0:0:0:0:1 -  -  [01/Dec/2015:16:44:32 +0000] "GET / HTTP/1.1" 101 - 
0:0:0:0:0:0:0:1 -  -  [01/Dec/2015:16:48:18 +0000] "GET /googleMaps.html HTTP/1.1" 200 20368 
0:0:0:0:0:0:0:1 -  -  [01/Dec/2015:16:48:18 +0000] "GET /javascript/dis.js HTTP/1.1" 200 439889 
0:0:0:0:0:0:0:1 -  -  [01/Dec/2015:16:48:18 +0000] "GET / HTTP/1.1" 101 - 
0:0:0:0:0:0:0:1 -  -  [01/Dec/2015:16:49:45 +0000] "GET /googleMaps.html HTTP/1.1" 200 20368 
0:0:0:0:0:0:0:1 -  -  [01/Dec/2015:16:49:45 +0000] "GET /javascript/dis.js HTTP/1.1" 200 439889 
0:0:0:0:0:0:0:1 -  -  [01/Dec/2015:16:49:45 +0000] "GET / HTTP/1.1" 101 - 
0:0:0:0:0:0:0:1 -  -  [01/Dec/2015:16:51:15 +0000] "GET /googleMaps.html HTTP/1.1" 200 20368 
0:0:0:0:0:0:0:1 -  -  [01/Dec/2015:16:51:15 +0000] "GET /javascript/dis.js HTTP/1.1" 200 439889 
0:0:0:0:0:0:0:1 -  -  [01/Dec/2015:16:51:15 +0000] "GET / HTTP/1.1" 101 - 
0:0:0:0:0:0:0:1 -  -  [01/Dec/2015:16:52:28 +0000] "GET /googleMaps.html HTTP/1.1" 200 20368 
0:0:0:0:0:0:0:1 -  -  [01/Dec/2015:16:52:28 +0000] "GET /javascript/dis.js HTTP/1.1" 200 439889 
0:0:0:0:0:0:0:1 -  -  [01/Dec/2015:16:52:28 +0000] "GET / HTTP/1.1" 101 - 
0:0:0:0:0:0:0:1 -  -  [01/Dec/2015:16:54:08 +0000] "GET /googleMaps.html HTTP/1.1" 200 20368 
0:0:0:0:0:0:0:1 -  -  [01/Dec/2015:16:54:08 +0000] "GET /javascript/dis.js HTTP/1.1" 200 439889 
0:0:0:0:0:0:0:1 -  -  [01/Dec/2015:16:54:08 +0000] "GET / HTTP/1.1" 101 - 
0:0:0:0:0:0:0:1 -  -  [01/Dec/2015:16:56:11 +0000] "GET /googleMaps.html HTTP/1.1" 200 20368 
0:0:0:0:0:0:0:1 -  -  [01/Dec/2015:16:56:11 +0000] "GET /javascript/dis.js HTTP/1.1" 200 439889 
0:0:0:0:0:0:0:1 -  -  [01/Dec/2015:16:56:11 +0000] "GET / HTTP/1.1" 101 - 
0:0:0:0:0:0:0:1 -  -  [01/Dec/2015:16:57:03 +0000] "GET /googleMaps.html HTTP/1.1" 200 20368 
0:0:0:0:0:0:0:1 -  -  [01/Dec/2015:16:57:03 +0000] "GET /javascript/dis.js HTTP/1.1" 200 439889 
0:0:0:0:0:0:0:1 -  -  [01/Dec/2015:16:57:03 +0000] "GET / HTTP/1.1" 101 - 
0:0:0:0:0:0:0:1 -  -  [01/Dec/2015:17:59:20 +0000] "GET / HTTP/1.1" 200 2708 
0:0:0:0:0:0:0:1 -  -  [01/Dec/2015:17:59:55 +0000] "GET /googleMaps.html HTTP/1.1" 200 20368 
0:0:0:0:0:0:0:1 -  -  [01/Dec/2015:17:59:55 +0000] "GET /javascript/dis.js HTTP/1.1" 200 439889 
0:0:0:0:0:0:0:1 -  -  [01/Dec/2015:17:59:55 +0000] "GET / HTTP/1.1" 101 - 
0:0:0:0:0:0:0:1 -  -  [01/Dec/2015:18:01:22 +0000] "GET /googleMaps.html HTTP/1.1" 200 20368 
0:0:0:0:0:0:0:1 -  -  [01/Dec/2015:18:01:22 +0000] "GET /javascript/dis.js HTTP/1.1" 200 439889 
0:0:0:0:0:0:0:1 -  -  [01/Dec/2015:18:01:22 +0000] "GET / HTTP/1.1" 101 - 
0:0:0:0:0:0:0:1 -  -  [01/Dec/2015:18:13:58 +0000] "GET /googleMaps.html HTTP/1.1" 200 20368 
0:0:0:0:0:0:0:1 -  -  [01/Dec/2015:18:13:59 +0000] "GET /javascript/dis.js HTTP/1.1" 200 439889 
0:0:0:0:0:0:0:1 -  -  [01/Dec/2015:18:13:59 +0000] "GET / HTTP/1.1" 101 - 
0:0:0:0:0:0:0:1 -  -  [01/Dec/2015:21:06:44 +0000] "GET / HTTP/1.1" 200 2708 
0:0:0:0:0:0:0:1 -  -  [01/Dec/2015:21:06:48 +0000] "GET /googleMaps.html HTTP/1.1" 200 20368 
0:0:0:0:0:0:0:1 -  -  [01/Dec/2015:21:06:48 +0000] "GET /javascript/dis.js HTTP/1.1" 200 439889 
