0:0:0:0:0:0:0:1 -  -  [26/Jan/2016:18:22:57 +0000] "GET / HTTP/1.1" 200 2708 
0:0:0:0:0:0:0:1 -  -  [26/Jan/2016:18:22:57 +0000] "GET /favicon.ico HTTP/1.1" 404 295 
0:0:0:0:0:0:0:1 -  -  [26/Jan/2016:18:23:02 +0000] "GET /shooting HTTP/1.1" 404 292 
0:0:0:0:0:0:0:1 -  -  [26/Jan/2016:18:23:06 +0000] "GET /shooting.html HTTP/1.1" 200 246 
0:0:0:0:0:0:0:1 -  -  [26/Jan/2016:18:35:06 +0000] "GET /shooting.html HTTP/1.1" 200 1110 
0:0:0:0:0:0:0:1 -  -  [26/Jan/2016:18:35:06 +0000] "GET /javascript/dis.js HTTP/1.1" 200 439889 
0:0:0:0:0:0:0:1 -  -  [26/Jan/2016:18:36:44 +0000] "GET /shooting.html HTTP/1.1" 200 1111 
0:0:0:0:0:0:0:1 -  -  [26/Jan/2016:18:36:44 +0000] "GET /javascript/dis.js HTTP/1.1" 200 439889 
0:0:0:0:0:0:0:1 -  -  [26/Jan/2016:18:42:10 +0000] "GET /shooting.html HTTP/1.1" 200 2284 
0:0:0:0:0:0:0:1 -  -  [26/Jan/2016:18:42:10 +0000] "GET /javascript/dis.js HTTP/1.1" 200 439889 
0:0:0:0:0:0:0:1 -  -  [26/Jan/2016:18:42:45 +0000] "GET /shooting.html HTTP/1.1" 200 2303 
0:0:0:0:0:0:0:1 -  -  [26/Jan/2016:18:42:46 +0000] "GET /javascript/dis.js HTTP/1.1" 200 439889 
0:0:0:0:0:0:0:1 -  -  [26/Jan/2016:18:42:55 +0000] "GET /shooting.html HTTP/1.1" 200 2303 
0:0:0:0:0:0:0:1 -  -  [26/Jan/2016:18:42:55 +0000] "GET /javascript/dis.js HTTP/1.1" 200 439889 
0:0:0:0:0:0:0:1 -  -  [26/Jan/2016:18:43:04 +0000] "GET / HTTP/1.1" 200 2708 
0:0:0:0:0:0:0:1 -  -  [26/Jan/2016:18:43:07 +0000] "GET /googleMaps.html HTTP/1.1" 200 20368 
0:0:0:0:0:0:0:1 -  -  [26/Jan/2016:18:43:07 +0000] "GET /javascript/dis.js HTTP/1.1" 200 439889 
0:0:0:0:0:0:0:1 -  -  [26/Jan/2016:18:43:07 +0000] "GET / HTTP/1.1" 101 - 
0:0:0:0:0:0:0:1 -  -  [26/Jan/2016:18:44:01 +0000] "GET /shooting.html HTTP/1.1" 200 2357 
0:0:0:0:0:0:0:1 -  -  [26/Jan/2016:18:44:01 +0000] "GET /javascript/dis.js HTTP/1.1" 200 439889 
0:0:0:0:0:0:0:1 -  -  [26/Jan/2016:18:45:42 +0000] "GET /shooting.html HTTP/1.1" 200 2388 
0:0:0:0:0:0:0:1 -  -  [26/Jan/2016:18:45:42 +0000] "GET /javascript/dis.js HTTP/1.1" 200 439889 
0:0:0:0:0:0:0:1 -  -  [26/Jan/2016:18:45:42 +0000] "GET / HTTP/1.1" 101 - 
0:0:0:0:0:0:0:1 -  -  [26/Jan/2016:18:45:55 +0000] "GET /googleMaps.html HTTP/1.1" 200 20368 
0:0:0:0:0:0:0:1 -  -  [26/Jan/2016:18:45:55 +0000] "GET /javascript/dis.js HTTP/1.1" 200 439889 
0:0:0:0:0:0:0:1 -  -  [26/Jan/2016:18:45:55 +0000] "GET / HTTP/1.1" 101 - 
0:0:0:0:0:0:0:1 -  -  [26/Jan/2016:18:49:11 +0000] "GET /shooting.html HTTP/1.1" 200 2388 
0:0:0:0:0:0:0:1 -  -  [26/Jan/2016:18:49:12 +0000] "GET /javascript/dis.js HTTP/1.1" 200 439889 
0:0:0:0:0:0:0:1 -  -  [26/Jan/2016:18:49:12 +0000] "GET / HTTP/1.1" 101 - 
0:0:0:0:0:0:0:1 -  -  [26/Jan/2016:18:49:16 +0000] "GET /shooting.html HTTP/1.1" 200 2388 
0:0:0:0:0:0:0:1 -  -  [26/Jan/2016:18:49:16 +0000] "GET /javascript/dis.js HTTP/1.1" 200 439889 
0:0:0:0:0:0:0:1 -  -  [26/Jan/2016:18:49:16 +0000] "GET / HTTP/1.1" 101 - 
0:0:0:0:0:0:0:1 -  -  [26/Jan/2016:18:53:33 +0000] "GET / HTTP/1.1" 200 2708 
0:0:0:0:0:0:0:1 -  -  [26/Jan/2016:18:53:48 +0000] "GET /googleMaps.html HTTP/1.1" 200 20368 
0:0:0:0:0:0:0:1 -  -  [26/Jan/2016:18:53:48 +0000] "GET /javascript/dis.js HTTP/1.1" 200 439889 
0:0:0:0:0:0:0:1 -  -  [26/Jan/2016:18:53:48 +0000] "GET / HTTP/1.1" 101 - 
0:0:0:0:0:0:0:1 -  -  [26/Jan/2016:18:54:02 +0000] "GET /shooting.html HTTP/1.1" 200 2388 
0:0:0:0:0:0:0:1 -  -  [26/Jan/2016:18:54:02 +0000] "GET /javascript/dis.js HTTP/1.1" 200 439889 
0:0:0:0:0:0:0:1 -  -  [26/Jan/2016:18:54:03 +0000] "GET / HTTP/1.1" 101 - 
0:0:0:0:0:0:0:1 -  -  [26/Jan/2016:18:58:59 +0000] "GET /shooting.html HTTP/1.1" 200 2388 
0:0:0:0:0:0:0:1 -  -  [26/Jan/2016:18:58:59 +0000] "GET /javascript/dis.js HTTP/1.1" 200 439889 
0:0:0:0:0:0:0:1 -  -  [26/Jan/2016:18:58:59 +0000] "GET / HTTP/1.1" 101 - 
0:0:0:0:0:0:0:1 -  -  [26/Jan/2016:18:59:18 +0000] "GET /googleMaps.html HTTP/1.1" 200 20368 
0:0:0:0:0:0:0:1 -  -  [26/Jan/2016:18:59:18 +0000] "GET /javascript/dis.js HTTP/1.1" 200 439889 
0:0:0:0:0:0:0:1 -  -  [26/Jan/2016:18:59:19 +0000] "GET / HTTP/1.1" 101 - 
0:0:0:0:0:0:0:1 -  -  [26/Jan/2016:19:06:29 +0000] "GET /shooting.html HTTP/1.1" 200 2388 
0:0:0:0:0:0:0:1 -  -  [26/Jan/2016:19:06:29 +0000] "GET /javascript/dis.js HTTP/1.1" 200 439889 
0:0:0:0:0:0:0:1 -  -  [26/Jan/2016:19:06:29 +0000] "GET / HTTP/1.1" 101 - 
0:0:0:0:0:0:0:1 -  -  [26/Jan/2016:19:10:16 +0000] "GET /googleMaps.html HTTP/1.1" 200 20370 
0:0:0:0:0:0:0:1 -  -  [26/Jan/2016:19:10:16 +0000] "GET /javascript/dis.js HTTP/1.1" 200 439889 
0:0:0:0:0:0:0:1 -  -  [26/Jan/2016:19:10:16 +0000] "GET / HTTP/1.1" 101 - 
0:0:0:0:0:0:0:1 -  -  [26/Jan/2016:19:10:18 +0000] "GET /shooting.html HTTP/1.1" 200 2388 
0:0:0:0:0:0:0:1 -  -  [26/Jan/2016:19:10:18 +0000] "GET /javascript/dis.js HTTP/1.1" 200 439889 
0:0:0:0:0:0:0:1 -  -  [26/Jan/2016:19:10:18 +0000] "GET / HTTP/1.1" 101 - 
0:0:0:0:0:0:0:1 -  -  [26/Jan/2016:19:12:33 +0000] "GET /googleMaps.html HTTP/1.1" 200 20369 
0:0:0:0:0:0:0:1 -  -  [26/Jan/2016:19:12:33 +0000] "GET /javascript/dis.js HTTP/1.1" 200 439889 
0:0:0:0:0:0:0:1 -  -  [26/Jan/2016:19:12:33 +0000] "GET / HTTP/1.1" 101 - 
0:0:0:0:0:0:0:1 -  -  [26/Jan/2016:19:14:33 +0000] "GET /googleMaps.html HTTP/1.1" 200 20365 
0:0:0:0:0:0:0:1 -  -  [26/Jan/2016:19:14:33 +0000] "GET /javascript/dis.js HTTP/1.1" 200 439889 
0:0:0:0:0:0:0:1 -  -  [26/Jan/2016:19:14:34 +0000] "GET / HTTP/1.1" 101 - 
0:0:0:0:0:0:0:1 -  -  [26/Jan/2016:19:17:03 +0000] "GET / HTTP/1.1" 200 2708 
0:0:0:0:0:0:0:1 -  -  [26/Jan/2016:19:17:05 +0000] "GET /googleMaps.html HTTP/1.1" 200 20365 
0:0:0:0:0:0:0:1 -  -  [26/Jan/2016:19:17:05 +0000] "GET /javascript/dis.js HTTP/1.1" 200 439889 
0:0:0:0:0:0:0:1 -  -  [26/Jan/2016:19:17:05 +0000] "GET / HTTP/1.1" 101 - 
0:0:0:0:0:0:0:1 -  -  [26/Jan/2016:19:18:29 +0000] "GET /googleMaps.html HTTP/1.1" 200 20370 
0:0:0:0:0:0:0:1 -  -  [26/Jan/2016:19:18:29 +0000] "GET /javascript/dis.js HTTP/1.1" 200 439889 
0:0:0:0:0:0:0:1 -  -  [26/Jan/2016:19:18:30 +0000] "GET / HTTP/1.1" 101 - 
0:0:0:0:0:0:0:1 -  -  [26/Jan/2016:19:20:16 +0000] "GET /googleMaps.html HTTP/1.1" 200 20367 
0:0:0:0:0:0:0:1 -  -  [26/Jan/2016:19:20:16 +0000] "GET /javascript/dis.js HTTP/1.1" 200 439889 
0:0:0:0:0:0:0:1 -  -  [26/Jan/2016:19:20:16 +0000] "GET / HTTP/1.1" 101 - 
0:0:0:0:0:0:0:1 -  -  [26/Jan/2016:19:28:02 +0000] "GET /shooting.html HTTP/1.1" 200 2635 
0:0:0:0:0:0:0:1 -  -  [26/Jan/2016:19:28:02 +0000] "GET /javascript/dis.js HTTP/1.1" 200 439889 
0:0:0:0:0:0:0:1 -  -  [26/Jan/2016:19:28:03 +0000] "GET / HTTP/1.1" 101 - 
0:0:0:0:0:0:0:1 -  -  [26/Jan/2016:19:28:28 +0000] "GET /shooting.html HTTP/1.1" 200 2597 
0:0:0:0:0:0:0:1 -  -  [26/Jan/2016:19:28:28 +0000] "GET /javascript/dis.js HTTP/1.1" 200 439889 
0:0:0:0:0:0:0:1 -  -  [26/Jan/2016:19:28:28 +0000] "GET / HTTP/1.1" 101 - 
0:0:0:0:0:0:0:1 -  -  [26/Jan/2016:19:28:54 +0000] "GET /shooting.html HTTP/1.1" 200 2645 
0:0:0:0:0:0:0:1 -  -  [26/Jan/2016:19:28:54 +0000] "GET /javascript/dis.js HTTP/1.1" 200 439889 
0:0:0:0:0:0:0:1 -  -  [26/Jan/2016:19:28:54 +0000] "GET / HTTP/1.1" 101 - 
0:0:0:0:0:0:0:1 -  -  [26/Jan/2016:19:31:08 +0000] "GET /shooting.html HTTP/1.1" 200 2737 
0:0:0:0:0:0:0:1 -  -  [26/Jan/2016:19:31:08 +0000] "GET /javascript/dis.js HTTP/1.1" 200 439889 
0:0:0:0:0:0:0:1 -  -  [26/Jan/2016:19:31:08 +0000] "GET / HTTP/1.1" 101 - 
0:0:0:0:0:0:0:1 -  -  [26/Jan/2016:19:31:31 +0000] "GET /shooting.html HTTP/1.1" 200 2784 
0:0:0:0:0:0:0:1 -  -  [26/Jan/2016:19:31:31 +0000] "GET /javascript/dis.js HTTP/1.1" 200 439889 
0:0:0:0:0:0:0:1 -  -  [26/Jan/2016:19:31:31 +0000] "GET / HTTP/1.1" 101 - 
0:0:0:0:0:0:0:1 -  -  [26/Jan/2016:19:33:13 +0000] "GET /shooting.html HTTP/1.1" 200 2892 
0:0:0:0:0:0:0:1 -  -  [26/Jan/2016:19:33:13 +0000] "GET /javascript/dis.js HTTP/1.1" 200 439889 
0:0:0:0:0:0:0:1 -  -  [26/Jan/2016:19:33:13 +0000] "GET / HTTP/1.1" 101 - 
0:0:0:0:0:0:0:1 -  -  [26/Jan/2016:19:34:12 +0000] "GET /shooting.html HTTP/1.1" 200 2957 
0:0:0:0:0:0:0:1 -  -  [26/Jan/2016:19:34:12 +0000] "GET /javascript/dis.js HTTP/1.1" 200 439889 
0:0:0:0:0:0:0:1 -  -  [26/Jan/2016:19:34:12 +0000] "GET / HTTP/1.1" 101 - 
0:0:0:0:0:0:0:1 -  -  [26/Jan/2016:20:50:03 +0000] "GET /constructive.html HTTP/1.1" 200 3042 
0:0:0:0:0:0:0:1 -  -  [26/Jan/2016:20:50:03 +0000] "GET /javascript/dis.js HTTP/1.1" 200 439889 
0:0:0:0:0:0:0:1 -  -  [26/Jan/2016:20:50:03 +0000] "GET / HTTP/1.1" 101 - 
0:0:0:0:0:0:0:1 -  -  [26/Jan/2016:20:51:33 +0000] "GET /constructive.html HTTP/1.1" 200 3018 
0:0:0:0:0:0:0:1 -  -  [26/Jan/2016:20:51:33 +0000] "GET /javascript/dis.js HTTP/1.1" 200 439889 
0:0:0:0:0:0:0:1 -  -  [26/Jan/2016:20:51:33 +0000] "GET / HTTP/1.1" 101 - 
0:0:0:0:0:0:0:1 -  -  [26/Jan/2016:22:39:27 +0000] "GET / HTTP/1.1" 200 2708 
0:0:0:0:0:0:0:1 -  -  [26/Jan/2016:22:39:29 +0000] "GET /googleMaps.html HTTP/1.1" 200 20367 
0:0:0:0:0:0:0:1 -  -  [26/Jan/2016:22:39:29 +0000] "GET /javascript/dis.js HTTP/1.1" 200 439889 
0:0:0:0:0:0:0:1 -  -  [26/Jan/2016:22:39:29 +0000] "GET / HTTP/1.1" 101 - 
0:0:0:0:0:0:0:1 -  -  [26/Jan/2016:22:55:04 +0000] "GET /googleMaps.html HTTP/1.1" 200 20367 
0:0:0:0:0:0:0:1 -  -  [26/Jan/2016:22:55:05 +0000] "GET /javascript/dis.js HTTP/1.1" 200 439889 
0:0:0:0:0:0:0:1 -  -  [26/Jan/2016:22:55:05 +0000] "GET / HTTP/1.1" 101 - 
0:0:0:0:0:0:0:1 -  -  [26/Jan/2016:22:58:21 +0000] "GET /googleMaps.html HTTP/1.1" 200 20367 
0:0:0:0:0:0:0:1 -  -  [26/Jan/2016:22:58:21 +0000] "GET /javascript/dis.js HTTP/1.1" 200 439889 
0:0:0:0:0:0:0:1 -  -  [26/Jan/2016:22:58:22 +0000] "GET / HTTP/1.1" 101 - 
