0:0:0:0:0:0:0:1 -  -  [27/Feb/2016:00:22:53 +0000] "GET / HTTP/1.1" 200 2973 
0:0:0:0:0:0:0:1 -  -  [27/Feb/2016:00:22:53 +0000] "GET /favicon.ico HTTP/1.1" 404 295 
0:0:0:0:0:0:0:1 -  -  [27/Feb/2016:00:22:55 +0000] "GET /googleMaps.html HTTP/1.1" 200 20939 
0:0:0:0:0:0:0:1 -  -  [27/Feb/2016:00:22:55 +0000] "GET /javascript/dis.js HTTP/1.1" 200 439889 
0:0:0:0:0:0:0:1 -  -  [27/Feb/2016:00:22:55 +0000] "GET / HTTP/1.1" 101 - 
0:0:0:0:0:0:0:1 -  -  [27/Feb/2016:00:23:02 +0000] "GET / HTTP/1.1" 200 2973 
0:0:0:0:0:0:0:1 -  -  [27/Feb/2016:00:23:05 +0000] "GET /googleMaps.html HTTP/1.1" 200 20939 
0:0:0:0:0:0:0:1 -  -  [27/Feb/2016:00:23:05 +0000] "GET /javascript/dis.js HTTP/1.1" 200 439889 
0:0:0:0:0:0:0:1 -  -  [27/Feb/2016:00:23:05 +0000] "GET / HTTP/1.1" 101 - 
0:0:0:0:0:0:0:1 -  -  [27/Feb/2016:00:26:45 +0000] "GET /googleMaps.html HTTP/1.1" 200 20939 
0:0:0:0:0:0:0:1 -  -  [27/Feb/2016:00:26:45 +0000] "GET /javascript/dis.js HTTP/1.1" 200 439889 
0:0:0:0:0:0:0:1 -  -  [27/Feb/2016:00:26:45 +0000] "GET / HTTP/1.1" 101 - 
0:0:0:0:0:0:0:1 -  -  [27/Feb/2016:00:43:49 +0000] "GET /googleMaps.html HTTP/1.1" 200 20939 
0:0:0:0:0:0:0:1 -  -  [27/Feb/2016:00:43:49 +0000] "GET /javascript/dis.js HTTP/1.1" 200 439889 
0:0:0:0:0:0:0:1 -  -  [27/Feb/2016:00:43:49 +0000] "GET / HTTP/1.1" 101 - 
0:0:0:0:0:0:0:1 -  -  [27/Feb/2016:00:47:45 +0000] "GET /googleMaps.html HTTP/1.1" 200 20939 
0:0:0:0:0:0:0:1 -  -  [27/Feb/2016:00:47:45 +0000] "GET /javascript/dis.js HTTP/1.1" 200 439889 
0:0:0:0:0:0:0:1 -  -  [27/Feb/2016:00:48:05 +0000] "GET / HTTP/1.1" 101 - 
0:0:0:0:0:0:0:1 -  -  [27/Feb/2016:00:50:42 +0000] "GET /googleMaps.html HTTP/1.1" 200 20939 
0:0:0:0:0:0:0:1 -  -  [27/Feb/2016:00:50:42 +0000] "GET /javascript/dis.js HTTP/1.1" 200 439889 
0:0:0:0:0:0:0:1 -  -  [27/Feb/2016:00:51:38 +0000] "GET /googleMaps.html HTTP/1.1" 200 20939 
0:0:0:0:0:0:0:1 -  -  [27/Feb/2016:00:51:38 +0000] "GET /javascript/dis.js HTTP/1.1" 200 439889 
0:0:0:0:0:0:0:1 -  -  [27/Feb/2016:00:56:03 +0000] "GET /googleMaps.html HTTP/1.1" 200 20939 
0:0:0:0:0:0:0:1 -  -  [27/Feb/2016:00:56:03 +0000] "GET /javascript/dis.js HTTP/1.1" 200 439889 
0:0:0:0:0:0:0:1 -  -  [27/Feb/2016:00:56:03 +0000] "GET / HTTP/1.1" 101 - 
0:0:0:0:0:0:0:1 -  -  [27/Feb/2016:00:58:22 +0000] "GET /googleMaps.html HTTP/1.1" 200 20939 
0:0:0:0:0:0:0:1 -  -  [27/Feb/2016:00:58:22 +0000] "GET /javascript/dis.js HTTP/1.1" 200 439889 
0:0:0:0:0:0:0:1 -  -  [27/Feb/2016:00:58:23 +0000] "GET / HTTP/1.1" 101 - 
0:0:0:0:0:0:0:1 -  -  [27/Feb/2016:01:02:30 +0000] "GET /googleMaps.html HTTP/1.1" 200 20979 
0:0:0:0:0:0:0:1 -  -  [27/Feb/2016:01:02:30 +0000] "GET /javascript/dis.js HTTP/1.1" 200 439889 
0:0:0:0:0:0:0:1 -  -  [27/Feb/2016:01:02:30 +0000] "GET / HTTP/1.1" 101 - 
0:0:0:0:0:0:0:1 -  -  [27/Feb/2016:01:05:35 +0000] "GET /googleMaps.html HTTP/1.1" 200 20962 
0:0:0:0:0:0:0:1 -  -  [27/Feb/2016:01:05:35 +0000] "GET /javascript/dis.js HTTP/1.1" 200 439889 
0:0:0:0:0:0:0:1 -  -  [27/Feb/2016:01:05:36 +0000] "GET / HTTP/1.1" 101 - 
0:0:0:0:0:0:0:1 -  -  [27/Feb/2016:01:16:28 +0000] "GET /googleMaps.html HTTP/1.1" 200 20962 
0:0:0:0:0:0:0:1 -  -  [27/Feb/2016:01:16:28 +0000] "GET /javascript/dis.js HTTP/1.1" 200 439889 
0:0:0:0:0:0:0:1 -  -  [27/Feb/2016:01:16:29 +0000] "GET / HTTP/1.1" 101 - 
0:0:0:0:0:0:0:1 -  -  [27/Feb/2016:01:19:38 +0000] "GET /googleMaps.html HTTP/1.1" 200 20962 
0:0:0:0:0:0:0:1 -  -  [27/Feb/2016:01:19:38 +0000] "GET /javascript/dis.js HTTP/1.1" 200 439889 
0:0:0:0:0:0:0:1 -  -  [27/Feb/2016:01:19:39 +0000] "GET / HTTP/1.1" 101 - 
0:0:0:0:0:0:0:1 -  -  [27/Feb/2016:01:20:45 +0000] "GET /googleMaps.html HTTP/1.1" 200 20966 
0:0:0:0:0:0:0:1 -  -  [27/Feb/2016:01:20:45 +0000] "GET /javascript/dis.js HTTP/1.1" 200 439889 
0:0:0:0:0:0:0:1 -  -  [27/Feb/2016:01:20:46 +0000] "GET / HTTP/1.1" 101 - 
0:0:0:0:0:0:0:1 -  -  [27/Feb/2016:01:22:20 +0000] "GET /googleMaps.html HTTP/1.1" 200 20966 
0:0:0:0:0:0:0:1 -  -  [27/Feb/2016:01:22:20 +0000] "GET /javascript/dis.js HTTP/1.1" 200 439889 
0:0:0:0:0:0:0:1 -  -  [27/Feb/2016:01:22:21 +0000] "GET / HTTP/1.1" 101 - 
0:0:0:0:0:0:0:1 -  -  [27/Feb/2016:01:25:15 +0000] "GET /googleMaps.html HTTP/1.1" 200 20966 
0:0:0:0:0:0:0:1 -  -  [27/Feb/2016:01:25:15 +0000] "GET /javascript/dis.js HTTP/1.1" 200 439889 
0:0:0:0:0:0:0:1 -  -  [27/Feb/2016:01:25:16 +0000] "GET / HTTP/1.1" 101 - 
0:0:0:0:0:0:0:1 -  -  [27/Feb/2016:01:27:09 +0000] "GET /googleMaps.html HTTP/1.1" 200 20966 
0:0:0:0:0:0:0:1 -  -  [27/Feb/2016:01:27:09 +0000] "GET /javascript/dis.js HTTP/1.1" 200 439889 
0:0:0:0:0:0:0:1 -  -  [27/Feb/2016:01:27:10 +0000] "GET / HTTP/1.1" 101 - 
0:0:0:0:0:0:0:1 -  -  [27/Feb/2016:01:28:06 +0000] "GET /googleMaps.html HTTP/1.1" 200 20966 
0:0:0:0:0:0:0:1 -  -  [27/Feb/2016:01:28:06 +0000] "GET /javascript/dis.js HTTP/1.1" 200 439889 
0:0:0:0:0:0:0:1 -  -  [27/Feb/2016:01:28:06 +0000] "GET / HTTP/1.1" 101 - 
0:0:0:0:0:0:0:1 -  -  [27/Feb/2016:01:32:03 +0000] "GET /googleMaps.html HTTP/1.1" 200 20964 
0:0:0:0:0:0:0:1 -  -  [27/Feb/2016:01:32:03 +0000] "GET /javascript/dis.js HTTP/1.1" 200 439889 
0:0:0:0:0:0:0:1 -  -  [27/Feb/2016:01:32:03 +0000] "GET / HTTP/1.1" 101 - 
0:0:0:0:0:0:0:1 -  -  [27/Feb/2016:01:36:50 +0000] "GET /googleMaps.html HTTP/1.1" 200 20964 
0:0:0:0:0:0:0:1 -  -  [27/Feb/2016:01:36:50 +0000] "GET /javascript/dis.js HTTP/1.1" 200 439889 
0:0:0:0:0:0:0:1 -  -  [27/Feb/2016:01:36:50 +0000] "GET / HTTP/1.1" 101 - 
