0:0:0:0:0:0:0:1 -  -  [18/Mar/2015:04:49:51 +0000] "GET / HTTP/1.1" 304 - 
0:0:0:0:0:0:0:1 -  -  [18/Mar/2015:04:50:03 +0000] "GET / HTTP/1.1" 304 - 
0:0:0:0:0:0:0:1 -  -  [18/Mar/2015:04:51:00 +0000] "GET / HTTP/1.1" 304 - 
0:0:0:0:0:0:0:1 -  -  [18/Mar/2015:05:01:29 +0000] "GET /models HTTP/1.1" 302 - 
0:0:0:0:0:0:0:1 -  -  [18/Mar/2015:05:01:29 +0000] "GET /models/ HTTP/1.1" 200 - 
0:0:0:0:0:0:0:1 -  -  [18/Mar/2015:05:01:30 +0000] "GET /models/jetty-dir.css HTTP/1.1" 200 319 
0:0:0:0:0:0:0:1 -  -  [18/Mar/2015:05:01:32 +0000] "GET /models/BoatJetSki.x3d HTTP/1.1" 200 22832 
0:0:0:0:0:0:0:1 -  -  [18/Mar/2015:18:17:08 +0000] "GET /x3d1.html HTTP/1.1" 200 4211 
0:0:0:0:0:0:0:1 -  -  [18/Mar/2015:18:17:08 +0000] "GET /x3dom.css HTTP/1.1" 200 6419 
0:0:0:0:0:0:0:1 -  -  [18/Mar/2015:18:17:08 +0000] "GET /javascript/dis.js HTTP/1.1" 200 439889 
0:0:0:0:0:0:0:1 -  -  [18/Mar/2015:18:17:08 +0000] "GET /x3dom-full.debug.js HTTP/1.1" 200 3144665 
0:0:0:0:0:0:0:1 -  -  [18/Mar/2015:18:17:08 +0000] "GET /ammo.js HTTP/1.1" 200 3703336 
0:0:0:0:0:0:0:1 -  -  [18/Mar/2015:18:17:09 +0000] "GET / HTTP/1.1" 101 - 
0:0:0:0:0:0:0:1 -  -  [18/Mar/2015:18:17:16 +0000] "GET /x3dom.css HTTP/1.1" 200 6419 
0:0:0:0:0:0:0:1 -  -  [18/Mar/2015:18:40:25 +0000] "GET /x3d1.html HTTP/1.1" 200 4211 
0:0:0:0:0:0:0:1 -  -  [18/Mar/2015:18:40:25 +0000] "GET /x3dom.css HTTP/1.1" 200 6419 
0:0:0:0:0:0:0:1 -  -  [18/Mar/2015:18:40:25 +0000] "GET /javascript/dis.js HTTP/1.1" 200 439889 
0:0:0:0:0:0:0:1 -  -  [18/Mar/2015:18:40:25 +0000] "GET /x3dom-full.debug.js HTTP/1.1" 200 3144665 
0:0:0:0:0:0:0:1 -  -  [18/Mar/2015:18:40:25 +0000] "GET /ammo.js HTTP/1.1" 200 3703336 
0:0:0:0:0:0:0:1 -  -  [18/Mar/2015:18:40:26 +0000] "GET / HTTP/1.1" 101 - 
0:0:0:0:0:0:0:1 -  -  [18/Mar/2015:18:40:44 +0000] "GET /models HTTP/1.1" 302 - 
0:0:0:0:0:0:0:1 -  -  [18/Mar/2015:18:40:44 +0000] "GET /models/ HTTP/1.1" 200 - 
0:0:0:0:0:0:0:1 -  -  [18/Mar/2015:18:40:44 +0000] "GET /models/jetty-dir.css HTTP/1.1" 200 319 
0:0:0:0:0:0:0:1 -  -  [18/Mar/2015:18:43:42 +0000] "GET /models/ HTTP/1.1" 200 - 
0:0:0:0:0:0:0:1 -  -  [18/Mar/2015:18:43:43 +0000] "GET /models/jetty-dir.css HTTP/1.1" 200 319 
0:0:0:0:0:0:0:1 -  -  [18/Mar/2015:18:43:47 +0000] "GET /models/ HTTP/1.1" 200 - 
0:0:0:0:0:0:0:1 -  -  [18/Mar/2015:18:43:47 +0000] "GET /models/jetty-dir.css HTTP/1.1" 200 - 
0:0:0:0:0:0:0:1 -  -  [18/Mar/2015:18:43:50 +0000] "GET /models/SeaFox.x3d HTTP/1.1" 200 235896 
0:0:0:0:0:0:0:1 -  -  [18/Mar/2015:18:43:55 +0000] "GET /models/ HTTP/1.1" 200 - 
0:0:0:0:0:0:0:1 -  -  [18/Mar/2015:18:43:55 +0000] "GET /models/jetty-dir.css HTTP/1.1" 200 - 
0:0:0:0:0:0:0:1 -  -  [18/Mar/2015:18:47:30 +0000] "GET /models/ HTTP/1.1" 200 - 
0:0:0:0:0:0:0:1 -  -  [18/Mar/2015:18:47:30 +0000] "GET /models/jetty-dir.css HTTP/1.1" 200 319 
0:0:0:0:0:0:0:1 -  -  [18/Mar/2015:18:47:47 +0000] "GET / HTTP/1.1" 304 - 
0:0:0:0:0:0:0:1 -  -  [18/Mar/2015:18:50:28 +0000] "GET / HTTP/1.1" 304 - 
0:0:0:0:0:0:0:1 -  -  [18/Mar/2015:19:08:28 +0000] "GET / HTTP/1.1" 304 - 
0:0:0:0:0:0:0:1 -  -  [18/Mar/2015:19:08:51 +0000] "GET /models HTTP/1.1" 302 - 
0:0:0:0:0:0:0:1 -  -  [18/Mar/2015:19:08:51 +0000] "GET /models/ HTTP/1.1" 200 - 
0:0:0:0:0:0:0:1 -  -  [18/Mar/2015:19:08:51 +0000] "GET /models/jetty-dir.css HTTP/1.1" 200 319 
0:0:0:0:0:0:0:1 -  -  [18/Mar/2015:19:08:55 +0000] "GET /models/BoatJetSki.x3d HTTP/1.1" 200 22832 
