0:0:0:0:0:0:0:1 -  -  [06/Nov/2016:02:34:14 +0000] "GET / HTTP/1.1" 200 3471 
0:0:0:0:0:0:0:1 -  -  [06/Nov/2016:02:34:16 +0000] "GET /googleMaps.html HTTP/1.1" 200 11828 
0:0:0:0:0:0:0:1 -  -  [06/Nov/2016:02:34:16 +0000] "GET /javascript/dis.js HTTP/1.1" 200 621694 
0:0:0:0:0:0:0:1 -  -  [06/Nov/2016:02:34:40 +0000] "GET /googleMaps.html HTTP/1.1" 200 11828 
0:0:0:0:0:0:0:1 -  -  [06/Nov/2016:02:34:40 +0000] "GET /javascript/dis.js HTTP/1.1" 200 458329 
0:0:0:0:0:0:0:1 -  -  [06/Nov/2016:02:34:40 +0000] "GET / HTTP/1.1" 101 - 
0:0:0:0:0:0:0:1 -  -  [06/Nov/2016:02:50:39 +0000] "GET /googleMaps.html HTTP/1.1" 200 11828 
0:0:0:0:0:0:0:1 -  -  [06/Nov/2016:02:50:39 +0000] "GET /javascript/dis.js HTTP/1.1" 200 585125 
0:0:0:0:0:0:0:1 -  -  [06/Nov/2016:02:53:37 +0000] "GET /googleMaps.html HTTP/1.1" 200 11828 
0:0:0:0:0:0:0:1 -  -  [06/Nov/2016:02:53:37 +0000] "GET /javascript/dis.js HTTP/1.1" 200 585288 
0:0:0:0:0:0:0:1 -  -  [06/Nov/2016:02:58:11 +0000] "GET /googleMaps.html HTTP/1.1" 200 11828 
0:0:0:0:0:0:0:1 -  -  [06/Nov/2016:02:58:11 +0000] "GET /javascript/dis.js HTTP/1.1" 200 585288 
0:0:0:0:0:0:0:1 -  -  [06/Nov/2016:03:00:17 +0000] "GET /googleMaps.html HTTP/1.1" 200 11828 
0:0:0:0:0:0:0:1 -  -  [06/Nov/2016:03:00:17 +0000] "GET /javascript/dis.js HTTP/1.1" 200 585285 
0:0:0:0:0:0:0:1 -  -  [06/Nov/2016:03:00:18 +0000] "GET / HTTP/1.1" 101 - 
0:0:0:0:0:0:0:1 -  -  [06/Nov/2016:03:47:03 +0000] "GET /googleMaps.html HTTP/1.1" 200 12308 
0:0:0:0:0:0:0:1 -  -  [06/Nov/2016:03:47:03 +0000] "GET /javascript/dis.js HTTP/1.1" 200 585285 
0:0:0:0:0:0:0:1 -  -  [06/Nov/2016:03:47:04 +0000] "GET / HTTP/1.1" 101 - 
0:0:0:0:0:0:0:1 -  -  [06/Nov/2016:03:48:03 +0000] "GET /googleMaps.html HTTP/1.1" 200 12402 
0:0:0:0:0:0:0:1 -  -  [06/Nov/2016:03:48:03 +0000] "GET /javascript/dis.js HTTP/1.1" 200 585285 
0:0:0:0:0:0:0:1 -  -  [06/Nov/2016:03:48:03 +0000] "GET / HTTP/1.1" 101 - 
0:0:0:0:0:0:0:1 -  -  [06/Nov/2016:03:51:03 +0000] "GET /googleMaps.html HTTP/1.1" 200 12402 
0:0:0:0:0:0:0:1 -  -  [06/Nov/2016:03:51:03 +0000] "GET /javascript/dis.js HTTP/1.1" 200 585278 
0:0:0:0:0:0:0:1 -  -  [06/Nov/2016:03:51:04 +0000] "GET / HTTP/1.1" 101 - 
0:0:0:0:0:0:0:1 -  -  [06/Nov/2016:03:53:28 +0000] "GET /googleMaps.html HTTP/1.1" 200 12402 
0:0:0:0:0:0:0:1 -  -  [06/Nov/2016:03:53:28 +0000] "GET /javascript/dis.js HTTP/1.1" 200 585347 
0:0:0:0:0:0:0:1 -  -  [06/Nov/2016:03:53:29 +0000] "GET / HTTP/1.1" 101 - 
0:0:0:0:0:0:0:1 -  -  [06/Nov/2016:03:57:28 +0000] "GET /googleMaps.html HTTP/1.1" 200 12690 
0:0:0:0:0:0:0:1 -  -  [06/Nov/2016:03:57:28 +0000] "GET /javascript/dis.js HTTP/1.1" 200 585347 
0:0:0:0:0:0:0:1 -  -  [06/Nov/2016:03:57:28 +0000] "GET / HTTP/1.1" 101 - 
0:0:0:0:0:0:0:1 -  -  [06/Nov/2016:04:02:28 +0000] "GET /googleMaps.html HTTP/1.1" 200 12612 
0:0:0:0:0:0:0:1 -  -  [06/Nov/2016:04:02:28 +0000] "GET /javascript/dis.js HTTP/1.1" 200 585180 
0:0:0:0:0:0:0:1 -  -  [06/Nov/2016:04:02:28 +0000] "GET / HTTP/1.1" 101 - 
0:0:0:0:0:0:0:1 -  -  [06/Nov/2016:04:09:08 +0000] "GET /googleMaps.html HTTP/1.1" 200 12612 
0:0:0:0:0:0:0:1 -  -  [06/Nov/2016:04:09:08 +0000] "GET /javascript/dis.js HTTP/1.1" 200 585180 
0:0:0:0:0:0:0:1 -  -  [06/Nov/2016:04:09:08 +0000] "GET / HTTP/1.1" 101 - 
0:0:0:0:0:0:0:1 -  -  [07/Nov/2016:17:27:37 +0000] "GET /shooting.html HTTP/1.1" 200 6931 
0:0:0:0:0:0:0:1 -  -  [07/Nov/2016:17:27:37 +0000] "GET /javascript/dis.js HTTP/1.1" 200 585180 
0:0:0:0:0:0:0:1 -  -  [07/Nov/2016:17:27:37 +0000] "GET / HTTP/1.1" 101 - 
