0:0:0:0:0:0:0:1 -  -  [19/Sep/2014:00:17:37 +0000] "GET / HTTP/1.1" 101 - 
0:0:0:0:0:0:0:1 -  -  [19/Sep/2014:00:20:25 +0000] "GET / HTTP/1.1" 200 17948 
0:0:0:0:0:0:0:1 -  -  [19/Sep/2014:00:20:25 +0000] "GET /javascript/DisAppearance.js HTTP/1.1" 200 4007 
0:0:0:0:0:0:0:1 -  -  [19/Sep/2014:00:20:25 +0000] "GET /javascript/dis.js HTTP/1.1" 200 390445 
0:0:0:0:0:0:0:1 -  -  [19/Sep/2014:00:22:14 +0000] "GET / HTTP/1.1" 304 - 
0:0:0:0:0:0:0:1 -  -  [19/Sep/2014:00:22:14 +0000] "GET /javascript/dis.js HTTP/1.1" 304 - 
0:0:0:0:0:0:0:1 -  -  [19/Sep/2014:00:22:14 +0000] "GET /javascript/DisAppearance.js HTTP/1.1" 304 - 
0:0:0:0:0:0:0:1 -  -  [19/Sep/2014:03:53:57 +0000] "GET / HTTP/1.1" 304 - 
0:0:0:0:0:0:0:1 -  -  [19/Sep/2014:03:53:57 +0000] "GET /javascript/dis.js HTTP/1.1" 304 - 
0:0:0:0:0:0:0:1 -  -  [19/Sep/2014:03:53:57 +0000] "GET /javascript/DisAppearance.js HTTP/1.1" 304 - 
0:0:0:0:0:0:0:1 -  -  [19/Sep/2014:03:57:24 +0000] "GET / HTTP/1.1" 304 - 
0:0:0:0:0:0:0:1 -  -  [19/Sep/2014:03:57:24 +0000] "GET /javascript/DisAppearance.js HTTP/1.1" 304 - 
0:0:0:0:0:0:0:1 -  -  [19/Sep/2014:03:57:24 +0000] "GET /javascript/dis.js HTTP/1.1" 304 - 
0:0:0:0:0:0:0:1 -  -  [19/Sep/2014:03:59:29 +0000] "GET / HTTP/1.1" 200 17955 
0:0:0:0:0:0:0:1 -  -  [19/Sep/2014:03:59:29 +0000] "GET /javascript/dis.js HTTP/1.1" 304 - 
0:0:0:0:0:0:0:1 -  -  [19/Sep/2014:03:59:29 +0000] "GET /javascript/DisAppearance.js HTTP/1.1" 304 - 
0:0:0:0:0:0:0:1 -  -  [19/Sep/2014:03:59:29 +0000] "GET / HTTP/1.1" 101 - 
0:0:0:0:0:0:0:1 -  -  [19/Sep/2014:03:59:33 +0000] "GET / HTTP/1.1" 101 - 
0:0:0:0:0:0:0:1 -  -  [19/Sep/2014:04:02:13 +0000] "GET / HTTP/1.1" 304 - 
0:0:0:0:0:0:0:1 -  -  [19/Sep/2014:04:02:13 +0000] "GET /javascript/DisAppearance.js HTTP/1.1" 304 - 
0:0:0:0:0:0:0:1 -  -  [19/Sep/2014:04:02:13 +0000] "GET /javascript/dis.js HTTP/1.1" 304 - 
0:0:0:0:0:0:0:1 -  -  [19/Sep/2014:04:02:13 +0000] "GET / HTTP/1.1" 101 - 
0:0:0:0:0:0:0:1 -  -  [19/Sep/2014:04:02:17 +0000] "GET / HTTP/1.1" 304 - 
0:0:0:0:0:0:0:1 -  -  [19/Sep/2014:04:02:17 +0000] "GET /javascript/dis.js HTTP/1.1" 304 - 
0:0:0:0:0:0:0:1 -  -  [19/Sep/2014:04:02:17 +0000] "GET /javascript/DisAppearance.js HTTP/1.1" 304 - 
0:0:0:0:0:0:0:1 -  -  [19/Sep/2014:04:02:17 +0000] "GET / HTTP/1.1" 101 - 
0:0:0:0:0:0:0:1 -  -  [19/Sep/2014:04:03:46 +0000] "GET / HTTP/1.1" 304 - 
0:0:0:0:0:0:0:1 -  -  [19/Sep/2014:04:03:46 +0000] "GET /javascript/DisAppearance.js HTTP/1.1" 304 - 
0:0:0:0:0:0:0:1 -  -  [19/Sep/2014:04:03:46 +0000] "GET /javascript/dis.js HTTP/1.1" 304 - 
0:0:0:0:0:0:0:1 -  -  [19/Sep/2014:04:03:46 +0000] "GET / HTTP/1.1" 101 - 
0:0:0:0:0:0:0:1 -  -  [19/Sep/2014:04:06:22 +0000] "GET / HTTP/1.1" 200 18169 
0:0:0:0:0:0:0:1 -  -  [19/Sep/2014:04:06:22 +0000] "GET /javascript/DisAppearance.js HTTP/1.1" 304 - 
0:0:0:0:0:0:0:1 -  -  [19/Sep/2014:04:06:22 +0000] "GET /javascript/dis.js HTTP/1.1" 304 - 
0:0:0:0:0:0:0:1 -  -  [19/Sep/2014:04:06:23 +0000] "GET / HTTP/1.1" 101 - 
