0:0:0:0:0:0:0:1 -  -  [16/Mar/2015:21:05:12 +0000] "GET /x3d1.html HTTP/1.1" 200 4035 
0:0:0:0:0:0:0:1 -  -  [16/Mar/2015:21:05:12 +0000] "GET /x3dom.css HTTP/1.1" 200 6419 
0:0:0:0:0:0:0:1 -  -  [16/Mar/2015:21:05:12 +0000] "GET /javascript/dis.js HTTP/1.1" 200 439889 
0:0:0:0:0:0:0:1 -  -  [16/Mar/2015:21:05:12 +0000] "GET /ammo.js HTTP/1.1" 200 3703336 
0:0:0:0:0:0:0:1 -  -  [16/Mar/2015:21:05:12 +0000] "GET /x3dom-full.debug.js HTTP/1.1" 200 3144665 
0:0:0:0:0:0:0:1 -  -  [16/Mar/2015:21:05:13 +0000] "GET /ammo.js HTTP/1.1" 200 3703336 
0:0:0:0:0:0:0:1 -  -  [16/Mar/2015:21:05:13 +0000] "GET / HTTP/1.1" 101 - 
0:0:0:0:0:0:0:1 -  -  [16/Mar/2015:21:05:35 +0000] "GET /x3d2.html HTTP/1.1" 404 293 
0:0:0:0:0:0:0:1 -  -  [16/Mar/2015:21:05:39 +0000] "GET /x3d1.html HTTP/1.1" 200 4035 
0:0:0:0:0:0:0:1 -  -  [16/Mar/2015:21:05:39 +0000] "GET /x3dom.css HTTP/1.1" 200 6419 
0:0:0:0:0:0:0:1 -  -  [16/Mar/2015:21:05:39 +0000] "GET /javascript/dis.js HTTP/1.1" 200 439889 
0:0:0:0:0:0:0:1 -  -  [16/Mar/2015:21:05:39 +0000] "GET /x3dom-full.debug.js HTTP/1.1" 200 3144665 
0:0:0:0:0:0:0:1 -  -  [16/Mar/2015:21:05:39 +0000] "GET /ammo.js HTTP/1.1" 200 3703336 
0:0:0:0:0:0:0:1 -  -  [16/Mar/2015:21:05:39 +0000] "GET / HTTP/1.1" 101 - 
0:0:0:0:0:0:0:1 -  -  [16/Mar/2015:21:05:46 +0000] "GET /x3d1.html HTTP/1.1" 200 4035 
0:0:0:0:0:0:0:1 -  -  [16/Mar/2015:21:05:46 +0000] "GET /x3dom.css HTTP/1.1" 200 6419 
0:0:0:0:0:0:0:1 -  -  [16/Mar/2015:21:05:46 +0000] "GET /javascript/dis.js HTTP/1.1" 200 439889 
0:0:0:0:0:0:0:1 -  -  [16/Mar/2015:21:05:46 +0000] "GET /x3dom-full.debug.js HTTP/1.1" 200 3144665 
0:0:0:0:0:0:0:1 -  -  [16/Mar/2015:21:05:46 +0000] "GET /ammo.js HTTP/1.1" 200 3703336 
0:0:0:0:0:0:0:1 -  -  [16/Mar/2015:21:05:47 +0000] "GET / HTTP/1.1" 101 - 
0:0:0:0:0:0:0:1 -  -  [16/Mar/2015:21:07:19 +0000] "GET /x3d1.html HTTP/1.1" 200 4035 
0:0:0:0:0:0:0:1 -  -  [16/Mar/2015:21:07:19 +0000] "GET /x3dom.css HTTP/1.1" 200 6419 
0:0:0:0:0:0:0:1 -  -  [16/Mar/2015:21:07:19 +0000] "GET /javascript/dis.js HTTP/1.1" 200 439889 
0:0:0:0:0:0:0:1 -  -  [16/Mar/2015:21:07:19 +0000] "GET /x3dom-full.debug.js HTTP/1.1" 200 3144665 
0:0:0:0:0:0:0:1 -  -  [16/Mar/2015:21:07:19 +0000] "GET /ammo.js HTTP/1.1" 200 3703336 
0:0:0:0:0:0:0:1 -  -  [16/Mar/2015:21:07:20 +0000] "GET / HTTP/1.1" 101 - 
0:0:0:0:0:0:0:1 -  -  [16/Mar/2015:21:07:24 +0000] "GET /x3d1.html HTTP/1.1" 200 4035 
0:0:0:0:0:0:0:1 -  -  [16/Mar/2015:21:07:24 +0000] "GET /x3dom.css HTTP/1.1" 200 6419 
0:0:0:0:0:0:0:1 -  -  [16/Mar/2015:21:07:24 +0000] "GET /javascript/dis.js HTTP/1.1" 200 439889 
0:0:0:0:0:0:0:1 -  -  [16/Mar/2015:21:07:24 +0000] "GET /x3dom-full.debug.js HTTP/1.1" 200 3144665 
0:0:0:0:0:0:0:1 -  -  [16/Mar/2015:21:07:24 +0000] "GET /ammo.js HTTP/1.1" 200 3703336 
0:0:0:0:0:0:0:1 -  -  [16/Mar/2015:21:07:24 +0000] "GET / HTTP/1.1" 101 - 
0:0:0:0:0:0:0:1 -  -  [16/Mar/2015:21:07:37 +0000] "GET /x3d1.html HTTP/1.1" 200 4035 
0:0:0:0:0:0:0:1 -  -  [16/Mar/2015:21:07:37 +0000] "GET /x3dom.css HTTP/1.1" 200 6419 
0:0:0:0:0:0:0:1 -  -  [16/Mar/2015:21:07:37 +0000] "GET /javascript/dis.js HTTP/1.1" 200 439889 
0:0:0:0:0:0:0:1 -  -  [16/Mar/2015:21:07:37 +0000] "GET /x3dom-full.debug.js HTTP/1.1" 200 3144665 
0:0:0:0:0:0:0:1 -  -  [16/Mar/2015:21:07:37 +0000] "GET /ammo.js HTTP/1.1" 200 3703336 
0:0:0:0:0:0:0:1 -  -  [16/Mar/2015:21:07:38 +0000] "GET / HTTP/1.1" 101 - 
0:0:0:0:0:0:0:1 -  -  [16/Mar/2015:21:07:40 +0000] "GET /x3d1.html HTTP/1.1" 200 4035 
0:0:0:0:0:0:0:1 -  -  [16/Mar/2015:21:07:40 +0000] "GET /x3dom.css HTTP/1.1" 200 6419 
0:0:0:0:0:0:0:1 -  -  [16/Mar/2015:21:07:40 +0000] "GET /javascript/dis.js HTTP/1.1" 200 439889 
0:0:0:0:0:0:0:1 -  -  [16/Mar/2015:21:07:40 +0000] "GET /x3dom-full.debug.js HTTP/1.1" 200 3144665 
0:0:0:0:0:0:0:1 -  -  [16/Mar/2015:21:07:40 +0000] "GET /ammo.js HTTP/1.1" 200 3703336 
0:0:0:0:0:0:0:1 -  -  [16/Mar/2015:21:07:41 +0000] "GET / HTTP/1.1" 101 - 
0:0:0:0:0:0:0:1 -  -  [16/Mar/2015:21:07:44 +0000] "GET /x3d1.html HTTP/1.1" 200 4035 
0:0:0:0:0:0:0:1 -  -  [16/Mar/2015:21:07:44 +0000] "GET /x3dom.css HTTP/1.1" 200 6419 
0:0:0:0:0:0:0:1 -  -  [16/Mar/2015:21:07:44 +0000] "GET /javascript/dis.js HTTP/1.1" 200 439889 
0:0:0:0:0:0:0:1 -  -  [16/Mar/2015:21:07:44 +0000] "GET /x3dom-full.debug.js HTTP/1.1" 200 3144665 
0:0:0:0:0:0:0:1 -  -  [16/Mar/2015:21:07:44 +0000] "GET /ammo.js HTTP/1.1" 200 3703336 
0:0:0:0:0:0:0:1 -  -  [16/Mar/2015:21:07:45 +0000] "GET / HTTP/1.1" 101 - 
0:0:0:0:0:0:0:1 -  -  [16/Mar/2015:21:30:09 +0000] "GET /x3d1.html HTTP/1.1" 200 4035 
0:0:0:0:0:0:0:1 -  -  [16/Mar/2015:21:30:09 +0000] "GET /x3dom.css HTTP/1.1" 200 6419 
0:0:0:0:0:0:0:1 -  -  [16/Mar/2015:21:30:09 +0000] "GET /javascript/dis.js HTTP/1.1" 200 439889 
0:0:0:0:0:0:0:1 -  -  [16/Mar/2015:21:30:09 +0000] "GET /x3dom-full.debug.js HTTP/1.1" 200 3144665 
0:0:0:0:0:0:0:1 -  -  [16/Mar/2015:21:30:09 +0000] "GET /ammo.js HTTP/1.1" 200 3703336 
0:0:0:0:0:0:0:1 -  -  [16/Mar/2015:21:30:10 +0000] "GET / HTTP/1.1" 101 - 
0:0:0:0:0:0:0:1 -  -  [16/Mar/2015:21:30:22 +0000] "GET /x3d1.html HTTP/1.1" 200 4035 
0:0:0:0:0:0:0:1 -  -  [16/Mar/2015:21:30:22 +0000] "GET /x3dom.css HTTP/1.1" 200 6419 
0:0:0:0:0:0:0:1 -  -  [16/Mar/2015:21:30:22 +0000] "GET /javascript/dis.js HTTP/1.1" 200 439889 
0:0:0:0:0:0:0:1 -  -  [16/Mar/2015:21:30:22 +0000] "GET /x3dom-full.debug.js HTTP/1.1" 200 3144665 
0:0:0:0:0:0:0:1 -  -  [16/Mar/2015:21:30:22 +0000] "GET /ammo.js HTTP/1.1" 200 3703336 
0:0:0:0:0:0:0:1 -  -  [16/Mar/2015:21:30:23 +0000] "GET / HTTP/1.1" 101 - 
0:0:0:0:0:0:0:1 -  -  [16/Mar/2015:23:03:52 +0000] "GET /x3d1.html HTTP/1.1" 200 4075 
0:0:0:0:0:0:0:1 -  -  [16/Mar/2015:23:03:52 +0000] "GET /x3dom.css HTTP/1.1" 200 6419 
0:0:0:0:0:0:0:1 -  -  [16/Mar/2015:23:03:52 +0000] "GET /javascript/dis.js HTTP/1.1" 200 439889 
0:0:0:0:0:0:0:1 -  -  [16/Mar/2015:23:03:52 +0000] "GET /x3dom-full.debug.js HTTP/1.1" 200 3144665 
0:0:0:0:0:0:0:1 -  -  [16/Mar/2015:23:03:52 +0000] "GET /ammo.js HTTP/1.1" 200 3703336 
0:0:0:0:0:0:0:1 -  -  [16/Mar/2015:23:03:53 +0000] "GET / HTTP/1.1" 101 - 
0:0:0:0:0:0:0:1 -  -  [16/Mar/2015:23:06:45 +0000] "GET /x3d1.html HTTP/1.1" 200 4075 
0:0:0:0:0:0:0:1 -  -  [16/Mar/2015:23:06:45 +0000] "GET /x3dom.css HTTP/1.1" 200 6419 
0:0:0:0:0:0:0:1 -  -  [16/Mar/2015:23:06:45 +0000] "GET /javascript/dis.js HTTP/1.1" 200 439889 
0:0:0:0:0:0:0:1 -  -  [16/Mar/2015:23:06:45 +0000] "GET /x3dom-full.debug.js HTTP/1.1" 200 3144665 
0:0:0:0:0:0:0:1 -  -  [16/Mar/2015:23:06:45 +0000] "GET /ammo.js HTTP/1.1" 200 3703336 
0:0:0:0:0:0:0:1 -  -  [16/Mar/2015:23:06:46 +0000] "GET / HTTP/1.1" 101 - 
0:0:0:0:0:0:0:1 -  -  [16/Mar/2015:23:32:06 +0000] "GET /x3d1.html HTTP/1.1" 200 4226 
0:0:0:0:0:0:0:1 -  -  [16/Mar/2015:23:32:06 +0000] "GET /x3dom.css HTTP/1.1" 200 6419 
0:0:0:0:0:0:0:1 -  -  [16/Mar/2015:23:32:06 +0000] "GET /javascript/dis.js HTTP/1.1" 200 439889 
0:0:0:0:0:0:0:1 -  -  [16/Mar/2015:23:32:06 +0000] "GET /x3dom-full.debug.js HTTP/1.1" 200 3144665 
0:0:0:0:0:0:0:1 -  -  [16/Mar/2015:23:32:06 +0000] "GET /ammo.js HTTP/1.1" 200 3703336 
0:0:0:0:0:0:0:1 -  -  [16/Mar/2015:23:32:07 +0000] "GET / HTTP/1.1" 101 - 
0:0:0:0:0:0:0:1 -  -  [16/Mar/2015:23:34:25 +0000] "GET /x3d1.html HTTP/1.1" 200 4226 
0:0:0:0:0:0:0:1 -  -  [16/Mar/2015:23:34:25 +0000] "GET /x3dom.css HTTP/1.1" 200 6419 
0:0:0:0:0:0:0:1 -  -  [16/Mar/2015:23:34:25 +0000] "GET /javascript/dis.js HTTP/1.1" 200 439889 
0:0:0:0:0:0:0:1 -  -  [16/Mar/2015:23:34:25 +0000] "GET /x3dom-full.debug.js HTTP/1.1" 200 3144665 
0:0:0:0:0:0:0:1 -  -  [16/Mar/2015:23:34:25 +0000] "GET /ammo.js HTTP/1.1" 200 3703336 
0:0:0:0:0:0:0:1 -  -  [16/Mar/2015:23:34:25 +0000] "GET / HTTP/1.1" 101 - 
0:0:0:0:0:0:0:1 -  -  [16/Mar/2015:23:34:31 +0000] "GET /x3dom.css HTTP/1.1" 200 6419 
0:0:0:0:0:0:0:1 -  -  [16/Mar/2015:23:39:51 +0000] "GET /x3d1.html HTTP/1.1" 200 4172 
0:0:0:0:0:0:0:1 -  -  [16/Mar/2015:23:39:52 +0000] "GET /x3dom.css HTTP/1.1" 200 6419 
0:0:0:0:0:0:0:1 -  -  [16/Mar/2015:23:39:52 +0000] "GET /javascript/dis.js HTTP/1.1" 200 439889 
0:0:0:0:0:0:0:1 -  -  [16/Mar/2015:23:39:52 +0000] "GET /x3dom-full.debug.js HTTP/1.1" 200 3144665 
0:0:0:0:0:0:0:1 -  -  [16/Mar/2015:23:39:52 +0000] "GET /ammo.js HTTP/1.1" 200 3703336 
0:0:0:0:0:0:0:1 -  -  [16/Mar/2015:23:39:52 +0000] "GET / HTTP/1.1" 101 - 
0:0:0:0:0:0:0:1 -  -  [16/Mar/2015:23:39:52 +0000] "GET /models/SeaFox.x3d HTTP/1.1" 200 235896 
0:0:0:0:0:0:0:1 -  -  [16/Mar/2015:23:41:58 +0000] "GET /x3d1.html HTTP/1.1" 200 4176 
0:0:0:0:0:0:0:1 -  -  [16/Mar/2015:23:41:58 +0000] "GET /x3dom.css HTTP/1.1" 200 6419 
0:0:0:0:0:0:0:1 -  -  [16/Mar/2015:23:41:58 +0000] "GET /javascript/dis.js HTTP/1.1" 200 439889 
0:0:0:0:0:0:0:1 -  -  [16/Mar/2015:23:41:58 +0000] "GET /x3dom-full.debug.js HTTP/1.1" 200 3144665 
0:0:0:0:0:0:0:1 -  -  [16/Mar/2015:23:41:58 +0000] "GET /ammo.js HTTP/1.1" 200 3703336 
0:0:0:0:0:0:0:1 -  -  [16/Mar/2015:23:41:59 +0000] "GET / HTTP/1.1" 101 - 
0:0:0:0:0:0:0:1 -  -  [16/Mar/2015:23:41:59 +0000] "GET /models/BoatJetSki.x3d HTTP/1.1" 200 22832 
