0:0:0:0:0:0:0:1 -  -  [28/Jan/2016:00:01:05 +0000] "GET /shooting.html HTTP/1.1" 200 3985 
0:0:0:0:0:0:0:1 -  -  [28/Jan/2016:00:01:05 +0000] "GET /javascript/dis.js HTTP/1.1" 200 439889 
0:0:0:0:0:0:0:1 -  -  [28/Jan/2016:00:01:05 +0000] "GET / HTTP/1.1" 101 - 
0:0:0:0:0:0:0:1 -  -  [28/Jan/2016:00:04:52 +0000] "GET /shooting.html HTTP/1.1" 200 4001 
0:0:0:0:0:0:0:1 -  -  [28/Jan/2016:00:04:52 +0000] "GET /javascript/dis.js HTTP/1.1" 200 439889 
0:0:0:0:0:0:0:1 -  -  [28/Jan/2016:00:04:52 +0000] "GET / HTTP/1.1" 101 - 
0:0:0:0:0:0:0:1 -  -  [28/Jan/2016:00:05:28 +0000] "GET /shooting.html HTTP/1.1" 200 3997 
0:0:0:0:0:0:0:1 -  -  [28/Jan/2016:00:05:28 +0000] "GET /javascript/dis.js HTTP/1.1" 200 439889 
0:0:0:0:0:0:0:1 -  -  [28/Jan/2016:00:05:28 +0000] "GET / HTTP/1.1" 101 - 
0:0:0:0:0:0:0:1 -  -  [28/Jan/2016:00:06:05 +0000] "GET /shooting.html HTTP/1.1" 200 4011 
0:0:0:0:0:0:0:1 -  -  [28/Jan/2016:00:06:05 +0000] "GET /javascript/dis.js HTTP/1.1" 200 439889 
0:0:0:0:0:0:0:1 -  -  [28/Jan/2016:00:09:18 +0000] "GET /shooting.html HTTP/1.1" 200 4101 
0:0:0:0:0:0:0:1 -  -  [28/Jan/2016:00:09:18 +0000] "GET /javascript/dis.js HTTP/1.1" 200 439889 
0:0:0:0:0:0:0:1 -  -  [28/Jan/2016:00:09:18 +0000] "GET / HTTP/1.1" 101 - 
0:0:0:0:0:0:0:1 -  -  [28/Jan/2016:00:11:11 +0000] "GET /shooting.html HTTP/1.1" 200 4110 
0:0:0:0:0:0:0:1 -  -  [28/Jan/2016:00:11:11 +0000] "GET /javascript/dis.js HTTP/1.1" 200 439889 
0:0:0:0:0:0:0:1 -  -  [28/Jan/2016:00:11:11 +0000] "GET / HTTP/1.1" 101 - 
0:0:0:0:0:0:0:1 -  -  [28/Jan/2016:00:17:19 +0000] "GET /shooting.html HTTP/1.1" 200 4397 
0:0:0:0:0:0:0:1 -  -  [28/Jan/2016:00:17:20 +0000] "GET /javascript/dis.js HTTP/1.1" 200 439889 
0:0:0:0:0:0:0:1 -  -  [28/Jan/2016:00:17:20 +0000] "GET / HTTP/1.1" 101 - 
0:0:0:0:0:0:0:1 -  -  [28/Jan/2016:00:17:54 +0000] "GET /shooting.html HTTP/1.1" 200 4394 
0:0:0:0:0:0:0:1 -  -  [28/Jan/2016:00:17:55 +0000] "GET /javascript/dis.js HTTP/1.1" 200 439889 
0:0:0:0:0:0:0:1 -  -  [28/Jan/2016:00:17:55 +0000] "GET / HTTP/1.1" 101 - 
0:0:0:0:0:0:0:1 -  -  [28/Jan/2016:00:20:41 +0000] "GET /shooting.html HTTP/1.1" 200 4394 
0:0:0:0:0:0:0:1 -  -  [28/Jan/2016:00:20:41 +0000] "GET /javascript/dis.js HTTP/1.1" 200 439889 
0:0:0:0:0:0:0:1 -  -  [28/Jan/2016:00:20:41 +0000] "GET / HTTP/1.1" 101 - 
0:0:0:0:0:0:0:1 -  -  [28/Jan/2016:00:21:13 +0000] "GET /shooting.html HTTP/1.1" 200 4442 
0:0:0:0:0:0:0:1 -  -  [28/Jan/2016:00:21:13 +0000] "GET /javascript/dis.js HTTP/1.1" 200 439889 
0:0:0:0:0:0:0:1 -  -  [28/Jan/2016:00:21:13 +0000] "GET / HTTP/1.1" 101 - 
0:0:0:0:0:0:0:1 -  -  [28/Jan/2016:00:22:09 +0000] "GET /shooting.html HTTP/1.1" 200 4495 
0:0:0:0:0:0:0:1 -  -  [28/Jan/2016:00:22:09 +0000] "GET /javascript/dis.js HTTP/1.1" 200 439889 
0:0:0:0:0:0:0:1 -  -  [28/Jan/2016:00:22:09 +0000] "GET / HTTP/1.1" 101 - 
0:0:0:0:0:0:0:1 -  -  [28/Jan/2016:00:25:34 +0000] "GET /shooting.html HTTP/1.1" 200 4718 
0:0:0:0:0:0:0:1 -  -  [28/Jan/2016:00:25:34 +0000] "GET /javascript/dis.js HTTP/1.1" 200 439889 
0:0:0:0:0:0:0:1 -  -  [28/Jan/2016:00:25:34 +0000] "GET / HTTP/1.1" 101 - 
0:0:0:0:0:0:0:1 -  -  [28/Jan/2016:00:26:41 +0000] "GET /shooting.html HTTP/1.1" 200 4718 
0:0:0:0:0:0:0:1 -  -  [28/Jan/2016:00:26:41 +0000] "GET /javascript/dis.js HTTP/1.1" 200 439889 
0:0:0:0:0:0:0:1 -  -  [28/Jan/2016:00:26:41 +0000] "GET / HTTP/1.1" 101 - 
0:0:0:0:0:0:0:1 -  -  [28/Jan/2016:00:32:59 +0000] "GET /shooting.html HTTP/1.1" 200 4783 
0:0:0:0:0:0:0:1 -  -  [28/Jan/2016:00:32:59 +0000] "GET /javascript/dis.js HTTP/1.1" 200 439889 
0:0:0:0:0:0:0:1 -  -  [28/Jan/2016:00:32:59 +0000] "GET / HTTP/1.1" 101 - 
0:0:0:0:0:0:0:1 -  -  [28/Jan/2016:00:37:31 +0000] "GET /shooting.html HTTP/1.1" 200 4539 
0:0:0:0:0:0:0:1 -  -  [28/Jan/2016:00:37:31 +0000] "GET /javascript/dis.js HTTP/1.1" 200 439889 
0:0:0:0:0:0:0:1 -  -  [28/Jan/2016:00:37:31 +0000] "GET / HTTP/1.1" 101 - 
0:0:0:0:0:0:0:1 -  -  [28/Jan/2016:18:46:39 +0000] "GET / HTTP/1.1" 200 2973 
0:0:0:0:0:0:0:1 -  -  [28/Jan/2016:21:03:16 +0000] "GET / HTTP/1.1" 200 2973 
0:0:0:0:0:0:0:1 -  -  [28/Jan/2016:21:09:08 +0000] "GET /constructive.html HTTP/1.1" 200 8939 
0:0:0:0:0:0:0:1 -  -  [28/Jan/2016:21:09:08 +0000] "GET /javascript/dis.js HTTP/1.1" 200 439889 
0:0:0:0:0:0:0:1 -  -  [28/Jan/2016:21:09:09 +0000] "GET / HTTP/1.1" 101 - 
0:0:0:0:0:0:0:1 -  -  [28/Jan/2016:21:21:12 +0000] "GET / HTTP/1.1" 200 2973 
0:0:0:0:0:0:0:1 -  -  [28/Jan/2016:21:21:16 +0000] "GET /googleMaps.html HTTP/1.1" 200 20377 
0:0:0:0:0:0:0:1 -  -  [28/Jan/2016:21:21:16 +0000] "GET /javascript/dis.js HTTP/1.1" 200 439889 
0:0:0:0:0:0:0:1 -  -  [28/Jan/2016:21:21:16 +0000] "GET / HTTP/1.1" 101 - 
0:0:0:0:0:0:0:1 -  -  [28/Jan/2016:21:23:30 +0000] "GET / HTTP/1.1" 200 2973 
0:0:0:0:0:0:0:1 -  -  [28/Jan/2016:21:23:34 +0000] "GET /constructive.html HTTP/1.1" 200 8939 
0:0:0:0:0:0:0:1 -  -  [28/Jan/2016:21:23:34 +0000] "GET /javascript/dis.js HTTP/1.1" 200 439889 
0:0:0:0:0:0:0:1 -  -  [28/Jan/2016:21:23:34 +0000] "GET / HTTP/1.1" 101 - 
0:0:0:0:0:0:0:1 -  -  [28/Jan/2016:21:24:14 +0000] "GET /googleMaps.html HTTP/1.1" 200 20377 
0:0:0:0:0:0:0:1 -  -  [28/Jan/2016:21:24:14 +0000] "GET /javascript/dis.js HTTP/1.1" 200 439889 
0:0:0:0:0:0:0:1 -  -  [28/Jan/2016:21:24:15 +0000] "GET / HTTP/1.1" 101 - 
0:0:0:0:0:0:0:1 -  -  [28/Jan/2016:21:38:24 +0000] "GET /googleMaps.html HTTP/1.1" 200 20377 
0:0:0:0:0:0:0:1 -  -  [28/Jan/2016:21:38:24 +0000] "GET /javascript/dis.js HTTP/1.1" 200 439889 
0:0:0:0:0:0:0:1 -  -  [28/Jan/2016:21:38:24 +0000] "GET / HTTP/1.1" 101 - 
0:0:0:0:0:0:0:1 -  -  [28/Jan/2016:21:40:34 +0000] "GET / HTTP/1.1" 200 2973 
0:0:0:0:0:0:0:1 -  -  [28/Jan/2016:21:40:38 +0000] "GET /constructive.html HTTP/1.1" 200 8939 
0:0:0:0:0:0:0:1 -  -  [28/Jan/2016:21:40:38 +0000] "GET /javascript/dis.js HTTP/1.1" 200 439889 
0:0:0:0:0:0:0:1 -  -  [28/Jan/2016:21:40:38 +0000] "GET / HTTP/1.1" 101 - 
