0:0:0:0:0:0:0:1 -  -  [28/Nov/2016:22:16:00 +0000] "GET / HTTP/1.1" 200 3471 
0:0:0:0:0:0:0:1 -  -  [28/Nov/2016:22:16:00 +0000] "GET /favicon.ico HTTP/1.1" 404 295 
0:0:0:0:0:0:0:1 -  -  [28/Nov/2016:22:16:02 +0000] "GET /googleMaps.html HTTP/1.1" 200 12612 
0:0:0:0:0:0:0:1 -  -  [28/Nov/2016:22:16:02 +0000] "GET /javascript/dis.js HTTP/1.1" 200 585180 
0:0:0:0:0:0:0:1 -  -  [28/Nov/2016:22:16:11 +0000] "GET / HTTP/1.1" 101 - 
0:0:0:0:0:0:0:1 -  -  [28/Nov/2016:22:16:27 +0000] "GET / HTTP/1.1" 200 3471 
0:0:0:0:0:0:0:1 -  -  [28/Nov/2016:22:16:29 +0000] "GET /constructive.html HTTP/1.1" 200 12534 
0:0:0:0:0:0:0:1 -  -  [28/Nov/2016:22:16:29 +0000] "GET /javascript/dis.js HTTP/1.1" 200 585180 
0:0:0:0:0:0:0:1 -  -  [28/Nov/2016:22:16:29 +0000] "GET / HTTP/1.1" 101 - 
0:0:0:0:0:0:0:1 -  -  [28/Nov/2016:22:39:41 +0000] "GET /googleMaps.html HTTP/1.1" 200 12612 
0:0:0:0:0:0:0:1 -  -  [28/Nov/2016:22:39:41 +0000] "GET /javascript/dis.js HTTP/1.1" 200 585180 
0:0:0:0:0:0:0:1 -  -  [28/Nov/2016:22:39:41 +0000] "GET / HTTP/1.1" 101 - 
0:0:0:0:0:0:0:1 -  -  [28/Nov/2016:22:42:02 +0000] "GET /googleMaps.html HTTP/1.1" 200 12612 
0:0:0:0:0:0:0:1 -  -  [28/Nov/2016:22:42:02 +0000] "GET /javascript/dis.js HTTP/1.1" 200 585180 
0:0:0:0:0:0:0:1 -  -  [28/Nov/2016:22:42:02 +0000] "GET / HTTP/1.1" 101 - 
0:0:0:0:0:0:0:1 -  -  [28/Nov/2016:22:42:13 +0000] "GET / HTTP/1.1" 200 3471 
0:0:0:0:0:0:0:1 -  -  [28/Nov/2016:22:42:15 +0000] "GET /constructive.html HTTP/1.1" 200 12534 
0:0:0:0:0:0:0:1 -  -  [28/Nov/2016:22:42:15 +0000] "GET /javascript/dis.js HTTP/1.1" 200 585180 
0:0:0:0:0:0:0:1 -  -  [28/Nov/2016:22:42:16 +0000] "GET / HTTP/1.1" 101 - 
0:0:0:0:0:0:0:1 -  -  [28/Nov/2016:22:46:00 +0000] "GET /constructive.html HTTP/1.1" 200 12534 
0:0:0:0:0:0:0:1 -  -  [28/Nov/2016:22:46:00 +0000] "GET /javascript/dis.js HTTP/1.1" 200 585180 
0:0:0:0:0:0:0:1 -  -  [28/Nov/2016:22:46:01 +0000] "GET / HTTP/1.1" 101 - 
0:0:0:0:0:0:0:1 -  -  [28/Nov/2016:22:46:10 +0000] "GET /googleMaps.html HTTP/1.1" 200 12612 
0:0:0:0:0:0:0:1 -  -  [28/Nov/2016:22:46:10 +0000] "GET /javascript/dis.js HTTP/1.1" 200 585180 
0:0:0:0:0:0:0:1 -  -  [28/Nov/2016:22:46:11 +0000] "GET / HTTP/1.1" 101 - 
0:0:0:0:0:0:0:1 -  -  [28/Nov/2016:23:00:26 +0000] "GET / HTTP/1.1" 200 3471 
