0:0:0:0:0:0:0:1 -  -  [30/Aug/2017:04:00:43 +0000] "GET / HTTP/1.1" 200 3471 
0:0:0:0:0:0:0:1 -  -  [30/Aug/2017:04:00:43 +0000] "GET /favicon.ico HTTP/1.1" 404 295 
0:0:0:0:0:0:0:1 -  -  [30/Aug/2017:04:02:33 +0000] "GET /pduFamily HTTP/1.1" 404 293 
0:0:0:0:0:0:0:1 -  -  [30/Aug/2017:04:04:12 +0000] "GET /pduFamily/hierarchy.html HTTP/1.1" 200 4287 
0:0:0:0:0:0:0:1 -  -  [30/Aug/2017:04:05:52 +0000] "GET /pduFamily/hierarchy.html HTTP/1.1" 404 308 
0:0:0:0:0:0:0:1 -  -  [30/Aug/2017:04:05:57 +0000] "GET /pduFamily HTTP/1.1" 302 - 
0:0:0:0:0:0:0:1 -  -  [30/Aug/2017:04:05:57 +0000] "GET /pduFamily/ HTTP/1.1" 200 4244 
0:0:0:0:0:0:0:1 -  -  [30/Aug/2017:04:06:52 +0000] "GET /pduFamily/ HTTP/1.1" 200 4249 
0:0:0:0:0:0:0:1 -  -  [30/Aug/2017:04:07:41 +0000] "GET /pduFamily/ HTTP/1.1" 200 4263 
0:0:0:0:0:0:0:1 -  -  [30/Aug/2017:04:08:23 +0000] "GET /pduFamily/ HTTP/1.1" 200 4264 
0:0:0:0:0:0:0:1 -  -  [30/Aug/2017:04:08:43 +0000] "GET /pduFamily/flare.json HTTP/1.1" 200 11414 
0:0:0:0:0:0:0:1 -  -  [30/Aug/2017:04:09:13 +0000] "GET /pduFamily/ HTTP/1.1" 200 4262 
0:0:0:0:0:0:0:1 -  -  [30/Aug/2017:04:09:39 +0000] "GET /pduFamily/ HTTP/1.1" 200 4269 
0:0:0:0:0:0:0:1 -  -  [30/Aug/2017:04:09:39 +0000] "GET /pduFamily/flare.json HTTP/1.1" 200 11414 
0:0:0:0:0:0:0:1 -  -  [30/Aug/2017:04:21:07 +0000] "GET /pduFamily/ HTTP/1.1" 200 4269 
0:0:0:0:0:0:0:1 -  -  [30/Aug/2017:04:21:07 +0000] "GET /pduFamily/flare.json HTTP/1.1" 200 11432 
0:0:0:0:0:0:0:1 -  -  [30/Aug/2017:04:25:38 +0000] "GET /pduFamily/ HTTP/1.1" 200 4269 
0:0:0:0:0:0:0:1 -  -  [30/Aug/2017:04:25:39 +0000] "GET /pduFamily/flare.json HTTP/1.1" 200 11457 
0:0:0:0:0:0:0:1 -  -  [30/Aug/2017:04:38:59 +0000] "GET /pduFamily/ HTTP/1.1" 200 4269 
0:0:0:0:0:0:0:1 -  -  [30/Aug/2017:04:38:59 +0000] "GET /pduFamily/flare.json HTTP/1.1" 200 11633 
0:0:0:0:0:0:0:1 -  -  [30/Aug/2017:04:39:03 +0000] "GET /pduFamily/ HTTP/1.1" 200 4269 
0:0:0:0:0:0:0:1 -  -  [30/Aug/2017:04:39:03 +0000] "GET /pduFamily/flare.json HTTP/1.1" 200 11633 
0:0:0:0:0:0:0:1 -  -  [30/Aug/2017:04:39:34 +0000] "GET /pduFamily/ HTTP/1.1" 200 4269 
0:0:0:0:0:0:0:1 -  -  [30/Aug/2017:04:39:34 +0000] "GET /pduFamily/flare.json HTTP/1.1" 200 11633 
0:0:0:0:0:0:0:1 -  -  [30/Aug/2017:04:39:59 +0000] "GET /pduFamily/ HTTP/1.1" 200 4269 
0:0:0:0:0:0:0:1 -  -  [30/Aug/2017:04:39:59 +0000] "GET /pduFamily/flare.json HTTP/1.1" 200 11633 
0:0:0:0:0:0:0:1 -  -  [30/Aug/2017:04:41:23 +0000] "GET /pduFamily/ HTTP/1.1" 200 4269 
0:0:0:0:0:0:0:1 -  -  [30/Aug/2017:04:41:23 +0000] "GET /pduFamily/flare.json HTTP/1.1" 200 11633 
0:0:0:0:0:0:0:1 -  -  [30/Aug/2017:04:43:31 +0000] "GET /pduFamily/ HTTP/1.1" 200 4269 
0:0:0:0:0:0:0:1 -  -  [30/Aug/2017:04:43:31 +0000] "GET /pduFamily/flare.json HTTP/1.1" 200 11616 
0:0:0:0:0:0:0:1 -  -  [30/Aug/2017:04:43:57 +0000] "GET /pduFamily/ HTTP/1.1" 200 4269 
0:0:0:0:0:0:0:1 -  -  [30/Aug/2017:04:43:57 +0000] "GET /pduFamily/flare.json HTTP/1.1" 200 11792 
0:0:0:0:0:0:0:1 -  -  [30/Aug/2017:04:44:40 +0000] "GET /pduFamily/ HTTP/1.1" 200 4269 
0:0:0:0:0:0:0:1 -  -  [30/Aug/2017:04:44:40 +0000] "GET /pduFamily/flare.json HTTP/1.1" 200 11460 
0:0:0:0:0:0:0:1 -  -  [30/Aug/2017:04:45:47 +0000] "GET /pduFamily/ HTTP/1.1" 200 4269 
0:0:0:0:0:0:0:1 -  -  [30/Aug/2017:04:45:47 +0000] "GET /pduFamily/flare.json HTTP/1.1" 200 11553 
0:0:0:0:0:0:0:1 -  -  [30/Aug/2017:04:46:44 +0000] "GET /pduFamily/ HTTP/1.1" 200 4269 
0:0:0:0:0:0:0:1 -  -  [30/Aug/2017:04:46:44 +0000] "GET /pduFamily/flare.json HTTP/1.1" 200 11583 
0:0:0:0:0:0:0:1 -  -  [30/Aug/2017:05:00:37 +0000] "GET /pduFamily/ HTTP/1.1" 200 4269 
0:0:0:0:0:0:0:1 -  -  [30/Aug/2017:05:00:37 +0000] "GET /pduFamily/flare.json HTTP/1.1" 200 11507 
0:0:0:0:0:0:0:1 -  -  [30/Aug/2017:05:05:24 +0000] "GET /pduFamily/ HTTP/1.1" 200 4269 
0:0:0:0:0:0:0:1 -  -  [30/Aug/2017:05:05:24 +0000] "GET /pduFamily/flare.json HTTP/1.1" 200 11507 
0:0:0:0:0:0:0:1 -  -  [30/Aug/2017:05:06:06 +0000] "GET /pduFamily/ HTTP/1.1" 200 4269 
0:0:0:0:0:0:0:1 -  -  [30/Aug/2017:05:06:06 +0000] "GET /pduFamily/flare.json HTTP/1.1" 200 11497 
0:0:0:0:0:0:0:1 -  -  [30/Aug/2017:05:44:57 +0000] "GET /pduFamily HTTP/1.1" 302 - 
0:0:0:0:0:0:0:1 -  -  [30/Aug/2017:05:44:57 +0000] "GET /pduFamily/ HTTP/1.1" 200 4269 
0:0:0:0:0:0:0:1 -  -  [30/Aug/2017:05:44:57 +0000] "GET /pduFamily/flare.json HTTP/1.1" 200 11507 
0:0:0:0:0:0:0:1 -  -  [30/Aug/2017:05:49:06 +0000] "GET /pduFamily/ HTTP/1.1" 200 4269 
0:0:0:0:0:0:0:1 -  -  [30/Aug/2017:05:49:06 +0000] "GET /pduFamily/flare.json HTTP/1.1" 200 11505 
0:0:0:0:0:0:0:1 -  -  [30/Aug/2017:15:40:37 +0000] "GET /pduFamily/ HTTP/1.1" 200 4269 
0:0:0:0:0:0:0:1 -  -  [30/Aug/2017:15:40:37 +0000] "GET /pduFamily/flare.json HTTP/1.1" 200 11505 
0:0:0:0:0:0:0:1 -  -  [30/Aug/2017:15:51:40 +0000] "GET /pduFamily/ HTTP/1.1" 200 4269 
0:0:0:0:0:0:0:1 -  -  [30/Aug/2017:15:51:40 +0000] "GET /pduFamily/flare.json HTTP/1.1" 200 467 
0:0:0:0:0:0:0:1 -  -  [30/Aug/2017:15:52:38 +0000] "GET /pduFamily/ HTTP/1.1" 200 4269 
0:0:0:0:0:0:0:1 -  -  [30/Aug/2017:15:52:38 +0000] "GET /pduFamily/flare.json HTTP/1.1" 200 507 
0:0:0:0:0:0:0:1 -  -  [30/Aug/2017:15:52:57 +0000] "GET /pduFamily/ HTTP/1.1" 200 4269 
0:0:0:0:0:0:0:1 -  -  [30/Aug/2017:15:52:57 +0000] "GET /pduFamily/flare.json HTTP/1.1" 200 508 
0:0:0:0:0:0:0:1 -  -  [30/Aug/2017:15:54:26 +0000] "GET /pduFamily/ HTTP/1.1" 200 4269 
0:0:0:0:0:0:0:1 -  -  [30/Aug/2017:15:54:26 +0000] "GET /pduFamily/flare.json HTTP/1.1" 200 551 
0:0:0:0:0:0:0:1 -  -  [30/Aug/2017:15:57:04 +0000] "GET /pduFamily/ HTTP/1.1" 200 4269 
0:0:0:0:0:0:0:1 -  -  [30/Aug/2017:15:57:04 +0000] "GET /pduFamily/flare.json HTTP/1.1" 200 636 
0:0:0:0:0:0:0:1 -  -  [30/Aug/2017:16:25:55 +0000] "GET / HTTP/1.1" 200 3471 
0:0:0:0:0:0:0:1 -  -  [30/Aug/2017:16:26:01 +0000] "GET /pduFamily HTTP/1.1" 302 - 
0:0:0:0:0:0:0:1 -  -  [30/Aug/2017:16:26:01 +0000] "GET /pduFamily/ HTTP/1.1" 200 4269 
0:0:0:0:0:0:0:1 -  -  [30/Aug/2017:16:26:01 +0000] "GET /pduFamily/flare.json HTTP/1.1" 200 836 
0:0:0:0:0:0:0:1 -  -  [30/Aug/2017:16:33:14 +0000] "GET /pduFamily/ HTTP/1.1" 200 4269 
0:0:0:0:0:0:0:1 -  -  [30/Aug/2017:16:33:14 +0000] "GET /pduFamily/flare.json HTTP/1.1" 200 1340 
0:0:0:0:0:0:0:1 -  -  [30/Aug/2017:16:35:19 +0000] "GET /pduFamily/ HTTP/1.1" 200 4269 
0:0:0:0:0:0:0:1 -  -  [30/Aug/2017:16:35:19 +0000] "GET /pduFamily/flare.json HTTP/1.1" 200 1475 
0:0:0:0:0:0:0:1 -  -  [30/Aug/2017:16:37:45 +0000] "GET /pduFamily/ HTTP/1.1" 200 4269 
0:0:0:0:0:0:0:1 -  -  [30/Aug/2017:16:37:45 +0000] "GET /pduFamily/flare.json HTTP/1.1" 200 1485 
0:0:0:0:0:0:0:1 -  -  [30/Aug/2017:16:41:39 +0000] "GET /pduFamily/ HTTP/1.1" 200 4269 
0:0:0:0:0:0:0:1 -  -  [30/Aug/2017:16:41:39 +0000] "GET /pduFamily/flare.json HTTP/1.1" 200 1691 
0:0:0:0:0:0:0:1 -  -  [30/Aug/2017:16:44:55 +0000] "GET /pduFamily/ HTTP/1.1" 200 4269 
0:0:0:0:0:0:0:1 -  -  [30/Aug/2017:16:44:55 +0000] "GET /pduFamily/flare.json HTTP/1.1" 200 1946 
0:0:0:0:0:0:0:1 -  -  [30/Aug/2017:16:49:49 +0000] "GET /pduFamily/ HTTP/1.1" 200 4269 
0:0:0:0:0:0:0:1 -  -  [30/Aug/2017:16:49:49 +0000] "GET /pduFamily/flare.json HTTP/1.1" 200 1916 
0:0:0:0:0:0:0:1 -  -  [30/Aug/2017:16:52:26 +0000] "GET /pduFamily/ HTTP/1.1" 200 4269 
0:0:0:0:0:0:0:1 -  -  [30/Aug/2017:16:52:26 +0000] "GET /pduFamily/flare.json HTTP/1.1" 200 2168 
0:0:0:0:0:0:0:1 -  -  [30/Aug/2017:16:56:18 +0000] "GET /pduFamily/ HTTP/1.1" 200 4269 
0:0:0:0:0:0:0:1 -  -  [30/Aug/2017:16:56:18 +0000] "GET /pduFamily/flare.json HTTP/1.1" 200 2449 
0:0:0:0:0:0:0:1 -  -  [30/Aug/2017:17:49:15 +0000] "GET /pduFamily/ HTTP/1.1" 200 4269 
0:0:0:0:0:0:0:1 -  -  [30/Aug/2017:17:49:15 +0000] "GET /pduFamily/flare.json HTTP/1.1" 200 3048 
0:0:0:0:0:0:0:1 -  -  [30/Aug/2017:17:49:28 +0000] "GET /pduFamily/ HTTP/1.1" 200 4269 
0:0:0:0:0:0:0:1 -  -  [30/Aug/2017:17:49:28 +0000] "GET /pduFamily/flare.json HTTP/1.1" 200 3043 
0:0:0:0:0:0:0:1 -  -  [30/Aug/2017:17:52:16 +0000] "GET /pduFamily/ HTTP/1.1" 200 4269 
0:0:0:0:0:0:0:1 -  -  [30/Aug/2017:17:52:16 +0000] "GET /pduFamily/flare.json HTTP/1.1" 200 3211 
0:0:0:0:0:0:0:1 -  -  [30/Aug/2017:17:53:33 +0000] "GET /pduFamily/ HTTP/1.1" 200 4269 
0:0:0:0:0:0:0:1 -  -  [30/Aug/2017:17:53:33 +0000] "GET /pduFamily/flare.json HTTP/1.1" 200 3211 
0:0:0:0:0:0:0:1 -  -  [30/Aug/2017:18:01:43 +0000] "GET /pduFamily/ HTTP/1.1" 200 4267 
0:0:0:0:0:0:0:1 -  -  [30/Aug/2017:18:01:43 +0000] "GET /pduFamily/pdus.json HTTP/1.1" 200 3201 
